The flag 'directory' used in rule base_recalibrator_report is only valid for outputs, not inputs.
The flag 'directory' used in rule apply_bqsr is only valid for outputs, not inputs.
Building DAG of jobs...
Using shell: /usr/bin/bash
Provided cluster nodes: 300
Job counts:
	count	jobs
	2	calc_rg_checksum
	2	check_fingerprint
	2	collect_aggregated_metrics
	1	main
	7

[Wed Jan 19 18:40:35 2022]
rule collect_aggregated_metrics:
    input: output/final_bam/1102781231.final.bam
    output: output/final_bam/1102781231.final_bam.collect_aggregated_metrics.bait_bias_detail_metrics, output/final_bam/1102781231.final_bam.collect_aggregated_metrics.bait_bias_summary_metrics, output/final_bam/1102781231.final_bam.collect_aggregated_metrics.gc_bias.detail_metrics, output/final_bam/1102781231.final_bam.collect_aggregated_metrics.gc_bias.pdf, output/final_bam/1102781231.final_bam.collect_aggregated_metrics.gc_bias.summary_metrics, output/final_bam/1102781231.final_bam.collect_aggregated_metrics.insert_size_histogram.pdf, output/final_bam/1102781231.final_bam.collect_aggregated_metrics.insert_size_metrics, output/final_bam/1102781231.final_bam.collect_aggregated_metrics.pre_adapter_detail_metrics, output/final_bam/1102781231.final_bam.collect_aggregated_metrics.pre_adapter_summary_metrics, output/final_bam/1102781231.final_bam.collect_aggregated_metrics.quality_distribution.pdf, output/final_bam/1102781231.final_bam.collect_aggregated_metrics.quality_distribution_metrics, output/final_bam/1102781231.final_bam.collect_aggregated_metrics.error_summary_metrics
    jobid: 1
    benchmark: benchmarks/final_bam/1102781231.collect_aggregated_metrics.txt
    wildcards: sample=1102781231


[Wed Jan 19 18:40:35 2022]
rule check_fingerprint:
    input: output/final_bam/1102781231.final.bam
    output: output/final_bam/1102781231.final_bam.fingerprinting_detail_metrics, output/final_bam/1102781231.final_bam.fingerprinting_summary_metrics
    jobid: 5
    benchmark: benchmark/final_bam/1102781231.check_fingerprint.txt
    wildcards: sample=1102781231


[Wed Jan 19 18:40:35 2022]
rule calc_rg_checksum:
    input: output/final_bam/1102781231.final.bam
    output: output/final_bam/1102781231.final_bam.read_group_md5
    jobid: 7
    benchmark: benchmarks/final_bam/1102781231.calculate_rg_checksum.txt
    wildcards: sample=1102781231


[Wed Jan 19 18:40:35 2022]
rule collect_aggregated_metrics:
    input: output/final_bam/1102777134.final.bam
    output: output/final_bam/1102777134.final_bam.collect_aggregated_metrics.bait_bias_detail_metrics, output/final_bam/1102777134.final_bam.collect_aggregated_metrics.bait_bias_summary_metrics, output/final_bam/1102777134.final_bam.collect_aggregated_metrics.gc_bias.detail_metrics, output/final_bam/1102777134.final_bam.collect_aggregated_metrics.gc_bias.pdf, output/final_bam/1102777134.final_bam.collect_aggregated_metrics.gc_bias.summary_metrics, output/final_bam/1102777134.final_bam.collect_aggregated_metrics.insert_size_histogram.pdf, output/final_bam/1102777134.final_bam.collect_aggregated_metrics.insert_size_metrics, output/final_bam/1102777134.final_bam.collect_aggregated_metrics.pre_adapter_detail_metrics, output/final_bam/1102777134.final_bam.collect_aggregated_metrics.pre_adapter_summary_metrics, output/final_bam/1102777134.final_bam.collect_aggregated_metrics.quality_distribution.pdf, output/final_bam/1102777134.final_bam.collect_aggregated_metrics.quality_distribution_metrics, output/final_bam/1102777134.final_bam.collect_aggregated_metrics.error_summary_metrics
    jobid: 2
    benchmark: benchmarks/final_bam/1102777134.collect_aggregated_metrics.txt
    wildcards: sample=1102777134


[Wed Jan 19 18:40:35 2022]
rule check_fingerprint:
    input: output/final_bam/1102777134.final.bam
    output: output/final_bam/1102777134.final_bam.fingerprinting_detail_metrics, output/final_bam/1102777134.final_bam.fingerprinting_summary_metrics
    jobid: 6
    benchmark: benchmark/final_bam/1102777134.check_fingerprint.txt
    wildcards: sample=1102777134


[Wed Jan 19 18:40:35 2022]
rule calc_rg_checksum:
    input: output/final_bam/1102777134.final.bam
    output: output/final_bam/1102777134.final_bam.read_group_md5
    jobid: 8
    benchmark: benchmarks/final_bam/1102777134.calculate_rg_checksum.txt
    wildcards: sample=1102777134

[Wed Jan 19 18:40:55 2022]
Error in rule check_fingerprint:
    jobid: 5
    output: output/final_bam/1102781231.final_bam.fingerprinting_detail_metrics, output/final_bam/1102781231.final_bam.fingerprinting_summary_metrics
    shell:
        
        module load R/3.5.3  gatk/4.2.0.0 java/1.8.0_211 python/3.7.3 picard/2.22.3

        java -Dsamjdk.buffer_size=131072           -XX:GCTimeLimit=50 -XX:GCHeapFreeLimit=10 -Xms2g            -jar $PICARD           CheckFingerprint           INPUT=output/final_bam/1102781231.final.bam           SUMMARY_OUTPUT=output/final_bam/1102781231.final_bam.fingerprinting_summary_metrics           DETAIL_OUTPUT=output/final_bam/1102781231.final_bam.fingerprinting_detail_metrics           GENOTYPES=/sc/arion/projects/MMAAAS/src/gatk-resources/hg38_20201116/hg38/v0/NA12878_NA12878.hg38.reference.fingerprint.vcf           HAPLOTYPE_MAP=/sc/arion/projects/MMAAAS/src/gatk-resources/hg38_20201116/hg38/v0/references-hg38-v0-Homo_sapiens_assembly38.haplotype_database.txt           SAMPLE_ALIAS="1102781231"           IGNORE_READ_GROUPS=true
        
        (one of the commands exited with non-zero exit code; note that snakemake uses bash strict mode!)

Error executing rule check_fingerprint on cluster (jobid: 5, external: 285322, jobscript: /sc/arion/projects/MMAAAS/ngs_res/aaa_pilot_20201113/gatk20220113/.snakemake/tmp.u3x7l9o2/snakejob.check_fingerprint.5.sh). For error details see the cluster log and the log files of the involved rule(s).
[Wed Jan 19 18:40:55 2022]
Finished job 7.
1 of 7 steps (14%) done
[Wed Jan 19 18:40:55 2022]
Error in rule check_fingerprint:
    jobid: 6
    output: output/final_bam/1102777134.final_bam.fingerprinting_detail_metrics, output/final_bam/1102777134.final_bam.fingerprinting_summary_metrics
    shell:
        
        module load R/3.5.3  gatk/4.2.0.0 java/1.8.0_211 python/3.7.3 picard/2.22.3

        java -Dsamjdk.buffer_size=131072           -XX:GCTimeLimit=50 -XX:GCHeapFreeLimit=10 -Xms2g            -jar $PICARD           CheckFingerprint           INPUT=output/final_bam/1102777134.final.bam           SUMMARY_OUTPUT=output/final_bam/1102777134.final_bam.fingerprinting_summary_metrics           DETAIL_OUTPUT=output/final_bam/1102777134.final_bam.fingerprinting_detail_metrics           GENOTYPES=/sc/arion/projects/MMAAAS/src/gatk-resources/hg38_20201116/hg38/v0/NA12878_NA12878.hg38.reference.fingerprint.vcf           HAPLOTYPE_MAP=/sc/arion/projects/MMAAAS/src/gatk-resources/hg38_20201116/hg38/v0/references-hg38-v0-Homo_sapiens_assembly38.haplotype_database.txt           SAMPLE_ALIAS="1102777134"           IGNORE_READ_GROUPS=true
        
        (one of the commands exited with non-zero exit code; note that snakemake uses bash strict mode!)

Error executing rule check_fingerprint on cluster (jobid: 6, external: 285335, jobscript: /sc/arion/projects/MMAAAS/ngs_res/aaa_pilot_20201113/gatk20220113/.snakemake/tmp.u3x7l9o2/snakejob.check_fingerprint.6.sh). For error details see the cluster log and the log files of the involved rule(s).
[Wed Jan 19 18:40:55 2022]
Finished job 8.
2 of 7 steps (29%) done
Terminating processes on user request, this might take some time.
Will exit after finishing currently running jobs.
Complete log: /sc/arion/projects/MMAAAS/ngs_res/aaa_pilot_20201113/gatk20220113/.snakemake/log/2022-01-19T184034.450493.snakemake.log
