The flag 'directory' used in rule base_recalibrator_report is only valid for outputs, not inputs.
The flag 'directory' used in rule apply_bqsr is only valid for outputs, not inputs.
Building DAG of jobs...
Using shell: /usr/bin/bash
Provided cluster nodes: 300
Job counts:
	count	jobs
	52	apply_bqsr
	52	base_recalibrator_report
	2	collect_aggregated_metrics
	2	collect_rg_bam_metrics
	2	gather_bqsr_reports
	2	gather_recal_bams
	1	main
	113

[Tue Jan 18 17:58:39 2022]
rule base_recalibrator_report:
    input: output/sorted_bam/1102781231/
    output: output/recalibrated_bam/1102781231.recal_data_08.csv
    log: logs/recalibrated_bam/1102781231.base_recal_report.gc_log.08.log
    jobid: 14
    benchmark: benchmarks/recalibrated_bam/1102781231.bqsr_report.08.txt
    wildcards: sample=1102781231, intervals=08


[Tue Jan 18 17:58:39 2022]
rule base_recalibrator_report:
    input: output/sorted_bam/1102777134/
    output: output/recalibrated_bam/1102777134.recal_data_04.csv
    log: logs/recalibrated_bam/1102777134.base_recal_report.gc_log.04.log
    jobid: 29
    benchmark: benchmarks/recalibrated_bam/1102777134.bqsr_report.04.txt
    wildcards: sample=1102777134, intervals=04


[Tue Jan 18 17:58:39 2022]
rule base_recalibrator_report:
    input: output/sorted_bam/1102777134/
    output: output/recalibrated_bam/1102777134.recal_data_10.csv
    log: logs/recalibrated_bam/1102777134.base_recal_report.gc_log.10.log
    jobid: 44
    benchmark: benchmarks/recalibrated_bam/1102777134.bqsr_report.10.txt
    wildcards: sample=1102777134, intervals=10


[Tue Jan 18 17:58:39 2022]
rule base_recalibrator_report:
    input: output/sorted_bam/1102781231/
    output: output/recalibrated_bam/1102781231.recal_data_11.csv
    log: logs/recalibrated_bam/1102781231.base_recal_report.gc_log.11.log
    jobid: 7
    benchmark: benchmarks/recalibrated_bam/1102781231.bqsr_report.11.txt
    wildcards: sample=1102781231, intervals=11


[Tue Jan 18 17:58:39 2022]
rule base_recalibrator_report:
    input: output/sorted_bam/1102781231/
    output: output/recalibrated_bam/1102781231.recal_data_16.csv
    log: logs/recalibrated_bam/1102781231.base_recal_report.gc_log.16.log
    jobid: 22
    benchmark: benchmarks/recalibrated_bam/1102781231.bqsr_report.16.txt
    wildcards: sample=1102781231, intervals=16


[Tue Jan 18 17:58:39 2022]
rule base_recalibrator_report:
    input: output/sorted_bam/1102777134/
    output: output/recalibrated_bam/1102777134.recal_data_06.csv
    log: logs/recalibrated_bam/1102777134.base_recal_report.gc_log.06.log
    jobid: 37
    benchmark: benchmarks/recalibrated_bam/1102777134.bqsr_report.06.txt
    wildcards: sample=1102777134, intervals=06


[Tue Jan 18 17:58:39 2022]
rule base_recalibrator_report:
    input: output/sorted_bam/1102777134/
    output: output/recalibrated_bam/1102777134.recal_data_17.csv
    log: logs/recalibrated_bam/1102777134.base_recal_report.gc_log.17.log
    jobid: 52
    benchmark: benchmarks/recalibrated_bam/1102777134.bqsr_report.17.txt
    wildcards: sample=1102777134, intervals=17


[Tue Jan 18 17:58:39 2022]
rule base_recalibrator_report:
    input: output/sorted_bam/1102781231/
    output: output/recalibrated_bam/1102781231.recal_data_05.csv
    log: logs/recalibrated_bam/1102781231.base_recal_report.gc_log.05.log
    jobid: 21
    benchmark: benchmarks/recalibrated_bam/1102781231.bqsr_report.05.txt
    wildcards: sample=1102781231, intervals=05


[Tue Jan 18 17:58:39 2022]
rule base_recalibrator_report:
    input: output/sorted_bam/1102781231/
    output: output/recalibrated_bam/1102781231.recal_data_02.csv
    log: logs/recalibrated_bam/1102781231.base_recal_report.gc_log.02.log
    jobid: 15
    benchmark: benchmarks/recalibrated_bam/1102781231.bqsr_report.02.txt
    wildcards: sample=1102781231, intervals=02


[Tue Jan 18 17:58:39 2022]
rule base_recalibrator_report:
    input: output/sorted_bam/1102777134/
    output: output/recalibrated_bam/1102777134.recal_data_24.csv
    log: logs/recalibrated_bam/1102777134.base_recal_report.gc_log.24.log
    jobid: 30
    benchmark: benchmarks/recalibrated_bam/1102777134.bqsr_report.24.txt
    wildcards: sample=1102777134, intervals=24


[Tue Jan 18 17:58:39 2022]
rule base_recalibrator_report:
    input: output/sorted_bam/1102777134/
    output: output/recalibrated_bam/1102777134.recal_data_03.csv
    log: logs/recalibrated_bam/1102777134.base_recal_report.gc_log.03.log
    jobid: 45
    benchmark: benchmarks/recalibrated_bam/1102777134.bqsr_report.03.txt
    wildcards: sample=1102777134, intervals=03


[Tue Jan 18 17:58:39 2022]
rule base_recalibrator_report:
    input: output/sorted_bam/1102781231/
    output: output/recalibrated_bam/1102781231.recal_data_18.csv
    log: logs/recalibrated_bam/1102781231.base_recal_report.gc_log.18.log
    jobid: 8
    benchmark: benchmarks/recalibrated_bam/1102781231.bqsr_report.18.txt
    wildcards: sample=1102781231, intervals=18


[Tue Jan 18 17:58:39 2022]
rule base_recalibrator_report:
    input: output/sorted_bam/1102781231/
    output: output/recalibrated_bam/1102781231.recal_data_14.csv
    log: logs/recalibrated_bam/1102781231.base_recal_report.gc_log.14.log
    jobid: 23
    benchmark: benchmarks/recalibrated_bam/1102781231.bqsr_report.14.txt
    wildcards: sample=1102781231, intervals=14


[Tue Jan 18 17:58:39 2022]
rule base_recalibrator_report:
    input: output/sorted_bam/1102777134/
    output: output/recalibrated_bam/1102777134.recal_data_12.csv
    log: logs/recalibrated_bam/1102777134.base_recal_report.gc_log.12.log
    jobid: 38
    benchmark: benchmarks/recalibrated_bam/1102777134.bqsr_report.12.txt
    wildcards: sample=1102777134, intervals=12


[Tue Jan 18 17:58:39 2022]
rule base_recalibrator_report:
    input: output/sorted_bam/1102781231/
    output: output/recalibrated_bam/1102781231.recal_data_23.csv
    log: logs/recalibrated_bam/1102781231.base_recal_report.gc_log.23.log
    jobid: 1
    benchmark: benchmarks/recalibrated_bam/1102781231.bqsr_report.23.txt
    wildcards: sample=1102781231, intervals=23


[Tue Jan 18 17:58:39 2022]
rule base_recalibrator_report:
    input: output/sorted_bam/1102781231/
    output: output/recalibrated_bam/1102781231.recal_data_09.csv
    log: logs/recalibrated_bam/1102781231.base_recal_report.gc_log.09.log
    jobid: 16
    benchmark: benchmarks/recalibrated_bam/1102781231.bqsr_report.09.txt
    wildcards: sample=1102781231, intervals=09


[Tue Jan 18 17:58:39 2022]
rule base_recalibrator_report:
    input: output/sorted_bam/1102777134/
    output: output/recalibrated_bam/1102777134.recal_data_25.csv
    log: logs/recalibrated_bam/1102777134.base_recal_report.gc_log.25.log
    jobid: 31
    benchmark: benchmarks/recalibrated_bam/1102777134.bqsr_report.25.txt
    wildcards: sample=1102777134, intervals=25


[Tue Jan 18 17:58:39 2022]
rule base_recalibrator_report:
    input: output/sorted_bam/1102777134/
    output: output/recalibrated_bam/1102777134.recal_data_22.csv
    log: logs/recalibrated_bam/1102777134.base_recal_report.gc_log.22.log
    jobid: 46
    benchmark: benchmarks/recalibrated_bam/1102777134.bqsr_report.22.txt
    wildcards: sample=1102777134, intervals=22


[Tue Jan 18 17:58:39 2022]
rule base_recalibrator_report:
    input: output/sorted_bam/1102781231/
    output: output/recalibrated_bam/1102781231.recal_data_15.csv
    log: logs/recalibrated_bam/1102781231.base_recal_report.gc_log.15.log
    jobid: 9
    benchmark: benchmarks/recalibrated_bam/1102781231.bqsr_report.15.txt
    wildcards: sample=1102781231, intervals=15


[Tue Jan 18 17:58:39 2022]
rule base_recalibrator_report:
    input: output/sorted_bam/1102781231/
    output: output/recalibrated_bam/1102781231.recal_data_01.csv
    log: logs/recalibrated_bam/1102781231.base_recal_report.gc_log.01.log
    jobid: 24
    benchmark: benchmarks/recalibrated_bam/1102781231.bqsr_report.01.txt
    wildcards: sample=1102781231, intervals=01


[Tue Jan 18 17:58:39 2022]
rule base_recalibrator_report:
    input: output/sorted_bam/1102777134/
    output: output/recalibrated_bam/1102777134.recal_data_07.csv
    log: logs/recalibrated_bam/1102777134.base_recal_report.gc_log.07.log
    jobid: 39
    benchmark: benchmarks/recalibrated_bam/1102777134.bqsr_report.07.txt
    wildcards: sample=1102777134, intervals=07


[Tue Jan 18 17:58:39 2022]
rule base_recalibrator_report:
    input: output/sorted_bam/1102781231/
    output: output/recalibrated_bam/1102781231.recal_data_13.csv
    log: logs/recalibrated_bam/1102781231.base_recal_report.gc_log.13.log
    jobid: 2
    benchmark: benchmarks/recalibrated_bam/1102781231.bqsr_report.13.txt
    wildcards: sample=1102781231, intervals=13


[Tue Jan 18 17:58:39 2022]
rule base_recalibrator_report:
    input: output/sorted_bam/1102781231/
    output: output/recalibrated_bam/1102781231.recal_data_00.csv
    log: logs/recalibrated_bam/1102781231.base_recal_report.gc_log.00.log
    jobid: 17
    benchmark: benchmarks/recalibrated_bam/1102781231.bqsr_report.00.txt
    wildcards: sample=1102781231, intervals=00


[Tue Jan 18 17:58:39 2022]
rule base_recalibrator_report:
    input: output/sorted_bam/1102777134/
    output: output/recalibrated_bam/1102777134.recal_data_21.csv
    log: logs/recalibrated_bam/1102777134.base_recal_report.gc_log.21.log
    jobid: 32
    benchmark: benchmarks/recalibrated_bam/1102777134.bqsr_report.21.txt
    wildcards: sample=1102777134, intervals=21


[Tue Jan 18 17:58:39 2022]
rule base_recalibrator_report:
    input: output/sorted_bam/1102777134/
    output: output/recalibrated_bam/1102777134.recal_data_05.csv
    log: logs/recalibrated_bam/1102777134.base_recal_report.gc_log.05.log
    jobid: 47
    benchmark: benchmarks/recalibrated_bam/1102777134.bqsr_report.05.txt
    wildcards: sample=1102777134, intervals=05


[Tue Jan 18 17:58:39 2022]
rule base_recalibrator_report:
    input: output/sorted_bam/1102781231/
    output: output/recalibrated_bam/1102781231.recal_data_20.csv
    log: logs/recalibrated_bam/1102781231.base_recal_report.gc_log.20.log
    jobid: 10
    benchmark: benchmarks/recalibrated_bam/1102781231.bqsr_report.20.txt
    wildcards: sample=1102781231, intervals=20


[Tue Jan 18 17:58:39 2022]
rule base_recalibrator_report:
    input: output/sorted_bam/1102781231/
    output: output/recalibrated_bam/1102781231.recal_data_19.csv
    log: logs/recalibrated_bam/1102781231.base_recal_report.gc_log.19.log
    jobid: 25
    benchmark: benchmarks/recalibrated_bam/1102781231.bqsr_report.19.txt
    wildcards: sample=1102781231, intervals=19


[Tue Jan 18 17:58:39 2022]
rule base_recalibrator_report:
    input: output/sorted_bam/1102777134/
    output: output/recalibrated_bam/1102777134.recal_data_20.csv
    log: logs/recalibrated_bam/1102777134.base_recal_report.gc_log.20.log
    jobid: 36
    benchmark: benchmarks/recalibrated_bam/1102777134.bqsr_report.20.txt
    wildcards: sample=1102777134, intervals=20


[Tue Jan 18 17:58:39 2022]
rule base_recalibrator_report:
    input: output/sorted_bam/1102777134/
    output: output/recalibrated_bam/1102777134.recal_data_08.csv
    log: logs/recalibrated_bam/1102777134.base_recal_report.gc_log.08.log
    jobid: 40
    benchmark: benchmarks/recalibrated_bam/1102777134.bqsr_report.08.txt
    wildcards: sample=1102777134, intervals=08


[Tue Jan 18 17:58:39 2022]
rule base_recalibrator_report:
    input: output/sorted_bam/1102781231/
    output: output/recalibrated_bam/1102781231.recal_data_04.csv
    log: logs/recalibrated_bam/1102781231.base_recal_report.gc_log.04.log
    jobid: 3
    benchmark: benchmarks/recalibrated_bam/1102781231.bqsr_report.04.txt
    wildcards: sample=1102781231, intervals=04


[Tue Jan 18 17:58:39 2022]
rule base_recalibrator_report:
    input: output/sorted_bam/1102781231/
    output: output/recalibrated_bam/1102781231.recal_data_10.csv
    log: logs/recalibrated_bam/1102781231.base_recal_report.gc_log.10.log
    jobid: 18
    benchmark: benchmarks/recalibrated_bam/1102781231.bqsr_report.10.txt
    wildcards: sample=1102781231, intervals=10


[Tue Jan 18 17:58:39 2022]
rule base_recalibrator_report:
    input: output/sorted_bam/1102777134/
    output: output/recalibrated_bam/1102777134.recal_data_11.csv
    log: logs/recalibrated_bam/1102777134.base_recal_report.gc_log.11.log
    jobid: 33
    benchmark: benchmarks/recalibrated_bam/1102777134.bqsr_report.11.txt
    wildcards: sample=1102777134, intervals=11


[Tue Jan 18 17:58:39 2022]
rule base_recalibrator_report:
    input: output/sorted_bam/1102777134/
    output: output/recalibrated_bam/1102777134.recal_data_16.csv
    log: logs/recalibrated_bam/1102777134.base_recal_report.gc_log.16.log
    jobid: 48
    benchmark: benchmarks/recalibrated_bam/1102777134.bqsr_report.16.txt
    wildcards: sample=1102777134, intervals=16


[Tue Jan 18 17:58:39 2022]
rule base_recalibrator_report:
    input: output/sorted_bam/1102781231/
    output: output/recalibrated_bam/1102781231.recal_data_06.csv
    log: logs/recalibrated_bam/1102781231.base_recal_report.gc_log.06.log
    jobid: 11
    benchmark: benchmarks/recalibrated_bam/1102781231.bqsr_report.06.txt
    wildcards: sample=1102781231, intervals=06


[Tue Jan 18 17:58:39 2022]
rule base_recalibrator_report:
    input: output/sorted_bam/1102781231/
    output: output/recalibrated_bam/1102781231.recal_data_17.csv
    log: logs/recalibrated_bam/1102781231.base_recal_report.gc_log.17.log
    jobid: 26
    benchmark: benchmarks/recalibrated_bam/1102781231.bqsr_report.17.txt
    wildcards: sample=1102781231, intervals=17


[Tue Jan 18 17:58:39 2022]
rule base_recalibrator_report:
    input: output/sorted_bam/1102777134/
    output: output/recalibrated_bam/1102777134.recal_data_02.csv
    log: logs/recalibrated_bam/1102777134.base_recal_report.gc_log.02.log
    jobid: 41
    benchmark: benchmarks/recalibrated_bam/1102777134.bqsr_report.02.txt
    wildcards: sample=1102777134, intervals=02


[Tue Jan 18 17:58:39 2022]
rule base_recalibrator_report:
    input: output/sorted_bam/1102781231/
    output: output/recalibrated_bam/1102781231.recal_data_03.csv
    log: logs/recalibrated_bam/1102781231.base_recal_report.gc_log.03.log
    jobid: 19
    benchmark: benchmarks/recalibrated_bam/1102781231.bqsr_report.03.txt
    wildcards: sample=1102781231, intervals=03


[Tue Jan 18 17:58:39 2022]
rule base_recalibrator_report:
    input: output/sorted_bam/1102781231/
    output: output/recalibrated_bam/1102781231.recal_data_24.csv
    log: logs/recalibrated_bam/1102781231.base_recal_report.gc_log.24.log
    jobid: 4
    benchmark: benchmarks/recalibrated_bam/1102781231.bqsr_report.24.txt
    wildcards: sample=1102781231, intervals=24


[Tue Jan 18 17:58:39 2022]
rule base_recalibrator_report:
    input: output/sorted_bam/1102777134/
    output: output/recalibrated_bam/1102777134.recal_data_18.csv
    log: logs/recalibrated_bam/1102777134.base_recal_report.gc_log.18.log
    jobid: 34
    benchmark: benchmarks/recalibrated_bam/1102777134.bqsr_report.18.txt
    wildcards: sample=1102777134, intervals=18


[Tue Jan 18 17:58:39 2022]
rule base_recalibrator_report:
    input: output/sorted_bam/1102777134/
    output: output/recalibrated_bam/1102777134.recal_data_14.csv
    log: logs/recalibrated_bam/1102777134.base_recal_report.gc_log.14.log
    jobid: 49
    benchmark: benchmarks/recalibrated_bam/1102777134.bqsr_report.14.txt
    wildcards: sample=1102777134, intervals=14


[Tue Jan 18 17:58:39 2022]
rule base_recalibrator_report:
    input: output/sorted_bam/1102781231/
    output: output/recalibrated_bam/1102781231.recal_data_12.csv
    log: logs/recalibrated_bam/1102781231.base_recal_report.gc_log.12.log
    jobid: 12
    benchmark: benchmarks/recalibrated_bam/1102781231.bqsr_report.12.txt
    wildcards: sample=1102781231, intervals=12


[Tue Jan 18 17:58:39 2022]
rule base_recalibrator_report:
    input: output/sorted_bam/1102777134/
    output: output/recalibrated_bam/1102777134.recal_data_23.csv
    log: logs/recalibrated_bam/1102777134.base_recal_report.gc_log.23.log
    jobid: 27
    benchmark: benchmarks/recalibrated_bam/1102777134.bqsr_report.23.txt
    wildcards: sample=1102777134, intervals=23


[Tue Jan 18 17:58:39 2022]
rule base_recalibrator_report:
    input: output/sorted_bam/1102777134/
    output: output/recalibrated_bam/1102777134.recal_data_09.csv
    log: logs/recalibrated_bam/1102777134.base_recal_report.gc_log.09.log
    jobid: 42
    benchmark: benchmarks/recalibrated_bam/1102777134.bqsr_report.09.txt
    wildcards: sample=1102777134, intervals=09


[Tue Jan 18 17:58:39 2022]
rule base_recalibrator_report:
    input: output/sorted_bam/1102781231/
    output: output/recalibrated_bam/1102781231.recal_data_25.csv
    log: logs/recalibrated_bam/1102781231.base_recal_report.gc_log.25.log
    jobid: 5
    benchmark: benchmarks/recalibrated_bam/1102781231.bqsr_report.25.txt
    wildcards: sample=1102781231, intervals=25


[Tue Jan 18 17:58:39 2022]
rule base_recalibrator_report:
    input: output/sorted_bam/1102781231/
    output: output/recalibrated_bam/1102781231.recal_data_22.csv
    log: logs/recalibrated_bam/1102781231.base_recal_report.gc_log.22.log
    jobid: 20
    benchmark: benchmarks/recalibrated_bam/1102781231.bqsr_report.22.txt
    wildcards: sample=1102781231, intervals=22


[Tue Jan 18 17:58:39 2022]
rule base_recalibrator_report:
    input: output/sorted_bam/1102777134/
    output: output/recalibrated_bam/1102777134.recal_data_15.csv
    log: logs/recalibrated_bam/1102777134.base_recal_report.gc_log.15.log
    jobid: 35
    benchmark: benchmarks/recalibrated_bam/1102777134.bqsr_report.15.txt
    wildcards: sample=1102777134, intervals=15


[Tue Jan 18 17:58:39 2022]
rule base_recalibrator_report:
    input: output/sorted_bam/1102777134/
    output: output/recalibrated_bam/1102777134.recal_data_01.csv
    log: logs/recalibrated_bam/1102777134.base_recal_report.gc_log.01.log
    jobid: 50
    benchmark: benchmarks/recalibrated_bam/1102777134.bqsr_report.01.txt
    wildcards: sample=1102777134, intervals=01


[Tue Jan 18 17:58:39 2022]
rule base_recalibrator_report:
    input: output/sorted_bam/1102781231/
    output: output/recalibrated_bam/1102781231.recal_data_07.csv
    log: logs/recalibrated_bam/1102781231.base_recal_report.gc_log.07.log
    jobid: 13
    benchmark: benchmarks/recalibrated_bam/1102781231.bqsr_report.07.txt
    wildcards: sample=1102781231, intervals=07


[Tue Jan 18 17:58:39 2022]
rule base_recalibrator_report:
    input: output/sorted_bam/1102777134/
    output: output/recalibrated_bam/1102777134.recal_data_13.csv
    log: logs/recalibrated_bam/1102777134.base_recal_report.gc_log.13.log
    jobid: 28
    benchmark: benchmarks/recalibrated_bam/1102777134.bqsr_report.13.txt
    wildcards: sample=1102777134, intervals=13


[Tue Jan 18 17:58:40 2022]
rule base_recalibrator_report:
    input: output/sorted_bam/1102777134/
    output: output/recalibrated_bam/1102777134.recal_data_00.csv
    log: logs/recalibrated_bam/1102777134.base_recal_report.gc_log.00.log
    jobid: 43
    benchmark: benchmarks/recalibrated_bam/1102777134.bqsr_report.00.txt
    wildcards: sample=1102777134, intervals=00


[Tue Jan 18 17:58:40 2022]
rule base_recalibrator_report:
    input: output/sorted_bam/1102777134/
    output: output/recalibrated_bam/1102777134.recal_data_19.csv
    log: logs/recalibrated_bam/1102777134.base_recal_report.gc_log.19.log
    jobid: 51
    benchmark: benchmarks/recalibrated_bam/1102777134.bqsr_report.19.txt
    wildcards: sample=1102777134, intervals=19


[Tue Jan 18 17:58:40 2022]
rule base_recalibrator_report:
    input: output/sorted_bam/1102781231/
    output: output/recalibrated_bam/1102781231.recal_data_21.csv
    log: logs/recalibrated_bam/1102781231.base_recal_report.gc_log.21.log
    jobid: 6
    benchmark: benchmarks/recalibrated_bam/1102781231.bqsr_report.21.txt
    wildcards: sample=1102781231, intervals=21

[Tue Jan 18 17:59:05 2022]
Finished job 31.
1 of 113 steps (0.88%) done
[Tue Jan 18 17:59:08 2022]
Finished job 5.
2 of 113 steps (2%) done
[Tue Jan 18 17:59:22 2022]
Finished job 4.
3 of 113 steps (3%) done
[Tue Jan 18 18:00:02 2022]
Finished job 30.
4 of 113 steps (4%) done
[Tue Jan 18 18:02:23 2022]
Finished job 46.
5 of 113 steps (4%) done
[Tue Jan 18 18:02:24 2022]
Finished job 32.
6 of 113 steps (5%) done
[Tue Jan 18 18:02:39 2022]
Finished job 20.
7 of 113 steps (6%) done
[Tue Jan 18 18:02:40 2022]
Finished job 6.
8 of 113 steps (7%) done
[Tue Jan 18 18:02:51 2022]
Finished job 17.
9 of 113 steps (8%) done
[Tue Jan 18 18:03:22 2022]
Finished job 43.
10 of 113 steps (9%) done
[Tue Jan 18 18:04:03 2022]
Finished job 25.
11 of 113 steps (10%) done
[Tue Jan 18 18:04:05 2022]
Finished job 51.
12 of 113 steps (11%) done
[Tue Jan 18 18:04:45 2022]
Finished job 36.
13 of 113 steps (12%) done
[Tue Jan 18 18:04:59 2022]
Finished job 10.
14 of 113 steps (12%) done
[Tue Jan 18 18:05:23 2022]
Finished job 52.
15 of 113 steps (13%) done
[Tue Jan 18 18:05:26 2022]
Finished job 35.
16 of 113 steps (14%) done
[Tue Jan 18 18:05:49 2022]
Finished job 8.
17 of 113 steps (15%) done
[Tue Jan 18 18:06:04 2022]
Finished job 48.
18 of 113 steps (16%) done
[Tue Jan 18 18:06:04 2022]
Finished job 26.
19 of 113 steps (17%) done
[Tue Jan 18 18:06:04 2022]
Finished job 34.
20 of 113 steps (18%) done
[Tue Jan 18 18:06:16 2022]
Finished job 9.
21 of 113 steps (19%) done
[Tue Jan 18 18:06:17 2022]
Finished job 27.
22 of 113 steps (19%) done
[Tue Jan 18 18:06:54 2022]
Finished job 22.
23 of 113 steps (20%) done
[Tue Jan 18 18:06:54 2022]
Finished job 23.
24 of 113 steps (21%) done
[Tue Jan 18 18:06:56 2022]
Finished job 49.
25 of 113 steps (22%) done
[Tue Jan 18 18:07:56 2022]
Finished job 2.
26 of 113 steps (23%) done
[Tue Jan 18 18:07:57 2022]
Finished job 28.
27 of 113 steps (24%) done
[Tue Jan 18 18:09:32 2022]
Finished job 16.
28 of 113 steps (25%) done
[Tue Jan 18 18:09:33 2022]
Finished job 42.
29 of 113 steps (26%) done
[Tue Jan 18 18:10:32 2022]
Finished job 44.
30 of 113 steps (27%) done
[Tue Jan 18 18:10:32 2022]
Finished job 7.
31 of 113 steps (27%) done
[Tue Jan 18 18:10:32 2022]
Finished job 38.
32 of 113 steps (28%) done
[Tue Jan 18 18:10:33 2022]
Finished job 33.
33 of 113 steps (29%) done
[Tue Jan 18 18:10:45 2022]
Finished job 18.
34 of 113 steps (30%) done
[Tue Jan 18 18:10:56 2022]
Finished job 12.
35 of 113 steps (31%) done
[Tue Jan 18 18:11:18 2022]
Finished job 40.
36 of 113 steps (32%) done
[Tue Jan 18 18:11:50 2022]
Finished job 14.
37 of 113 steps (33%) done
[Tue Jan 18 18:11:50 2022]
Finished job 1.
38 of 113 steps (34%) done
[Tue Jan 18 18:12:13 2022]
Finished job 13.
39 of 113 steps (35%) done
[Tue Jan 18 18:12:34 2022]
Finished job 39.
40 of 113 steps (35%) done
[Tue Jan 18 18:13:18 2022]
Finished job 37.
41 of 113 steps (36%) done
[Tue Jan 18 18:14:02 2022]
Finished job 47.
42 of 113 steps (37%) done
[Tue Jan 18 18:14:02 2022]
Finished job 11.
43 of 113 steps (38%) done
[Tue Jan 18 18:14:53 2022]
Finished job 29.
44 of 113 steps (39%) done
[Tue Jan 18 18:14:53 2022]
Finished job 21.
45 of 113 steps (40%) done
[Tue Jan 18 18:15:34 2022]
Finished job 45.
46 of 113 steps (41%) done
[Tue Jan 18 18:16:04 2022]
Finished job 3.
47 of 113 steps (42%) done
[Tue Jan 18 18:17:04 2022]
Finished job 19.
48 of 113 steps (42%) done
[Tue Jan 18 18:17:44 2022]
Finished job 50.
49 of 113 steps (43%) done
[Tue Jan 18 18:19:34 2022]
Finished job 24.
50 of 113 steps (44%) done
[Tue Jan 18 18:20:34 2022]
Finished job 41.
51 of 113 steps (45%) done
[Tue Jan 18 18:20:54 2022]
Finished job 15.
52 of 113 steps (46%) done

[Tue Jan 18 18:20:54 2022]
rule gather_bqsr_reports:
    input: output/recalibrated_bam/1102781231.recal_data_23.csv, output/recalibrated_bam/1102781231.recal_data_13.csv, output/recalibrated_bam/1102781231.recal_data_04.csv, output/recalibrated_bam/1102781231.recal_data_24.csv, output/recalibrated_bam/1102781231.recal_data_25.csv, output/recalibrated_bam/1102781231.recal_data_21.csv, output/recalibrated_bam/1102781231.recal_data_11.csv, output/recalibrated_bam/1102781231.recal_data_18.csv, output/recalibrated_bam/1102781231.recal_data_15.csv, output/recalibrated_bam/1102781231.recal_data_20.csv, output/recalibrated_bam/1102781231.recal_data_06.csv, output/recalibrated_bam/1102781231.recal_data_12.csv, output/recalibrated_bam/1102781231.recal_data_07.csv, output/recalibrated_bam/1102781231.recal_data_08.csv, output/recalibrated_bam/1102781231.recal_data_02.csv, output/recalibrated_bam/1102781231.recal_data_09.csv, output/recalibrated_bam/1102781231.recal_data_00.csv, output/recalibrated_bam/1102781231.recal_data_10.csv, output/recalibrated_bam/1102781231.recal_data_03.csv, output/recalibrated_bam/1102781231.recal_data_22.csv, output/recalibrated_bam/1102781231.recal_data_05.csv, output/recalibrated_bam/1102781231.recal_data_16.csv, output/recalibrated_bam/1102781231.recal_data_14.csv, output/recalibrated_bam/1102781231.recal_data_01.csv, output/recalibrated_bam/1102781231.recal_data_19.csv, output/recalibrated_bam/1102781231.recal_data_17.csv, output/recalibrated_bam/1102781231.recal_data_23.csv, output/recalibrated_bam/1102781231.recal_data_13.csv, output/recalibrated_bam/1102781231.recal_data_04.csv, output/recalibrated_bam/1102781231.recal_data_24.csv, output/recalibrated_bam/1102781231.recal_data_25.csv, output/recalibrated_bam/1102781231.recal_data_21.csv, output/recalibrated_bam/1102781231.recal_data_11.csv, output/recalibrated_bam/1102781231.recal_data_18.csv, output/recalibrated_bam/1102781231.recal_data_15.csv, output/recalibrated_bam/1102781231.recal_data_20.csv, output/recalibrated_bam/1102781231.recal_data_06.csv, output/recalibrated_bam/1102781231.recal_data_12.csv, output/recalibrated_bam/1102781231.recal_data_07.csv, output/recalibrated_bam/1102781231.recal_data_08.csv, output/recalibrated_bam/1102781231.recal_data_02.csv, output/recalibrated_bam/1102781231.recal_data_09.csv, output/recalibrated_bam/1102781231.recal_data_00.csv, output/recalibrated_bam/1102781231.recal_data_10.csv, output/recalibrated_bam/1102781231.recal_data_03.csv, output/recalibrated_bam/1102781231.recal_data_22.csv, output/recalibrated_bam/1102781231.recal_data_05.csv, output/recalibrated_bam/1102781231.recal_data_16.csv, output/recalibrated_bam/1102781231.recal_data_14.csv, output/recalibrated_bam/1102781231.recal_data_01.csv, output/recalibrated_bam/1102781231.recal_data_19.csv, output/recalibrated_bam/1102781231.recal_data_17.csv, output/recalibrated_bam/1102781231.recal_data_23.csv, output/recalibrated_bam/1102781231.recal_data_13.csv, output/recalibrated_bam/1102781231.recal_data_04.csv, output/recalibrated_bam/1102781231.recal_data_24.csv, output/recalibrated_bam/1102781231.recal_data_25.csv, output/recalibrated_bam/1102781231.recal_data_21.csv, output/recalibrated_bam/1102781231.recal_data_11.csv, output/recalibrated_bam/1102781231.recal_data_18.csv, output/recalibrated_bam/1102781231.recal_data_15.csv, output/recalibrated_bam/1102781231.recal_data_20.csv, output/recalibrated_bam/1102781231.recal_data_06.csv, output/recalibrated_bam/1102781231.recal_data_12.csv, output/recalibrated_bam/1102781231.recal_data_07.csv, output/recalibrated_bam/1102781231.recal_data_08.csv, output/recalibrated_bam/1102781231.recal_data_02.csv, output/recalibrated_bam/1102781231.recal_data_09.csv, output/recalibrated_bam/1102781231.recal_data_00.csv, output/recalibrated_bam/1102781231.recal_data_10.csv, output/recalibrated_bam/1102781231.recal_data_03.csv, output/recalibrated_bam/1102781231.recal_data_22.csv, output/recalibrated_bam/1102781231.recal_data_05.csv, output/recalibrated_bam/1102781231.recal_data_16.csv, output/recalibrated_bam/1102781231.recal_data_14.csv, output/recalibrated_bam/1102781231.recal_data_01.csv, output/recalibrated_bam/1102781231.recal_data_19.csv, output/recalibrated_bam/1102781231.recal_data_17.csv, output/recalibrated_bam/1102781231.recal_data_23.csv, output/recalibrated_bam/1102781231.recal_data_13.csv, output/recalibrated_bam/1102781231.recal_data_04.csv, output/recalibrated_bam/1102781231.recal_data_24.csv, output/recalibrated_bam/1102781231.recal_data_25.csv, output/recalibrated_bam/1102781231.recal_data_21.csv, output/recalibrated_bam/1102781231.recal_data_11.csv, output/recalibrated_bam/1102781231.recal_data_18.csv, output/recalibrated_bam/1102781231.recal_data_15.csv, output/recalibrated_bam/1102781231.recal_data_20.csv, output/recalibrated_bam/1102781231.recal_data_06.csv, output/recalibrated_bam/1102781231.recal_data_12.csv, output/recalibrated_bam/1102781231.recal_data_07.csv, output/recalibrated_bam/1102781231.recal_data_08.csv, output/recalibrated_bam/1102781231.recal_data_02.csv, output/recalibrated_bam/1102781231.recal_data_09.csv, output/recalibrated_bam/1102781231.recal_data_00.csv, output/recalibrated_bam/1102781231.recal_data_10.csv, output/recalibrated_bam/1102781231.recal_data_03.csv, output/recalibrated_bam/1102781231.recal_data_22.csv, output/recalibrated_bam/1102781231.recal_data_05.csv, output/recalibrated_bam/1102781231.recal_data_16.csv, output/recalibrated_bam/1102781231.recal_data_14.csv, output/recalibrated_bam/1102781231.recal_data_01.csv, output/recalibrated_bam/1102781231.recal_data_19.csv, output/recalibrated_bam/1102781231.recal_data_17.csv, output/recalibrated_bam/1102781231.recal_data_23.csv, output/recalibrated_bam/1102781231.recal_data_13.csv, output/recalibrated_bam/1102781231.recal_data_04.csv, output/recalibrated_bam/1102781231.recal_data_24.csv, output/recalibrated_bam/1102781231.recal_data_25.csv, output/recalibrated_bam/1102781231.recal_data_21.csv, output/recalibrated_bam/1102781231.recal_data_11.csv, output/recalibrated_bam/1102781231.recal_data_18.csv, output/recalibrated_bam/1102781231.recal_data_15.csv, output/recalibrated_bam/1102781231.recal_data_20.csv, output/recalibrated_bam/1102781231.recal_data_06.csv, output/recalibrated_bam/1102781231.recal_data_12.csv, output/recalibrated_bam/1102781231.recal_data_07.csv, output/recalibrated_bam/1102781231.recal_data_08.csv, output/recalibrated_bam/1102781231.recal_data_02.csv, output/recalibrated_bam/1102781231.recal_data_09.csv, output/recalibrated_bam/1102781231.recal_data_00.csv, output/recalibrated_bam/1102781231.recal_data_10.csv, output/recalibrated_bam/1102781231.recal_data_03.csv, output/recalibrated_bam/1102781231.recal_data_22.csv, output/recalibrated_bam/1102781231.recal_data_05.csv, output/recalibrated_bam/1102781231.recal_data_16.csv, output/recalibrated_bam/1102781231.recal_data_14.csv, output/recalibrated_bam/1102781231.recal_data_01.csv, output/recalibrated_bam/1102781231.recal_data_19.csv, output/recalibrated_bam/1102781231.recal_data_17.csv, output/recalibrated_bam/1102777134.recal_data_23.csv, output/recalibrated_bam/1102777134.recal_data_13.csv, output/recalibrated_bam/1102777134.recal_data_04.csv, output/recalibrated_bam/1102777134.recal_data_24.csv, output/recalibrated_bam/1102777134.recal_data_25.csv, output/recalibrated_bam/1102777134.recal_data_21.csv, output/recalibrated_bam/1102777134.recal_data_11.csv, output/recalibrated_bam/1102777134.recal_data_18.csv, output/recalibrated_bam/1102777134.recal_data_15.csv, output/recalibrated_bam/1102777134.recal_data_20.csv, output/recalibrated_bam/1102777134.recal_data_06.csv, output/recalibrated_bam/1102777134.recal_data_12.csv, output/recalibrated_bam/1102777134.recal_data_07.csv, output/recalibrated_bam/1102777134.recal_data_08.csv, output/recalibrated_bam/1102777134.recal_data_02.csv, output/recalibrated_bam/1102777134.recal_data_09.csv, output/recalibrated_bam/1102777134.recal_data_00.csv, output/recalibrated_bam/1102777134.recal_data_10.csv, output/recalibrated_bam/1102777134.recal_data_03.csv, output/recalibrated_bam/1102777134.recal_data_22.csv, output/recalibrated_bam/1102777134.recal_data_05.csv, output/recalibrated_bam/1102777134.recal_data_16.csv, output/recalibrated_bam/1102777134.recal_data_14.csv, output/recalibrated_bam/1102777134.recal_data_01.csv, output/recalibrated_bam/1102777134.recal_data_19.csv, output/recalibrated_bam/1102777134.recal_data_17.csv, output/recalibrated_bam/1102777134.recal_data_23.csv, output/recalibrated_bam/1102777134.recal_data_13.csv, output/recalibrated_bam/1102777134.recal_data_04.csv, output/recalibrated_bam/1102777134.recal_data_24.csv, output/recalibrated_bam/1102777134.recal_data_25.csv, output/recalibrated_bam/1102777134.recal_data_21.csv, output/recalibrated_bam/1102777134.recal_data_11.csv, output/recalibrated_bam/1102777134.recal_data_18.csv, output/recalibrated_bam/1102777134.recal_data_15.csv, output/recalibrated_bam/1102777134.recal_data_20.csv, output/recalibrated_bam/1102777134.recal_data_06.csv, output/recalibrated_bam/1102777134.recal_data_12.csv, output/recalibrated_bam/1102777134.recal_data_07.csv, output/recalibrated_bam/1102777134.recal_data_08.csv, output/recalibrated_bam/1102777134.recal_data_02.csv, output/recalibrated_bam/1102777134.recal_data_09.csv, output/recalibrated_bam/1102777134.recal_data_00.csv, output/recalibrated_bam/1102777134.recal_data_10.csv, output/recalibrated_bam/1102777134.recal_data_03.csv, output/recalibrated_bam/1102777134.recal_data_22.csv, output/recalibrated_bam/1102777134.recal_data_05.csv, output/recalibrated_bam/1102777134.recal_data_16.csv, output/recalibrated_bam/1102777134.recal_data_14.csv, output/recalibrated_bam/1102777134.recal_data_01.csv, output/recalibrated_bam/1102777134.recal_data_19.csv, output/recalibrated_bam/1102777134.recal_data_17.csv, output/recalibrated_bam/1102777134.recal_data_23.csv, output/recalibrated_bam/1102777134.recal_data_13.csv, output/recalibrated_bam/1102777134.recal_data_04.csv, output/recalibrated_bam/1102777134.recal_data_24.csv, output/recalibrated_bam/1102777134.recal_data_25.csv, output/recalibrated_bam/1102777134.recal_data_21.csv, output/recalibrated_bam/1102777134.recal_data_11.csv, output/recalibrated_bam/1102777134.recal_data_18.csv, output/recalibrated_bam/1102777134.recal_data_15.csv, output/recalibrated_bam/1102777134.recal_data_20.csv, output/recalibrated_bam/1102777134.recal_data_06.csv, output/recalibrated_bam/1102777134.recal_data_12.csv, output/recalibrated_bam/1102777134.recal_data_07.csv, output/recalibrated_bam/1102777134.recal_data_08.csv, output/recalibrated_bam/1102777134.recal_data_02.csv, output/recalibrated_bam/1102777134.recal_data_09.csv, output/recalibrated_bam/1102777134.recal_data_00.csv, output/recalibrated_bam/1102777134.recal_data_10.csv, output/recalibrated_bam/1102777134.recal_data_03.csv, output/recalibrated_bam/1102777134.recal_data_22.csv, output/recalibrated_bam/1102777134.recal_data_05.csv, output/recalibrated_bam/1102777134.recal_data_16.csv, output/recalibrated_bam/1102777134.recal_data_14.csv, output/recalibrated_bam/1102777134.recal_data_01.csv, output/recalibrated_bam/1102777134.recal_data_19.csv, output/recalibrated_bam/1102777134.recal_data_17.csv, output/recalibrated_bam/1102777134.recal_data_23.csv, output/recalibrated_bam/1102777134.recal_data_13.csv, output/recalibrated_bam/1102777134.recal_data_04.csv, output/recalibrated_bam/1102777134.recal_data_24.csv, output/recalibrated_bam/1102777134.recal_data_25.csv, output/recalibrated_bam/1102777134.recal_data_21.csv, output/recalibrated_bam/1102777134.recal_data_11.csv, output/recalibrated_bam/1102777134.recal_data_18.csv, output/recalibrated_bam/1102777134.recal_data_15.csv, output/recalibrated_bam/1102777134.recal_data_20.csv, output/recalibrated_bam/1102777134.recal_data_06.csv, output/recalibrated_bam/1102777134.recal_data_12.csv, output/recalibrated_bam/1102777134.recal_data_07.csv, output/recalibrated_bam/1102777134.recal_data_08.csv, output/recalibrated_bam/1102777134.recal_data_02.csv, output/recalibrated_bam/1102777134.recal_data_09.csv, output/recalibrated_bam/1102777134.recal_data_00.csv, output/recalibrated_bam/1102777134.recal_data_10.csv, output/recalibrated_bam/1102777134.recal_data_03.csv, output/recalibrated_bam/1102777134.recal_data_22.csv, output/recalibrated_bam/1102777134.recal_data_05.csv, output/recalibrated_bam/1102777134.recal_data_16.csv, output/recalibrated_bam/1102777134.recal_data_14.csv, output/recalibrated_bam/1102777134.recal_data_01.csv, output/recalibrated_bam/1102777134.recal_data_19.csv, output/recalibrated_bam/1102777134.recal_data_17.csv, output/recalibrated_bam/1102777134.recal_data_23.csv, output/recalibrated_bam/1102777134.recal_data_13.csv, output/recalibrated_bam/1102777134.recal_data_04.csv, output/recalibrated_bam/1102777134.recal_data_24.csv, output/recalibrated_bam/1102777134.recal_data_25.csv, output/recalibrated_bam/1102777134.recal_data_21.csv, output/recalibrated_bam/1102777134.recal_data_11.csv, output/recalibrated_bam/1102777134.recal_data_18.csv, output/recalibrated_bam/1102777134.recal_data_15.csv, output/recalibrated_bam/1102777134.recal_data_20.csv, output/recalibrated_bam/1102777134.recal_data_06.csv, output/recalibrated_bam/1102777134.recal_data_12.csv, output/recalibrated_bam/1102777134.recal_data_07.csv, output/recalibrated_bam/1102777134.recal_data_08.csv, output/recalibrated_bam/1102777134.recal_data_02.csv, output/recalibrated_bam/1102777134.recal_data_09.csv, output/recalibrated_bam/1102777134.recal_data_00.csv, output/recalibrated_bam/1102777134.recal_data_10.csv, output/recalibrated_bam/1102777134.recal_data_03.csv, output/recalibrated_bam/1102777134.recal_data_22.csv, output/recalibrated_bam/1102777134.recal_data_05.csv, output/recalibrated_bam/1102777134.recal_data_16.csv, output/recalibrated_bam/1102777134.recal_data_14.csv, output/recalibrated_bam/1102777134.recal_data_01.csv, output/recalibrated_bam/1102777134.recal_data_19.csv, output/recalibrated_bam/1102777134.recal_data_17.csv
    output: output/recalibrated_bam/1102781231.recal_data.csv
    jobid: 53
    benchmark: benchmarks/recalibrated_bam/1102781231.gather_bqsr_reports.txt
    wildcards: sample=1102781231


[Tue Jan 18 18:20:54 2022]
rule gather_bqsr_reports:
    input: output/recalibrated_bam/1102781231.recal_data_23.csv, output/recalibrated_bam/1102781231.recal_data_13.csv, output/recalibrated_bam/1102781231.recal_data_04.csv, output/recalibrated_bam/1102781231.recal_data_24.csv, output/recalibrated_bam/1102781231.recal_data_25.csv, output/recalibrated_bam/1102781231.recal_data_21.csv, output/recalibrated_bam/1102781231.recal_data_11.csv, output/recalibrated_bam/1102781231.recal_data_18.csv, output/recalibrated_bam/1102781231.recal_data_15.csv, output/recalibrated_bam/1102781231.recal_data_20.csv, output/recalibrated_bam/1102781231.recal_data_06.csv, output/recalibrated_bam/1102781231.recal_data_12.csv, output/recalibrated_bam/1102781231.recal_data_07.csv, output/recalibrated_bam/1102781231.recal_data_08.csv, output/recalibrated_bam/1102781231.recal_data_02.csv, output/recalibrated_bam/1102781231.recal_data_09.csv, output/recalibrated_bam/1102781231.recal_data_00.csv, output/recalibrated_bam/1102781231.recal_data_10.csv, output/recalibrated_bam/1102781231.recal_data_03.csv, output/recalibrated_bam/1102781231.recal_data_22.csv, output/recalibrated_bam/1102781231.recal_data_05.csv, output/recalibrated_bam/1102781231.recal_data_16.csv, output/recalibrated_bam/1102781231.recal_data_14.csv, output/recalibrated_bam/1102781231.recal_data_01.csv, output/recalibrated_bam/1102781231.recal_data_19.csv, output/recalibrated_bam/1102781231.recal_data_17.csv, output/recalibrated_bam/1102781231.recal_data_23.csv, output/recalibrated_bam/1102781231.recal_data_13.csv, output/recalibrated_bam/1102781231.recal_data_04.csv, output/recalibrated_bam/1102781231.recal_data_24.csv, output/recalibrated_bam/1102781231.recal_data_25.csv, output/recalibrated_bam/1102781231.recal_data_21.csv, output/recalibrated_bam/1102781231.recal_data_11.csv, output/recalibrated_bam/1102781231.recal_data_18.csv, output/recalibrated_bam/1102781231.recal_data_15.csv, output/recalibrated_bam/1102781231.recal_data_20.csv, output/recalibrated_bam/1102781231.recal_data_06.csv, output/recalibrated_bam/1102781231.recal_data_12.csv, output/recalibrated_bam/1102781231.recal_data_07.csv, output/recalibrated_bam/1102781231.recal_data_08.csv, output/recalibrated_bam/1102781231.recal_data_02.csv, output/recalibrated_bam/1102781231.recal_data_09.csv, output/recalibrated_bam/1102781231.recal_data_00.csv, output/recalibrated_bam/1102781231.recal_data_10.csv, output/recalibrated_bam/1102781231.recal_data_03.csv, output/recalibrated_bam/1102781231.recal_data_22.csv, output/recalibrated_bam/1102781231.recal_data_05.csv, output/recalibrated_bam/1102781231.recal_data_16.csv, output/recalibrated_bam/1102781231.recal_data_14.csv, output/recalibrated_bam/1102781231.recal_data_01.csv, output/recalibrated_bam/1102781231.recal_data_19.csv, output/recalibrated_bam/1102781231.recal_data_17.csv, output/recalibrated_bam/1102781231.recal_data_23.csv, output/recalibrated_bam/1102781231.recal_data_13.csv, output/recalibrated_bam/1102781231.recal_data_04.csv, output/recalibrated_bam/1102781231.recal_data_24.csv, output/recalibrated_bam/1102781231.recal_data_25.csv, output/recalibrated_bam/1102781231.recal_data_21.csv, output/recalibrated_bam/1102781231.recal_data_11.csv, output/recalibrated_bam/1102781231.recal_data_18.csv, output/recalibrated_bam/1102781231.recal_data_15.csv, output/recalibrated_bam/1102781231.recal_data_20.csv, output/recalibrated_bam/1102781231.recal_data_06.csv, output/recalibrated_bam/1102781231.recal_data_12.csv, output/recalibrated_bam/1102781231.recal_data_07.csv, output/recalibrated_bam/1102781231.recal_data_08.csv, output/recalibrated_bam/1102781231.recal_data_02.csv, output/recalibrated_bam/1102781231.recal_data_09.csv, output/recalibrated_bam/1102781231.recal_data_00.csv, output/recalibrated_bam/1102781231.recal_data_10.csv, output/recalibrated_bam/1102781231.recal_data_03.csv, output/recalibrated_bam/1102781231.recal_data_22.csv, output/recalibrated_bam/1102781231.recal_data_05.csv, output/recalibrated_bam/1102781231.recal_data_16.csv, output/recalibrated_bam/1102781231.recal_data_14.csv, output/recalibrated_bam/1102781231.recal_data_01.csv, output/recalibrated_bam/1102781231.recal_data_19.csv, output/recalibrated_bam/1102781231.recal_data_17.csv, output/recalibrated_bam/1102781231.recal_data_23.csv, output/recalibrated_bam/1102781231.recal_data_13.csv, output/recalibrated_bam/1102781231.recal_data_04.csv, output/recalibrated_bam/1102781231.recal_data_24.csv, output/recalibrated_bam/1102781231.recal_data_25.csv, output/recalibrated_bam/1102781231.recal_data_21.csv, output/recalibrated_bam/1102781231.recal_data_11.csv, output/recalibrated_bam/1102781231.recal_data_18.csv, output/recalibrated_bam/1102781231.recal_data_15.csv, output/recalibrated_bam/1102781231.recal_data_20.csv, output/recalibrated_bam/1102781231.recal_data_06.csv, output/recalibrated_bam/1102781231.recal_data_12.csv, output/recalibrated_bam/1102781231.recal_data_07.csv, output/recalibrated_bam/1102781231.recal_data_08.csv, output/recalibrated_bam/1102781231.recal_data_02.csv, output/recalibrated_bam/1102781231.recal_data_09.csv, output/recalibrated_bam/1102781231.recal_data_00.csv, output/recalibrated_bam/1102781231.recal_data_10.csv, output/recalibrated_bam/1102781231.recal_data_03.csv, output/recalibrated_bam/1102781231.recal_data_22.csv, output/recalibrated_bam/1102781231.recal_data_05.csv, output/recalibrated_bam/1102781231.recal_data_16.csv, output/recalibrated_bam/1102781231.recal_data_14.csv, output/recalibrated_bam/1102781231.recal_data_01.csv, output/recalibrated_bam/1102781231.recal_data_19.csv, output/recalibrated_bam/1102781231.recal_data_17.csv, output/recalibrated_bam/1102781231.recal_data_23.csv, output/recalibrated_bam/1102781231.recal_data_13.csv, output/recalibrated_bam/1102781231.recal_data_04.csv, output/recalibrated_bam/1102781231.recal_data_24.csv, output/recalibrated_bam/1102781231.recal_data_25.csv, output/recalibrated_bam/1102781231.recal_data_21.csv, output/recalibrated_bam/1102781231.recal_data_11.csv, output/recalibrated_bam/1102781231.recal_data_18.csv, output/recalibrated_bam/1102781231.recal_data_15.csv, output/recalibrated_bam/1102781231.recal_data_20.csv, output/recalibrated_bam/1102781231.recal_data_06.csv, output/recalibrated_bam/1102781231.recal_data_12.csv, output/recalibrated_bam/1102781231.recal_data_07.csv, output/recalibrated_bam/1102781231.recal_data_08.csv, output/recalibrated_bam/1102781231.recal_data_02.csv, output/recalibrated_bam/1102781231.recal_data_09.csv, output/recalibrated_bam/1102781231.recal_data_00.csv, output/recalibrated_bam/1102781231.recal_data_10.csv, output/recalibrated_bam/1102781231.recal_data_03.csv, output/recalibrated_bam/1102781231.recal_data_22.csv, output/recalibrated_bam/1102781231.recal_data_05.csv, output/recalibrated_bam/1102781231.recal_data_16.csv, output/recalibrated_bam/1102781231.recal_data_14.csv, output/recalibrated_bam/1102781231.recal_data_01.csv, output/recalibrated_bam/1102781231.recal_data_19.csv, output/recalibrated_bam/1102781231.recal_data_17.csv, output/recalibrated_bam/1102777134.recal_data_23.csv, output/recalibrated_bam/1102777134.recal_data_13.csv, output/recalibrated_bam/1102777134.recal_data_04.csv, output/recalibrated_bam/1102777134.recal_data_24.csv, output/recalibrated_bam/1102777134.recal_data_25.csv, output/recalibrated_bam/1102777134.recal_data_21.csv, output/recalibrated_bam/1102777134.recal_data_11.csv, output/recalibrated_bam/1102777134.recal_data_18.csv, output/recalibrated_bam/1102777134.recal_data_15.csv, output/recalibrated_bam/1102777134.recal_data_20.csv, output/recalibrated_bam/1102777134.recal_data_06.csv, output/recalibrated_bam/1102777134.recal_data_12.csv, output/recalibrated_bam/1102777134.recal_data_07.csv, output/recalibrated_bam/1102777134.recal_data_08.csv, output/recalibrated_bam/1102777134.recal_data_02.csv, output/recalibrated_bam/1102777134.recal_data_09.csv, output/recalibrated_bam/1102777134.recal_data_00.csv, output/recalibrated_bam/1102777134.recal_data_10.csv, output/recalibrated_bam/1102777134.recal_data_03.csv, output/recalibrated_bam/1102777134.recal_data_22.csv, output/recalibrated_bam/1102777134.recal_data_05.csv, output/recalibrated_bam/1102777134.recal_data_16.csv, output/recalibrated_bam/1102777134.recal_data_14.csv, output/recalibrated_bam/1102777134.recal_data_01.csv, output/recalibrated_bam/1102777134.recal_data_19.csv, output/recalibrated_bam/1102777134.recal_data_17.csv, output/recalibrated_bam/1102777134.recal_data_23.csv, output/recalibrated_bam/1102777134.recal_data_13.csv, output/recalibrated_bam/1102777134.recal_data_04.csv, output/recalibrated_bam/1102777134.recal_data_24.csv, output/recalibrated_bam/1102777134.recal_data_25.csv, output/recalibrated_bam/1102777134.recal_data_21.csv, output/recalibrated_bam/1102777134.recal_data_11.csv, output/recalibrated_bam/1102777134.recal_data_18.csv, output/recalibrated_bam/1102777134.recal_data_15.csv, output/recalibrated_bam/1102777134.recal_data_20.csv, output/recalibrated_bam/1102777134.recal_data_06.csv, output/recalibrated_bam/1102777134.recal_data_12.csv, output/recalibrated_bam/1102777134.recal_data_07.csv, output/recalibrated_bam/1102777134.recal_data_08.csv, output/recalibrated_bam/1102777134.recal_data_02.csv, output/recalibrated_bam/1102777134.recal_data_09.csv, output/recalibrated_bam/1102777134.recal_data_00.csv, output/recalibrated_bam/1102777134.recal_data_10.csv, output/recalibrated_bam/1102777134.recal_data_03.csv, output/recalibrated_bam/1102777134.recal_data_22.csv, output/recalibrated_bam/1102777134.recal_data_05.csv, output/recalibrated_bam/1102777134.recal_data_16.csv, output/recalibrated_bam/1102777134.recal_data_14.csv, output/recalibrated_bam/1102777134.recal_data_01.csv, output/recalibrated_bam/1102777134.recal_data_19.csv, output/recalibrated_bam/1102777134.recal_data_17.csv, output/recalibrated_bam/1102777134.recal_data_23.csv, output/recalibrated_bam/1102777134.recal_data_13.csv, output/recalibrated_bam/1102777134.recal_data_04.csv, output/recalibrated_bam/1102777134.recal_data_24.csv, output/recalibrated_bam/1102777134.recal_data_25.csv, output/recalibrated_bam/1102777134.recal_data_21.csv, output/recalibrated_bam/1102777134.recal_data_11.csv, output/recalibrated_bam/1102777134.recal_data_18.csv, output/recalibrated_bam/1102777134.recal_data_15.csv, output/recalibrated_bam/1102777134.recal_data_20.csv, output/recalibrated_bam/1102777134.recal_data_06.csv, output/recalibrated_bam/1102777134.recal_data_12.csv, output/recalibrated_bam/1102777134.recal_data_07.csv, output/recalibrated_bam/1102777134.recal_data_08.csv, output/recalibrated_bam/1102777134.recal_data_02.csv, output/recalibrated_bam/1102777134.recal_data_09.csv, output/recalibrated_bam/1102777134.recal_data_00.csv, output/recalibrated_bam/1102777134.recal_data_10.csv, output/recalibrated_bam/1102777134.recal_data_03.csv, output/recalibrated_bam/1102777134.recal_data_22.csv, output/recalibrated_bam/1102777134.recal_data_05.csv, output/recalibrated_bam/1102777134.recal_data_16.csv, output/recalibrated_bam/1102777134.recal_data_14.csv, output/recalibrated_bam/1102777134.recal_data_01.csv, output/recalibrated_bam/1102777134.recal_data_19.csv, output/recalibrated_bam/1102777134.recal_data_17.csv, output/recalibrated_bam/1102777134.recal_data_23.csv, output/recalibrated_bam/1102777134.recal_data_13.csv, output/recalibrated_bam/1102777134.recal_data_04.csv, output/recalibrated_bam/1102777134.recal_data_24.csv, output/recalibrated_bam/1102777134.recal_data_25.csv, output/recalibrated_bam/1102777134.recal_data_21.csv, output/recalibrated_bam/1102777134.recal_data_11.csv, output/recalibrated_bam/1102777134.recal_data_18.csv, output/recalibrated_bam/1102777134.recal_data_15.csv, output/recalibrated_bam/1102777134.recal_data_20.csv, output/recalibrated_bam/1102777134.recal_data_06.csv, output/recalibrated_bam/1102777134.recal_data_12.csv, output/recalibrated_bam/1102777134.recal_data_07.csv, output/recalibrated_bam/1102777134.recal_data_08.csv, output/recalibrated_bam/1102777134.recal_data_02.csv, output/recalibrated_bam/1102777134.recal_data_09.csv, output/recalibrated_bam/1102777134.recal_data_00.csv, output/recalibrated_bam/1102777134.recal_data_10.csv, output/recalibrated_bam/1102777134.recal_data_03.csv, output/recalibrated_bam/1102777134.recal_data_22.csv, output/recalibrated_bam/1102777134.recal_data_05.csv, output/recalibrated_bam/1102777134.recal_data_16.csv, output/recalibrated_bam/1102777134.recal_data_14.csv, output/recalibrated_bam/1102777134.recal_data_01.csv, output/recalibrated_bam/1102777134.recal_data_19.csv, output/recalibrated_bam/1102777134.recal_data_17.csv, output/recalibrated_bam/1102777134.recal_data_23.csv, output/recalibrated_bam/1102777134.recal_data_13.csv, output/recalibrated_bam/1102777134.recal_data_04.csv, output/recalibrated_bam/1102777134.recal_data_24.csv, output/recalibrated_bam/1102777134.recal_data_25.csv, output/recalibrated_bam/1102777134.recal_data_21.csv, output/recalibrated_bam/1102777134.recal_data_11.csv, output/recalibrated_bam/1102777134.recal_data_18.csv, output/recalibrated_bam/1102777134.recal_data_15.csv, output/recalibrated_bam/1102777134.recal_data_20.csv, output/recalibrated_bam/1102777134.recal_data_06.csv, output/recalibrated_bam/1102777134.recal_data_12.csv, output/recalibrated_bam/1102777134.recal_data_07.csv, output/recalibrated_bam/1102777134.recal_data_08.csv, output/recalibrated_bam/1102777134.recal_data_02.csv, output/recalibrated_bam/1102777134.recal_data_09.csv, output/recalibrated_bam/1102777134.recal_data_00.csv, output/recalibrated_bam/1102777134.recal_data_10.csv, output/recalibrated_bam/1102777134.recal_data_03.csv, output/recalibrated_bam/1102777134.recal_data_22.csv, output/recalibrated_bam/1102777134.recal_data_05.csv, output/recalibrated_bam/1102777134.recal_data_16.csv, output/recalibrated_bam/1102777134.recal_data_14.csv, output/recalibrated_bam/1102777134.recal_data_01.csv, output/recalibrated_bam/1102777134.recal_data_19.csv, output/recalibrated_bam/1102777134.recal_data_17.csv
    output: output/recalibrated_bam/1102777134.recal_data.csv
    jobid: 54
    benchmark: benchmarks/recalibrated_bam/1102777134.gather_bqsr_reports.txt
    wildcards: sample=1102777134

[Tue Jan 18 18:21:04 2022]
Error in rule gather_bqsr_reports:
    jobid: 53
    output: output/recalibrated_bam/1102781231.recal_data.csv
    shell:
        
        module load R/3.5.3  gatk/4.2.0.0 java/1.8.0_211 python/3.7.3 picard/2.22.3
        input=$(cat output/recalibrated_bam/1102781231.recal_data_23.csv output/recalibrated_bam/1102781231.recal_data_13.csv output/recalibrated_bam/1102781231.recal_data_04.csv output/recalibrated_bam/1102781231.recal_data_24.csv output/recalibrated_bam/1102781231.recal_data_25.csv output/recalibrated_bam/1102781231.recal_data_21.csv output/recalibrated_bam/1102781231.recal_data_11.csv output/recalibrated_bam/1102781231.recal_data_18.csv output/recalibrated_bam/1102781231.recal_data_15.csv output/recalibrated_bam/1102781231.recal_data_20.csv output/recalibrated_bam/1102781231.recal_data_06.csv output/recalibrated_bam/1102781231.recal_data_12.csv output/recalibrated_bam/1102781231.recal_data_07.csv output/recalibrated_bam/1102781231.recal_data_08.csv output/recalibrated_bam/1102781231.recal_data_02.csv output/recalibrated_bam/1102781231.recal_data_09.csv output/recalibrated_bam/1102781231.recal_data_00.csv output/recalibrated_bam/1102781231.recal_data_10.csv output/recalibrated_bam/1102781231.recal_data_03.csv output/recalibrated_bam/1102781231.recal_data_22.csv output/recalibrated_bam/1102781231.recal_data_05.csv output/recalibrated_bam/1102781231.recal_data_16.csv output/recalibrated_bam/1102781231.recal_data_14.csv output/recalibrated_bam/1102781231.recal_data_01.csv output/recalibrated_bam/1102781231.recal_data_19.csv output/recalibrated_bam/1102781231.recal_data_17.csv output/recalibrated_bam/1102781231.recal_data_23.csv output/recalibrated_bam/1102781231.recal_data_13.csv output/recalibrated_bam/1102781231.recal_data_04.csv output/recalibrated_bam/1102781231.recal_data_24.csv output/recalibrated_bam/1102781231.recal_data_25.csv output/recalibrated_bam/1102781231.recal_data_21.csv output/recalibrated_bam/1102781231.recal_data_11.csv output/recalibrated_bam/1102781231.recal_data_18.csv output/recalibrated_bam/1102781231.recal_data_15.csv output/recalibrated_bam/1102781231.recal_data_20.csv output/recalibrated_bam/1102781231.recal_data_06.csv output/recalibrated_bam/1102781231.recal_data_12.csv output/recalibrated_bam/1102781231.recal_data_07.csv output/recalibrated_bam/1102781231.recal_data_08.csv output/recalibrated_bam/1102781231.recal_data_02.csv output/recalibrated_bam/1102781231.recal_data_09.csv output/recalibrated_bam/1102781231.recal_data_00.csv output/recalibrated_bam/1102781231.recal_data_10.csv output/recalibrated_bam/1102781231.recal_data_03.csv output/recalibrated_bam/1102781231.recal_data_22.csv output/recalibrated_bam/1102781231.recal_data_05.csv output/recalibrated_bam/1102781231.recal_data_16.csv output/recalibrated_bam/1102781231.recal_data_14.csv output/recalibrated_bam/1102781231.recal_data_01.csv output/recalibrated_bam/1102781231.recal_data_19.csv output/recalibrated_bam/1102781231.recal_data_17.csv output/recalibrated_bam/1102781231.recal_data_23.csv output/recalibrated_bam/1102781231.recal_data_13.csv output/recalibrated_bam/1102781231.recal_data_04.csv output/recalibrated_bam/1102781231.recal_data_24.csv output/recalibrated_bam/1102781231.recal_data_25.csv output/recalibrated_bam/1102781231.recal_data_21.csv output/recalibrated_bam/1102781231.recal_data_11.csv output/recalibrated_bam/1102781231.recal_data_18.csv output/recalibrated_bam/1102781231.recal_data_15.csv output/recalibrated_bam/1102781231.recal_data_20.csv output/recalibrated_bam/1102781231.recal_data_06.csv output/recalibrated_bam/1102781231.recal_data_12.csv output/recalibrated_bam/1102781231.recal_data_07.csv output/recalibrated_bam/1102781231.recal_data_08.csv output/recalibrated_bam/1102781231.recal_data_02.csv output/recalibrated_bam/1102781231.recal_data_09.csv output/recalibrated_bam/1102781231.recal_data_00.csv output/recalibrated_bam/1102781231.recal_data_10.csv output/recalibrated_bam/1102781231.recal_data_03.csv output/recalibrated_bam/1102781231.recal_data_22.csv output/recalibrated_bam/1102781231.recal_data_05.csv output/recalibrated_bam/1102781231.recal_data_16.csv output/recalibrated_bam/1102781231.recal_data_14.csv output/recalibrated_bam/1102781231.recal_data_01.csv output/recalibrated_bam/1102781231.recal_data_19.csv output/recalibrated_bam/1102781231.recal_data_17.csv output/recalibrated_bam/1102781231.recal_data_23.csv output/recalibrated_bam/1102781231.recal_data_13.csv output/recalibrated_bam/1102781231.recal_data_04.csv output/recalibrated_bam/1102781231.recal_data_24.csv output/recalibrated_bam/1102781231.recal_data_25.csv output/recalibrated_bam/1102781231.recal_data_21.csv output/recalibrated_bam/1102781231.recal_data_11.csv output/recalibrated_bam/1102781231.recal_data_18.csv output/recalibrated_bam/1102781231.recal_data_15.csv output/recalibrated_bam/1102781231.recal_data_20.csv output/recalibrated_bam/1102781231.recal_data_06.csv output/recalibrated_bam/1102781231.recal_data_12.csv output/recalibrated_bam/1102781231.recal_data_07.csv output/recalibrated_bam/1102781231.recal_data_08.csv output/recalibrated_bam/1102781231.recal_data_02.csv output/recalibrated_bam/1102781231.recal_data_09.csv output/recalibrated_bam/1102781231.recal_data_00.csv output/recalibrated_bam/1102781231.recal_data_10.csv output/recalibrated_bam/1102781231.recal_data_03.csv output/recalibrated_bam/1102781231.recal_data_22.csv output/recalibrated_bam/1102781231.recal_data_05.csv output/recalibrated_bam/1102781231.recal_data_16.csv output/recalibrated_bam/1102781231.recal_data_14.csv output/recalibrated_bam/1102781231.recal_data_01.csv output/recalibrated_bam/1102781231.recal_data_19.csv output/recalibrated_bam/1102781231.recal_data_17.csv output/recalibrated_bam/1102781231.recal_data_23.csv output/recalibrated_bam/1102781231.recal_data_13.csv output/recalibrated_bam/1102781231.recal_data_04.csv output/recalibrated_bam/1102781231.recal_data_24.csv output/recalibrated_bam/1102781231.recal_data_25.csv output/recalibrated_bam/1102781231.recal_data_21.csv output/recalibrated_bam/1102781231.recal_data_11.csv output/recalibrated_bam/1102781231.recal_data_18.csv output/recalibrated_bam/1102781231.recal_data_15.csv output/recalibrated_bam/1102781231.recal_data_20.csv output/recalibrated_bam/1102781231.recal_data_06.csv output/recalibrated_bam/1102781231.recal_data_12.csv output/recalibrated_bam/1102781231.recal_data_07.csv output/recalibrated_bam/1102781231.recal_data_08.csv output/recalibrated_bam/1102781231.recal_data_02.csv output/recalibrated_bam/1102781231.recal_data_09.csv output/recalibrated_bam/1102781231.recal_data_00.csv output/recalibrated_bam/1102781231.recal_data_10.csv output/recalibrated_bam/1102781231.recal_data_03.csv output/recalibrated_bam/1102781231.recal_data_22.csv output/recalibrated_bam/1102781231.recal_data_05.csv output/recalibrated_bam/1102781231.recal_data_16.csv output/recalibrated_bam/1102781231.recal_data_14.csv output/recalibrated_bam/1102781231.recal_data_01.csv output/recalibrated_bam/1102781231.recal_data_19.csv output/recalibrated_bam/1102781231.recal_data_17.csv output/recalibrated_bam/1102777134.recal_data_23.csv output/recalibrated_bam/1102777134.recal_data_13.csv output/recalibrated_bam/1102777134.recal_data_04.csv output/recalibrated_bam/1102777134.recal_data_24.csv output/recalibrated_bam/1102777134.recal_data_25.csv output/recalibrated_bam/1102777134.recal_data_21.csv output/recalibrated_bam/1102777134.recal_data_11.csv output/recalibrated_bam/1102777134.recal_data_18.csv output/recalibrated_bam/1102777134.recal_data_15.csv output/recalibrated_bam/1102777134.recal_data_20.csv output/recalibrated_bam/1102777134.recal_data_06.csv output/recalibrated_bam/1102777134.recal_data_12.csv output/recalibrated_bam/1102777134.recal_data_07.csv output/recalibrated_bam/1102777134.recal_data_08.csv output/recalibrated_bam/1102777134.recal_data_02.csv output/recalibrated_bam/1102777134.recal_data_09.csv output/recalibrated_bam/1102777134.recal_data_00.csv output/recalibrated_bam/1102777134.recal_data_10.csv output/recalibrated_bam/1102777134.recal_data_03.csv output/recalibrated_bam/1102777134.recal_data_22.csv output/recalibrated_bam/1102777134.recal_data_05.csv output/recalibrated_bam/1102777134.recal_data_16.csv output/recalibrated_bam/1102777134.recal_data_14.csv output/recalibrated_bam/1102777134.recal_data_01.csv output/recalibrated_bam/1102777134.recal_data_19.csv output/recalibrated_bam/1102777134.recal_data_17.csv output/recalibrated_bam/1102777134.recal_data_23.csv output/recalibrated_bam/1102777134.recal_data_13.csv output/recalibrated_bam/1102777134.recal_data_04.csv output/recalibrated_bam/1102777134.recal_data_24.csv output/recalibrated_bam/1102777134.recal_data_25.csv output/recalibrated_bam/1102777134.recal_data_21.csv output/recalibrated_bam/1102777134.recal_data_11.csv output/recalibrated_bam/1102777134.recal_data_18.csv output/recalibrated_bam/1102777134.recal_data_15.csv output/recalibrated_bam/1102777134.recal_data_20.csv output/recalibrated_bam/1102777134.recal_data_06.csv output/recalibrated_bam/1102777134.recal_data_12.csv output/recalibrated_bam/1102777134.recal_data_07.csv output/recalibrated_bam/1102777134.recal_data_08.csv output/recalibrated_bam/1102777134.recal_data_02.csv output/recalibrated_bam/1102777134.recal_data_09.csv output/recalibrated_bam/1102777134.recal_data_00.csv output/recalibrated_bam/1102777134.recal_data_10.csv output/recalibrated_bam/1102777134.recal_data_03.csv output/recalibrated_bam/1102777134.recal_data_22.csv output/recalibrated_bam/1102777134.recal_data_05.csv output/recalibrated_bam/1102777134.recal_data_16.csv output/recalibrated_bam/1102777134.recal_data_14.csv output/recalibrated_bam/1102777134.recal_data_01.csv output/recalibrated_bam/1102777134.recal_data_19.csv output/recalibrated_bam/1102777134.recal_data_17.csv output/recalibrated_bam/1102777134.recal_data_23.csv output/recalibrated_bam/1102777134.recal_data_13.csv output/recalibrated_bam/1102777134.recal_data_04.csv output/recalibrated_bam/1102777134.recal_data_24.csv output/recalibrated_bam/1102777134.recal_data_25.csv output/recalibrated_bam/1102777134.recal_data_21.csv output/recalibrated_bam/1102777134.recal_data_11.csv output/recalibrated_bam/1102777134.recal_data_18.csv output/recalibrated_bam/1102777134.recal_data_15.csv output/recalibrated_bam/1102777134.recal_data_20.csv output/recalibrated_bam/1102777134.recal_data_06.csv output/recalibrated_bam/1102777134.recal_data_12.csv output/recalibrated_bam/1102777134.recal_data_07.csv output/recalibrated_bam/1102777134.recal_data_08.csv output/recalibrated_bam/1102777134.recal_data_02.csv output/recalibrated_bam/1102777134.recal_data_09.csv output/recalibrated_bam/1102777134.recal_data_00.csv output/recalibrated_bam/1102777134.recal_data_10.csv output/recalibrated_bam/1102777134.recal_data_03.csv output/recalibrated_bam/1102777134.recal_data_22.csv output/recalibrated_bam/1102777134.recal_data_05.csv output/recalibrated_bam/1102777134.recal_data_16.csv output/recalibrated_bam/1102777134.recal_data_14.csv output/recalibrated_bam/1102777134.recal_data_01.csv output/recalibrated_bam/1102777134.recal_data_19.csv output/recalibrated_bam/1102777134.recal_data_17.csv output/recalibrated_bam/1102777134.recal_data_23.csv output/recalibrated_bam/1102777134.recal_data_13.csv output/recalibrated_bam/1102777134.recal_data_04.csv output/recalibrated_bam/1102777134.recal_data_24.csv output/recalibrated_bam/1102777134.recal_data_25.csv output/recalibrated_bam/1102777134.recal_data_21.csv output/recalibrated_bam/1102777134.recal_data_11.csv output/recalibrated_bam/1102777134.recal_data_18.csv output/recalibrated_bam/1102777134.recal_data_15.csv output/recalibrated_bam/1102777134.recal_data_20.csv output/recalibrated_bam/1102777134.recal_data_06.csv output/recalibrated_bam/1102777134.recal_data_12.csv output/recalibrated_bam/1102777134.recal_data_07.csv output/recalibrated_bam/1102777134.recal_data_08.csv output/recalibrated_bam/1102777134.recal_data_02.csv output/recalibrated_bam/1102777134.recal_data_09.csv output/recalibrated_bam/1102777134.recal_data_00.csv output/recalibrated_bam/1102777134.recal_data_10.csv output/recalibrated_bam/1102777134.recal_data_03.csv output/recalibrated_bam/1102777134.recal_data_22.csv output/recalibrated_bam/1102777134.recal_data_05.csv output/recalibrated_bam/1102777134.recal_data_16.csv output/recalibrated_bam/1102777134.recal_data_14.csv output/recalibrated_bam/1102777134.recal_data_01.csv output/recalibrated_bam/1102777134.recal_data_19.csv output/recalibrated_bam/1102777134.recal_data_17.csv output/recalibrated_bam/1102777134.recal_data_23.csv output/recalibrated_bam/1102777134.recal_data_13.csv output/recalibrated_bam/1102777134.recal_data_04.csv output/recalibrated_bam/1102777134.recal_data_24.csv output/recalibrated_bam/1102777134.recal_data_25.csv output/recalibrated_bam/1102777134.recal_data_21.csv output/recalibrated_bam/1102777134.recal_data_11.csv output/recalibrated_bam/1102777134.recal_data_18.csv output/recalibrated_bam/1102777134.recal_data_15.csv output/recalibrated_bam/1102777134.recal_data_20.csv output/recalibrated_bam/1102777134.recal_data_06.csv output/recalibrated_bam/1102777134.recal_data_12.csv output/recalibrated_bam/1102777134.recal_data_07.csv output/recalibrated_bam/1102777134.recal_data_08.csv output/recalibrated_bam/1102777134.recal_data_02.csv output/recalibrated_bam/1102777134.recal_data_09.csv output/recalibrated_bam/1102777134.recal_data_00.csv output/recalibrated_bam/1102777134.recal_data_10.csv output/recalibrated_bam/1102777134.recal_data_03.csv output/recalibrated_bam/1102777134.recal_data_22.csv output/recalibrated_bam/1102777134.recal_data_05.csv output/recalibrated_bam/1102777134.recal_data_16.csv output/recalibrated_bam/1102777134.recal_data_14.csv output/recalibrated_bam/1102777134.recal_data_01.csv output/recalibrated_bam/1102777134.recal_data_19.csv output/recalibrated_bam/1102777134.recal_data_17.csv | grep 1102781231 |sed 's/output/-I output/g')
        GatherBQSRReports          -I $input          -O output/recalibrated_bam/1102781231.recal_data.csv
        
        (one of the commands exited with non-zero exit code; note that snakemake uses bash strict mode!)

Error executing rule gather_bqsr_reports on cluster (jobid: 53, external: 206017, jobscript: /sc/arion/projects/MMAAAS/ngs_res/aaa_pilot_20201113/gatk20220113/.snakemake/tmp.xx27i0uz/snakejob.gather_bqsr_reports.53.sh). For error details see the cluster log and the log files of the involved rule(s).
[Tue Jan 18 18:21:04 2022]
Error in rule gather_bqsr_reports:
    jobid: 54
    output: output/recalibrated_bam/1102777134.recal_data.csv
    shell:
        
        module load R/3.5.3  gatk/4.2.0.0 java/1.8.0_211 python/3.7.3 picard/2.22.3
        input=$(cat output/recalibrated_bam/1102781231.recal_data_23.csv output/recalibrated_bam/1102781231.recal_data_13.csv output/recalibrated_bam/1102781231.recal_data_04.csv output/recalibrated_bam/1102781231.recal_data_24.csv output/recalibrated_bam/1102781231.recal_data_25.csv output/recalibrated_bam/1102781231.recal_data_21.csv output/recalibrated_bam/1102781231.recal_data_11.csv output/recalibrated_bam/1102781231.recal_data_18.csv output/recalibrated_bam/1102781231.recal_data_15.csv output/recalibrated_bam/1102781231.recal_data_20.csv output/recalibrated_bam/1102781231.recal_data_06.csv output/recalibrated_bam/1102781231.recal_data_12.csv output/recalibrated_bam/1102781231.recal_data_07.csv output/recalibrated_bam/1102781231.recal_data_08.csv output/recalibrated_bam/1102781231.recal_data_02.csv output/recalibrated_bam/1102781231.recal_data_09.csv output/recalibrated_bam/1102781231.recal_data_00.csv output/recalibrated_bam/1102781231.recal_data_10.csv output/recalibrated_bam/1102781231.recal_data_03.csv output/recalibrated_bam/1102781231.recal_data_22.csv output/recalibrated_bam/1102781231.recal_data_05.csv output/recalibrated_bam/1102781231.recal_data_16.csv output/recalibrated_bam/1102781231.recal_data_14.csv output/recalibrated_bam/1102781231.recal_data_01.csv output/recalibrated_bam/1102781231.recal_data_19.csv output/recalibrated_bam/1102781231.recal_data_17.csv output/recalibrated_bam/1102781231.recal_data_23.csv output/recalibrated_bam/1102781231.recal_data_13.csv output/recalibrated_bam/1102781231.recal_data_04.csv output/recalibrated_bam/1102781231.recal_data_24.csv output/recalibrated_bam/1102781231.recal_data_25.csv output/recalibrated_bam/1102781231.recal_data_21.csv output/recalibrated_bam/1102781231.recal_data_11.csv output/recalibrated_bam/1102781231.recal_data_18.csv output/recalibrated_bam/1102781231.recal_data_15.csv output/recalibrated_bam/1102781231.recal_data_20.csv output/recalibrated_bam/1102781231.recal_data_06.csv output/recalibrated_bam/1102781231.recal_data_12.csv output/recalibrated_bam/1102781231.recal_data_07.csv output/recalibrated_bam/1102781231.recal_data_08.csv output/recalibrated_bam/1102781231.recal_data_02.csv output/recalibrated_bam/1102781231.recal_data_09.csv output/recalibrated_bam/1102781231.recal_data_00.csv output/recalibrated_bam/1102781231.recal_data_10.csv output/recalibrated_bam/1102781231.recal_data_03.csv output/recalibrated_bam/1102781231.recal_data_22.csv output/recalibrated_bam/1102781231.recal_data_05.csv output/recalibrated_bam/1102781231.recal_data_16.csv output/recalibrated_bam/1102781231.recal_data_14.csv output/recalibrated_bam/1102781231.recal_data_01.csv output/recalibrated_bam/1102781231.recal_data_19.csv output/recalibrated_bam/1102781231.recal_data_17.csv output/recalibrated_bam/1102781231.recal_data_23.csv output/recalibrated_bam/1102781231.recal_data_13.csv output/recalibrated_bam/1102781231.recal_data_04.csv output/recalibrated_bam/1102781231.recal_data_24.csv output/recalibrated_bam/1102781231.recal_data_25.csv output/recalibrated_bam/1102781231.recal_data_21.csv output/recalibrated_bam/1102781231.recal_data_11.csv output/recalibrated_bam/1102781231.recal_data_18.csv output/recalibrated_bam/1102781231.recal_data_15.csv output/recalibrated_bam/1102781231.recal_data_20.csv output/recalibrated_bam/1102781231.recal_data_06.csv output/recalibrated_bam/1102781231.recal_data_12.csv output/recalibrated_bam/1102781231.recal_data_07.csv output/recalibrated_bam/1102781231.recal_data_08.csv output/recalibrated_bam/1102781231.recal_data_02.csv output/recalibrated_bam/1102781231.recal_data_09.csv output/recalibrated_bam/1102781231.recal_data_00.csv output/recalibrated_bam/1102781231.recal_data_10.csv output/recalibrated_bam/1102781231.recal_data_03.csv output/recalibrated_bam/1102781231.recal_data_22.csv output/recalibrated_bam/1102781231.recal_data_05.csv output/recalibrated_bam/1102781231.recal_data_16.csv output/recalibrated_bam/1102781231.recal_data_14.csv output/recalibrated_bam/1102781231.recal_data_01.csv output/recalibrated_bam/1102781231.recal_data_19.csv output/recalibrated_bam/1102781231.recal_data_17.csv output/recalibrated_bam/1102781231.recal_data_23.csv output/recalibrated_bam/1102781231.recal_data_13.csv output/recalibrated_bam/1102781231.recal_data_04.csv output/recalibrated_bam/1102781231.recal_data_24.csv output/recalibrated_bam/1102781231.recal_data_25.csv output/recalibrated_bam/1102781231.recal_data_21.csv output/recalibrated_bam/1102781231.recal_data_11.csv output/recalibrated_bam/1102781231.recal_data_18.csv output/recalibrated_bam/1102781231.recal_data_15.csv output/recalibrated_bam/1102781231.recal_data_20.csv output/recalibrated_bam/1102781231.recal_data_06.csv output/recalibrated_bam/1102781231.recal_data_12.csv output/recalibrated_bam/1102781231.recal_data_07.csv output/recalibrated_bam/1102781231.recal_data_08.csv output/recalibrated_bam/1102781231.recal_data_02.csv output/recalibrated_bam/1102781231.recal_data_09.csv output/recalibrated_bam/1102781231.recal_data_00.csv output/recalibrated_bam/1102781231.recal_data_10.csv output/recalibrated_bam/1102781231.recal_data_03.csv output/recalibrated_bam/1102781231.recal_data_22.csv output/recalibrated_bam/1102781231.recal_data_05.csv output/recalibrated_bam/1102781231.recal_data_16.csv output/recalibrated_bam/1102781231.recal_data_14.csv output/recalibrated_bam/1102781231.recal_data_01.csv output/recalibrated_bam/1102781231.recal_data_19.csv output/recalibrated_bam/1102781231.recal_data_17.csv output/recalibrated_bam/1102781231.recal_data_23.csv output/recalibrated_bam/1102781231.recal_data_13.csv output/recalibrated_bam/1102781231.recal_data_04.csv output/recalibrated_bam/1102781231.recal_data_24.csv output/recalibrated_bam/1102781231.recal_data_25.csv output/recalibrated_bam/1102781231.recal_data_21.csv output/recalibrated_bam/1102781231.recal_data_11.csv output/recalibrated_bam/1102781231.recal_data_18.csv output/recalibrated_bam/1102781231.recal_data_15.csv output/recalibrated_bam/1102781231.recal_data_20.csv output/recalibrated_bam/1102781231.recal_data_06.csv output/recalibrated_bam/1102781231.recal_data_12.csv output/recalibrated_bam/1102781231.recal_data_07.csv output/recalibrated_bam/1102781231.recal_data_08.csv output/recalibrated_bam/1102781231.recal_data_02.csv output/recalibrated_bam/1102781231.recal_data_09.csv output/recalibrated_bam/1102781231.recal_data_00.csv output/recalibrated_bam/1102781231.recal_data_10.csv output/recalibrated_bam/1102781231.recal_data_03.csv output/recalibrated_bam/1102781231.recal_data_22.csv output/recalibrated_bam/1102781231.recal_data_05.csv output/recalibrated_bam/1102781231.recal_data_16.csv output/recalibrated_bam/1102781231.recal_data_14.csv output/recalibrated_bam/1102781231.recal_data_01.csv output/recalibrated_bam/1102781231.recal_data_19.csv output/recalibrated_bam/1102781231.recal_data_17.csv output/recalibrated_bam/1102777134.recal_data_23.csv output/recalibrated_bam/1102777134.recal_data_13.csv output/recalibrated_bam/1102777134.recal_data_04.csv output/recalibrated_bam/1102777134.recal_data_24.csv output/recalibrated_bam/1102777134.recal_data_25.csv output/recalibrated_bam/1102777134.recal_data_21.csv output/recalibrated_bam/1102777134.recal_data_11.csv output/recalibrated_bam/1102777134.recal_data_18.csv output/recalibrated_bam/1102777134.recal_data_15.csv output/recalibrated_bam/1102777134.recal_data_20.csv output/recalibrated_bam/1102777134.recal_data_06.csv output/recalibrated_bam/1102777134.recal_data_12.csv output/recalibrated_bam/1102777134.recal_data_07.csv output/recalibrated_bam/1102777134.recal_data_08.csv output/recalibrated_bam/1102777134.recal_data_02.csv output/recalibrated_bam/1102777134.recal_data_09.csv output/recalibrated_bam/1102777134.recal_data_00.csv output/recalibrated_bam/1102777134.recal_data_10.csv output/recalibrated_bam/1102777134.recal_data_03.csv output/recalibrated_bam/1102777134.recal_data_22.csv output/recalibrated_bam/1102777134.recal_data_05.csv output/recalibrated_bam/1102777134.recal_data_16.csv output/recalibrated_bam/1102777134.recal_data_14.csv output/recalibrated_bam/1102777134.recal_data_01.csv output/recalibrated_bam/1102777134.recal_data_19.csv output/recalibrated_bam/1102777134.recal_data_17.csv output/recalibrated_bam/1102777134.recal_data_23.csv output/recalibrated_bam/1102777134.recal_data_13.csv output/recalibrated_bam/1102777134.recal_data_04.csv output/recalibrated_bam/1102777134.recal_data_24.csv output/recalibrated_bam/1102777134.recal_data_25.csv output/recalibrated_bam/1102777134.recal_data_21.csv output/recalibrated_bam/1102777134.recal_data_11.csv output/recalibrated_bam/1102777134.recal_data_18.csv output/recalibrated_bam/1102777134.recal_data_15.csv output/recalibrated_bam/1102777134.recal_data_20.csv output/recalibrated_bam/1102777134.recal_data_06.csv output/recalibrated_bam/1102777134.recal_data_12.csv output/recalibrated_bam/1102777134.recal_data_07.csv output/recalibrated_bam/1102777134.recal_data_08.csv output/recalibrated_bam/1102777134.recal_data_02.csv output/recalibrated_bam/1102777134.recal_data_09.csv output/recalibrated_bam/1102777134.recal_data_00.csv output/recalibrated_bam/1102777134.recal_data_10.csv output/recalibrated_bam/1102777134.recal_data_03.csv output/recalibrated_bam/1102777134.recal_data_22.csv output/recalibrated_bam/1102777134.recal_data_05.csv output/recalibrated_bam/1102777134.recal_data_16.csv output/recalibrated_bam/1102777134.recal_data_14.csv output/recalibrated_bam/1102777134.recal_data_01.csv output/recalibrated_bam/1102777134.recal_data_19.csv output/recalibrated_bam/1102777134.recal_data_17.csv output/recalibrated_bam/1102777134.recal_data_23.csv output/recalibrated_bam/1102777134.recal_data_13.csv output/recalibrated_bam/1102777134.recal_data_04.csv output/recalibrated_bam/1102777134.recal_data_24.csv output/recalibrated_bam/1102777134.recal_data_25.csv output/recalibrated_bam/1102777134.recal_data_21.csv output/recalibrated_bam/1102777134.recal_data_11.csv output/recalibrated_bam/1102777134.recal_data_18.csv output/recalibrated_bam/1102777134.recal_data_15.csv output/recalibrated_bam/1102777134.recal_data_20.csv output/recalibrated_bam/1102777134.recal_data_06.csv output/recalibrated_bam/1102777134.recal_data_12.csv output/recalibrated_bam/1102777134.recal_data_07.csv output/recalibrated_bam/1102777134.recal_data_08.csv output/recalibrated_bam/1102777134.recal_data_02.csv output/recalibrated_bam/1102777134.recal_data_09.csv output/recalibrated_bam/1102777134.recal_data_00.csv output/recalibrated_bam/1102777134.recal_data_10.csv output/recalibrated_bam/1102777134.recal_data_03.csv output/recalibrated_bam/1102777134.recal_data_22.csv output/recalibrated_bam/1102777134.recal_data_05.csv output/recalibrated_bam/1102777134.recal_data_16.csv output/recalibrated_bam/1102777134.recal_data_14.csv output/recalibrated_bam/1102777134.recal_data_01.csv output/recalibrated_bam/1102777134.recal_data_19.csv output/recalibrated_bam/1102777134.recal_data_17.csv output/recalibrated_bam/1102777134.recal_data_23.csv output/recalibrated_bam/1102777134.recal_data_13.csv output/recalibrated_bam/1102777134.recal_data_04.csv output/recalibrated_bam/1102777134.recal_data_24.csv output/recalibrated_bam/1102777134.recal_data_25.csv output/recalibrated_bam/1102777134.recal_data_21.csv output/recalibrated_bam/1102777134.recal_data_11.csv output/recalibrated_bam/1102777134.recal_data_18.csv output/recalibrated_bam/1102777134.recal_data_15.csv output/recalibrated_bam/1102777134.recal_data_20.csv output/recalibrated_bam/1102777134.recal_data_06.csv output/recalibrated_bam/1102777134.recal_data_12.csv output/recalibrated_bam/1102777134.recal_data_07.csv output/recalibrated_bam/1102777134.recal_data_08.csv output/recalibrated_bam/1102777134.recal_data_02.csv output/recalibrated_bam/1102777134.recal_data_09.csv output/recalibrated_bam/1102777134.recal_data_00.csv output/recalibrated_bam/1102777134.recal_data_10.csv output/recalibrated_bam/1102777134.recal_data_03.csv output/recalibrated_bam/1102777134.recal_data_22.csv output/recalibrated_bam/1102777134.recal_data_05.csv output/recalibrated_bam/1102777134.recal_data_16.csv output/recalibrated_bam/1102777134.recal_data_14.csv output/recalibrated_bam/1102777134.recal_data_01.csv output/recalibrated_bam/1102777134.recal_data_19.csv output/recalibrated_bam/1102777134.recal_data_17.csv output/recalibrated_bam/1102777134.recal_data_23.csv output/recalibrated_bam/1102777134.recal_data_13.csv output/recalibrated_bam/1102777134.recal_data_04.csv output/recalibrated_bam/1102777134.recal_data_24.csv output/recalibrated_bam/1102777134.recal_data_25.csv output/recalibrated_bam/1102777134.recal_data_21.csv output/recalibrated_bam/1102777134.recal_data_11.csv output/recalibrated_bam/1102777134.recal_data_18.csv output/recalibrated_bam/1102777134.recal_data_15.csv output/recalibrated_bam/1102777134.recal_data_20.csv output/recalibrated_bam/1102777134.recal_data_06.csv output/recalibrated_bam/1102777134.recal_data_12.csv output/recalibrated_bam/1102777134.recal_data_07.csv output/recalibrated_bam/1102777134.recal_data_08.csv output/recalibrated_bam/1102777134.recal_data_02.csv output/recalibrated_bam/1102777134.recal_data_09.csv output/recalibrated_bam/1102777134.recal_data_00.csv output/recalibrated_bam/1102777134.recal_data_10.csv output/recalibrated_bam/1102777134.recal_data_03.csv output/recalibrated_bam/1102777134.recal_data_22.csv output/recalibrated_bam/1102777134.recal_data_05.csv output/recalibrated_bam/1102777134.recal_data_16.csv output/recalibrated_bam/1102777134.recal_data_14.csv output/recalibrated_bam/1102777134.recal_data_01.csv output/recalibrated_bam/1102777134.recal_data_19.csv output/recalibrated_bam/1102777134.recal_data_17.csv | grep 1102777134 |sed 's/output/-I output/g')
        GatherBQSRReports          -I $input          -O output/recalibrated_bam/1102777134.recal_data.csv
        
        (one of the commands exited with non-zero exit code; note that snakemake uses bash strict mode!)

Error executing rule gather_bqsr_reports on cluster (jobid: 54, external: 206018, jobscript: /sc/arion/projects/MMAAAS/ngs_res/aaa_pilot_20201113/gatk20220113/.snakemake/tmp.xx27i0uz/snakejob.gather_bqsr_reports.54.sh). For error details see the cluster log and the log files of the involved rule(s).
Shutting down, this might take some time.
Exiting because a job execution failed. Look above for error message
Complete log: /sc/arion/projects/MMAAAS/ngs_res/aaa_pilot_20201113/gatk20220113/.snakemake/log/2022-01-18T175838.954319.snakemake.log
