Building DAG of jobs...
Using shell: /usr/bin/bash
Provided cluster nodes: 300
Job counts:
	count	jobs
	1	main
	2	validate_gvcf
	3

[Fri Jan 21 09:25:32 2022]
rule validate_gvcf:
    input: output/merge_gvcf/1102777134.g.vcf.gz
    output: output/merge_gvcf_metrics/1102777134.validate_gvcf.metrics
    jobid: 4
    benchmark: benchmarks/merge_gvcf/1102777134.validate_gvcf.txt
    wildcards: sample=1102777134


[Fri Jan 21 09:25:32 2022]
rule validate_gvcf:
    input: output/merge_gvcf/1102781231.g.vcf.gz
    output: output/merge_gvcf_metrics/1102781231.validate_gvcf.metrics
    jobid: 3
    benchmark: benchmarks/merge_gvcf/1102781231.validate_gvcf.txt
    wildcards: sample=1102781231

[Fri Jan 21 09:58:34 2022]
Finished job 3.
1 of 3 steps (33%) done
[Fri Jan 21 10:01:14 2022]
Finished job 4.
2 of 3 steps (67%) done

[Fri Jan 21 10:01:14 2022]
localrule main:
    input: output/merge_gvcf_metrics/1102781231.g.vcf.variant_calling_summary_metrics, output/merge_gvcf_metrics/1102781231.g.vcf.variant_calling_summary_metrics, output/merge_gvcf_metrics/1102781231.g.vcf.variant_calling_summary_metrics, output/merge_gvcf_metrics/1102781231.g.vcf.variant_calling_summary_metrics, output/merge_gvcf_metrics/1102781231.g.vcf.variant_calling_summary_metrics, output/merge_gvcf_metrics/1102777134.g.vcf.variant_calling_summary_metrics, output/merge_gvcf_metrics/1102777134.g.vcf.variant_calling_summary_metrics, output/merge_gvcf_metrics/1102777134.g.vcf.variant_calling_summary_metrics, output/merge_gvcf_metrics/1102777134.g.vcf.variant_calling_summary_metrics, output/merge_gvcf_metrics/1102777134.g.vcf.variant_calling_summary_metrics, output/merge_gvcf_metrics/1102781231.validate_gvcf.metrics, output/merge_gvcf_metrics/1102781231.validate_gvcf.metrics, output/merge_gvcf_metrics/1102781231.validate_gvcf.metrics, output/merge_gvcf_metrics/1102781231.validate_gvcf.metrics, output/merge_gvcf_metrics/1102781231.validate_gvcf.metrics, output/merge_gvcf_metrics/1102777134.validate_gvcf.metrics, output/merge_gvcf_metrics/1102777134.validate_gvcf.metrics, output/merge_gvcf_metrics/1102777134.validate_gvcf.metrics, output/merge_gvcf_metrics/1102777134.validate_gvcf.metrics, output/merge_gvcf_metrics/1102777134.validate_gvcf.metrics, output/merge_gvcf_metrics/1102781231.g.vcf.variant_calling_detail_metrics, output/merge_gvcf_metrics/1102781231.g.vcf.variant_calling_detail_metrics, output/merge_gvcf_metrics/1102781231.g.vcf.variant_calling_detail_metrics, output/merge_gvcf_metrics/1102781231.g.vcf.variant_calling_detail_metrics, output/merge_gvcf_metrics/1102781231.g.vcf.variant_calling_detail_metrics, output/merge_gvcf_metrics/1102777134.g.vcf.variant_calling_detail_metrics, output/merge_gvcf_metrics/1102777134.g.vcf.variant_calling_detail_metrics, output/merge_gvcf_metrics/1102777134.g.vcf.variant_calling_detail_metrics, output/merge_gvcf_metrics/1102777134.g.vcf.variant_calling_detail_metrics, output/merge_gvcf_metrics/1102777134.g.vcf.variant_calling_detail_metrics
    jobid: 0

[Fri Jan 21 10:01:14 2022]
Finished job 0.
3 of 3 steps (100%) done
Complete log: /sc/arion/projects/MMAAAS/ngs_res/aaa_pilot_20201113/gatk20220113/.snakemake/log/2022-01-21T092532.228809.snakemake.log
