Building DAG of jobs...
Using shell: /usr/bin/bash
Provided cluster nodes: 300
Job counts:
	count	jobs
	10	align_bam_bwa
	10	collect_quality_yield_metrics
	1	main
	10	sortsam
	31

[Fri Jan 14 15:12:28 2022]
rule sortsam:
    input: output/split_rg/1102781231/1102781231_TAATGCGC_H55GCCCXX_L004.bam
    output: output/unmapped_bam/1102781231/1102781231_TAATGCGC_H55GCCCXX_L004.unmapped.bam
    jobid: 1
    wildcards: sample=1102781231, rg=1102781231_TAATGCGC_H55GCCCXX_L004


[Fri Jan 14 15:12:28 2022]
rule sortsam:
    input: output/split_rg/1102781231/1102781231_TAATGCGC_H55GCCCXX_L005.bam
    output: output/unmapped_bam/1102781231/1102781231_TAATGCGC_H55GCCCXX_L005.unmapped.bam
    jobid: 3
    wildcards: sample=1102781231, rg=1102781231_TAATGCGC_H55GCCCXX_L005


[Fri Jan 14 15:12:28 2022]
rule sortsam:
    input: output/split_rg/1102781231/1102781231_TAATGCGC_H55GCCCXX_L003.bam
    output: output/unmapped_bam/1102781231/1102781231_TAATGCGC_H55GCCCXX_L003.unmapped.bam
    jobid: 5
    wildcards: sample=1102781231, rg=1102781231_TAATGCGC_H55GCCCXX_L003


[Fri Jan 14 15:12:28 2022]
rule sortsam:
    input: output/split_rg/1102777134/1102777134_CTGAAGCT_H55GCCCXX_L003.bam
    output: output/unmapped_bam/1102777134/1102777134_CTGAAGCT_H55GCCCXX_L003.unmapped.bam
    jobid: 7
    wildcards: sample=1102777134, rg=1102777134_CTGAAGCT_H55GCCCXX_L003


[Fri Jan 14 15:12:28 2022]
rule sortsam:
    input: output/split_rg/1102777134/1102777134_CTGAAGCT_H55GCCCXX_L006.bam
    output: output/unmapped_bam/1102777134/1102777134_CTGAAGCT_H55GCCCXX_L006.unmapped.bam
    jobid: 9
    wildcards: sample=1102777134, rg=1102777134_CTGAAGCT_H55GCCCXX_L006


[Fri Jan 14 15:12:28 2022]
rule sortsam:
    input: output/split_rg/1102781231/1102781231_TAATGCGC_H55GCCCXX_L006.bam
    output: output/unmapped_bam/1102781231/1102781231_TAATGCGC_H55GCCCXX_L006.unmapped.bam
    jobid: 2
    wildcards: sample=1102781231, rg=1102781231_TAATGCGC_H55GCCCXX_L006


[Fri Jan 14 15:12:28 2022]
rule sortsam:
    input: output/split_rg/1102781231/1102781231_TAATGCGC_H55GCCCXX_L007.bam
    output: output/unmapped_bam/1102781231/1102781231_TAATGCGC_H55GCCCXX_L007.unmapped.bam
    jobid: 4
    wildcards: sample=1102781231, rg=1102781231_TAATGCGC_H55GCCCXX_L007


[Fri Jan 14 15:12:28 2022]
rule sortsam:
    input: output/split_rg/1102777134/1102777134_CTGAAGCT_H55GCCCXX_L005.bam
    output: output/unmapped_bam/1102777134/1102777134_CTGAAGCT_H55GCCCXX_L005.unmapped.bam
    jobid: 6
    wildcards: sample=1102777134, rg=1102777134_CTGAAGCT_H55GCCCXX_L005


[Fri Jan 14 15:12:28 2022]
rule sortsam:
    input: output/split_rg/1102777134/1102777134_CTGAAGCT_H55GCCCXX_L004.bam
    output: output/unmapped_bam/1102777134/1102777134_CTGAAGCT_H55GCCCXX_L004.unmapped.bam
    jobid: 8
    wildcards: sample=1102777134, rg=1102777134_CTGAAGCT_H55GCCCXX_L004


[Fri Jan 14 15:12:28 2022]
rule sortsam:
    input: output/split_rg/1102777134/1102777134_CTGAAGCT_H55GCCCXX_L007.bam
    output: output/unmapped_bam/1102777134/1102777134_CTGAAGCT_H55GCCCXX_L007.unmapped.bam
    jobid: 10
    wildcards: sample=1102777134, rg=1102777134_CTGAAGCT_H55GCCCXX_L007

[Fri Jan 14 15:27:51 2022]
Error in rule sortsam:
    jobid: 6
    output: output/unmapped_bam/1102777134/1102777134_CTGAAGCT_H55GCCCXX_L005.unmapped.bam
    shell:
        
        module load java/1.8.0_211  python/3.7.3  gatk/4.2.0.0
        
	gatk --java-options "-Xmx3g"         SortSam             --INPUT output/split_rg/1102777134/1102777134_CTGAAGCT_H55GCCCXX_L005.bam             --OUTPUT output/unmapped_bam/1102777134/1102777134_CTGAAGCT_H55GCCCXX_L005.unmapped.bam             --SORT_ORDER queryname             --MAX_RECORDS_IN_RAM 1000000

        module unload java/1.8.0_211  python/3.7.3 gatk/4.2.0.0
        
        (one of the commands exited with non-zero exit code; note that snakemake uses bash strict mode!)

Error executing rule sortsam on cluster (jobid: 6, external: 44286, jobscript: /sc/arion/projects/MMAAAS/ngs_res/aaa_pilot_20201113/gatk20220113/.snakemake/tmp.ljqxfuma/snakejob.sortsam.6.sh). For error details see the cluster log and the log files of the involved rule(s).
[Fri Jan 14 15:27:51 2022]
Error in rule sortsam:
    jobid: 10
    output: output/unmapped_bam/1102777134/1102777134_CTGAAGCT_H55GCCCXX_L007.unmapped.bam
    shell:
        
        module load java/1.8.0_211  python/3.7.3  gatk/4.2.0.0
        
	gatk --java-options "-Xmx3g"         SortSam             --INPUT output/split_rg/1102777134/1102777134_CTGAAGCT_H55GCCCXX_L007.bam             --OUTPUT output/unmapped_bam/1102777134/1102777134_CTGAAGCT_H55GCCCXX_L007.unmapped.bam             --SORT_ORDER queryname             --MAX_RECORDS_IN_RAM 1000000

        module unload java/1.8.0_211  python/3.7.3 gatk/4.2.0.0
        
        (one of the commands exited with non-zero exit code; note that snakemake uses bash strict mode!)

Error executing rule sortsam on cluster (jobid: 10, external: 44295, jobscript: /sc/arion/projects/MMAAAS/ngs_res/aaa_pilot_20201113/gatk20220113/.snakemake/tmp.ljqxfuma/snakejob.sortsam.10.sh). For error details see the cluster log and the log files of the involved rule(s).
[Fri Jan 14 15:28:02 2022]
Error in rule sortsam:
    jobid: 1
    output: output/unmapped_bam/1102781231/1102781231_TAATGCGC_H55GCCCXX_L004.unmapped.bam
    shell:
        
        module load java/1.8.0_211  python/3.7.3  gatk/4.2.0.0
        
	gatk --java-options "-Xmx3g"         SortSam             --INPUT output/split_rg/1102781231/1102781231_TAATGCGC_H55GCCCXX_L004.bam             --OUTPUT output/unmapped_bam/1102781231/1102781231_TAATGCGC_H55GCCCXX_L004.unmapped.bam             --SORT_ORDER queryname             --MAX_RECORDS_IN_RAM 1000000

        module unload java/1.8.0_211  python/3.7.3 gatk/4.2.0.0
        
        (one of the commands exited with non-zero exit code; note that snakemake uses bash strict mode!)

Error executing rule sortsam on cluster (jobid: 1, external: 44257, jobscript: /sc/arion/projects/MMAAAS/ngs_res/aaa_pilot_20201113/gatk20220113/.snakemake/tmp.ljqxfuma/snakejob.sortsam.1.sh). For error details see the cluster log and the log files of the involved rule(s).
[Fri Jan 14 15:28:02 2022]
Error in rule sortsam:
    jobid: 5
    output: output/unmapped_bam/1102781231/1102781231_TAATGCGC_H55GCCCXX_L003.unmapped.bam
    shell:
        
        module load java/1.8.0_211  python/3.7.3  gatk/4.2.0.0
        
	gatk --java-options "-Xmx3g"         SortSam             --INPUT output/split_rg/1102781231/1102781231_TAATGCGC_H55GCCCXX_L003.bam             --OUTPUT output/unmapped_bam/1102781231/1102781231_TAATGCGC_H55GCCCXX_L003.unmapped.bam             --SORT_ORDER queryname             --MAX_RECORDS_IN_RAM 1000000

        module unload java/1.8.0_211  python/3.7.3 gatk/4.2.0.0
        
        (one of the commands exited with non-zero exit code; note that snakemake uses bash strict mode!)

Error executing rule sortsam on cluster (jobid: 5, external: 44262, jobscript: /sc/arion/projects/MMAAAS/ngs_res/aaa_pilot_20201113/gatk20220113/.snakemake/tmp.ljqxfuma/snakejob.sortsam.5.sh). For error details see the cluster log and the log files of the involved rule(s).
[Fri Jan 14 15:35:23 2022]
Finished job 3.
1 of 31 steps (3%) done
[Fri Jan 14 15:35:53 2022]
Finished job 7.
2 of 31 steps (6%) done
[Fri Jan 14 15:37:03 2022]
Finished job 4.
3 of 31 steps (10%) done
[Fri Jan 14 15:37:23 2022]
Finished job 2.
4 of 31 steps (13%) done
[Fri Jan 14 15:37:23 2022]
Finished job 8.
5 of 31 steps (16%) done
[Fri Jan 14 15:40:53 2022]
Finished job 9.
6 of 31 steps (19%) done
Shutting down, this might take some time.
Exiting because a job execution failed. Look above for error message
Complete log: /sc/arion/projects/MMAAAS/ngs_res/aaa_pilot_20201113/gatk20220113/.snakemake/log/2022-01-14T151227.984525.snakemake.log
