The flag 'directory' used in rule mark_duplicates is only valid for outputs, not inputs.
Building DAG of jobs...
Using shell: /usr/bin/bash
Provided cores: 1 (use --cores to define parallelism)
Rules claiming more threads will be scaled down.
Job counts:
	count	jobs
	2	check_contamination
	2	crosscheck_fingerprints
	1	main
	2	sort_bam
	7

[Tue Jan 18 01:41:13 2022]
rule sort_bam:
    input: output/duplicates_marked/1102781231/1102781231.aligned.unsorted.duplicates_marked.bam
    output: output/sorted_bam/1102781231/1102781231.aligned.duplicates_marked.sorted.bam
    jobid: 3
    wildcards: sample=1102781231

[Tue Jan 18 03:39:09 2022]
Finished job 3.
1 of 7 steps (14%) done

[Tue Jan 18 03:39:09 2022]
rule sort_bam:
    input: output/duplicates_marked/1102777134/1102777134.aligned.unsorted.duplicates_marked.bam
    output: output/sorted_bam/1102777134/1102777134.aligned.duplicates_marked.sorted.bam
    jobid: 4
    wildcards: sample=1102777134

[Tue Jan 18 05:34:25 2022]
Finished job 4.
2 of 7 steps (29%) done

[Tue Jan 18 05:34:25 2022]
rule crosscheck_fingerprints:
    input: output/sorted_bam/1102781231/1102781231.aligned.duplicates_marked.sorted.bam
    output: output/sorted_bam/1102781231/1102781231.aligned.duplicates_marked.sorted.crosscheck
    jobid: 5
    wildcards: sample=1102781231

[Tue Jan 18 05:35:23 2022]
Finished job 5.
3 of 7 steps (43%) done

[Tue Jan 18 05:35:23 2022]
rule check_contamination:
    input: output/sorted_bam/1102781231/1102781231.aligned.duplicates_marked.sorted.bam
    output: output/sorted_bam/1102781231/1102781231.aligned.duplicates_marked.sorted.preBqsr.selfSM
    jobid: 7
    wildcards: sample=1102781231

[Tue Jan 18 06:00:23 2022]
Finished job 7.
4 of 7 steps (57%) done

[Tue Jan 18 06:00:23 2022]
rule crosscheck_fingerprints:
    input: output/sorted_bam/1102777134/1102777134.aligned.duplicates_marked.sorted.bam
    output: output/sorted_bam/1102777134/1102777134.aligned.duplicates_marked.sorted.crosscheck
    jobid: 6
    wildcards: sample=1102777134

[Tue Jan 18 06:01:17 2022]
Finished job 6.
5 of 7 steps (71%) done

[Tue Jan 18 06:01:17 2022]
rule check_contamination:
    input: output/sorted_bam/1102777134/1102777134.aligned.duplicates_marked.sorted.bam
    output: output/sorted_bam/1102777134/1102777134.aligned.duplicates_marked.sorted.preBqsr.selfSM
    jobid: 8
    wildcards: sample=1102777134

[Tue Jan 18 06:23:58 2022]
Finished job 8.
6 of 7 steps (86%) done

[Tue Jan 18 06:23:58 2022]
localrule main:
    input: output/aligned_bam/1102781231/, output/aligned_bam/1102781231/, output/aligned_bam/1102781231/, output/aligned_bam/1102781231/, output/aligned_bam/1102781231/, output/aligned_bam/1102777134/, output/aligned_bam/1102777134/, output/aligned_bam/1102777134/, output/aligned_bam/1102777134/, output/aligned_bam/1102777134/, output/duplicates_marked/1102781231/1102781231.aligned.unsorted.duplicates_marked.bam, output/duplicates_marked/1102781231/1102781231.aligned.unsorted.duplicates_marked.bam, output/duplicates_marked/1102781231/1102781231.aligned.unsorted.duplicates_marked.bam, output/duplicates_marked/1102781231/1102781231.aligned.unsorted.duplicates_marked.bam, output/duplicates_marked/1102781231/1102781231.aligned.unsorted.duplicates_marked.bam, output/duplicates_marked/1102777134/1102777134.aligned.unsorted.duplicates_marked.bam, output/duplicates_marked/1102777134/1102777134.aligned.unsorted.duplicates_marked.bam, output/duplicates_marked/1102777134/1102777134.aligned.unsorted.duplicates_marked.bam, output/duplicates_marked/1102777134/1102777134.aligned.unsorted.duplicates_marked.bam, output/duplicates_marked/1102777134/1102777134.aligned.unsorted.duplicates_marked.bam, output/duplicates_marked/1102781231/1102781231.aligned.unsorted.duplicates_marked.duplicate_metrics, output/duplicates_marked/1102781231/1102781231.aligned.unsorted.duplicates_marked.duplicate_metrics, output/duplicates_marked/1102781231/1102781231.aligned.unsorted.duplicates_marked.duplicate_metrics, output/duplicates_marked/1102781231/1102781231.aligned.unsorted.duplicates_marked.duplicate_metrics, output/duplicates_marked/1102781231/1102781231.aligned.unsorted.duplicates_marked.duplicate_metrics, output/duplicates_marked/1102777134/1102777134.aligned.unsorted.duplicates_marked.duplicate_metrics, output/duplicates_marked/1102777134/1102777134.aligned.unsorted.duplicates_marked.duplicate_metrics, output/duplicates_marked/1102777134/1102777134.aligned.unsorted.duplicates_marked.duplicate_metrics, output/duplicates_marked/1102777134/1102777134.aligned.unsorted.duplicates_marked.duplicate_metrics, output/duplicates_marked/1102777134/1102777134.aligned.unsorted.duplicates_marked.duplicate_metrics, output/sorted_bam/1102781231/1102781231.aligned.duplicates_marked.sorted.bam, output/sorted_bam/1102781231/1102781231.aligned.duplicates_marked.sorted.bam, output/sorted_bam/1102781231/1102781231.aligned.duplicates_marked.sorted.bam, output/sorted_bam/1102781231/1102781231.aligned.duplicates_marked.sorted.bam, output/sorted_bam/1102781231/1102781231.aligned.duplicates_marked.sorted.bam, output/sorted_bam/1102777134/1102777134.aligned.duplicates_marked.sorted.bam, output/sorted_bam/1102777134/1102777134.aligned.duplicates_marked.sorted.bam, output/sorted_bam/1102777134/1102777134.aligned.duplicates_marked.sorted.bam, output/sorted_bam/1102777134/1102777134.aligned.duplicates_marked.sorted.bam, output/sorted_bam/1102777134/1102777134.aligned.duplicates_marked.sorted.bam, output/sorted_bam/1102781231/1102781231.aligned.duplicates_marked.sorted.crosscheck, output/sorted_bam/1102781231/1102781231.aligned.duplicates_marked.sorted.crosscheck, output/sorted_bam/1102781231/1102781231.aligned.duplicates_marked.sorted.crosscheck, output/sorted_bam/1102781231/1102781231.aligned.duplicates_marked.sorted.crosscheck, output/sorted_bam/1102781231/1102781231.aligned.duplicates_marked.sorted.crosscheck, output/sorted_bam/1102777134/1102777134.aligned.duplicates_marked.sorted.crosscheck, output/sorted_bam/1102777134/1102777134.aligned.duplicates_marked.sorted.crosscheck, output/sorted_bam/1102777134/1102777134.aligned.duplicates_marked.sorted.crosscheck, output/sorted_bam/1102777134/1102777134.aligned.duplicates_marked.sorted.crosscheck, output/sorted_bam/1102777134/1102777134.aligned.duplicates_marked.sorted.crosscheck, output/sorted_bam/1102781231/1102781231.aligned.duplicates_marked.sorted.preBqsr.selfSM, output/sorted_bam/1102781231/1102781231.aligned.duplicates_marked.sorted.preBqsr.selfSM, output/sorted_bam/1102781231/1102781231.aligned.duplicates_marked.sorted.preBqsr.selfSM, output/sorted_bam/1102781231/1102781231.aligned.duplicates_marked.sorted.preBqsr.selfSM, output/sorted_bam/1102781231/1102781231.aligned.duplicates_marked.sorted.preBqsr.selfSM, output/sorted_bam/1102777134/1102777134.aligned.duplicates_marked.sorted.preBqsr.selfSM, output/sorted_bam/1102777134/1102777134.aligned.duplicates_marked.sorted.preBqsr.selfSM, output/sorted_bam/1102777134/1102777134.aligned.duplicates_marked.sorted.preBqsr.selfSM, output/sorted_bam/1102777134/1102777134.aligned.duplicates_marked.sorted.preBqsr.selfSM, output/sorted_bam/1102777134/1102777134.aligned.duplicates_marked.sorted.preBqsr.selfSM
    jobid: 0

[Tue Jan 18 06:23:58 2022]
Finished job 0.
7 of 7 steps (100%) done
Complete log: /sc/arion/projects/MMAAAS/ngs_res/aaa_pilot_20201113/gatk20220113/.snakemake/log/2022-01-18T014113.176234.snakemake.log
