Building DAG of jobs...
Using shell: /usr/bin/bash
Provided cluster nodes: 300
Job counts:
	count	jobs
	1	create_sequence_grouping_newline
	1	main
	2	revertsam
	4

[Fri Jan 14 13:10:52 2022]
rule create_sequence_grouping_newline:
    input: /sc/arion/projects/MMAAAS/src/gatk-resources/hg38_20201116/hg38/v0/resources-broad-hg38-v0-Homo_sapiens_assembly38.dict
    output: input/intervals/sequence_grouping.tsv, input/intervals/sequence_grouping.unmapped.tsv
    jobid: 3


[Fri Jan 14 13:10:52 2022]
rule revertsam:
    input: input/1102781231.final.bam
    output: output/split_rg/1102781231/
    jobid: 1
    wildcards: sample=1102781231


[Fri Jan 14 13:10:52 2022]
rule revertsam:
    input: input/1102777134.final.bam
    output: output/split_rg/1102777134/
    jobid: 2
    wildcards: sample=1102777134

[Fri Jan 14 13:11:02 2022]
Finished job 3.
1 of 4 steps (25%) done
[Fri Jan 14 14:35:07 2022]
Finished job 2.
2 of 4 steps (50%) done
[Fri Jan 14 14:41:57 2022]
Finished job 1.
3 of 4 steps (75%) done

[Fri Jan 14 14:41:57 2022]
localrule main:
    input: input/1102781231.final.bam, input/1102777134.final.bam, output/split_rg/1102781231/, output/split_rg/1102777134/, input/intervals/sequence_grouping.tsv, input/intervals/sequence_grouping.unmapped.tsv
    jobid: 0

[Fri Jan 14 14:41:57 2022]
Finished job 0.
4 of 4 steps (100%) done
Complete log: /sc/arion/projects/MMAAAS/ngs_res/aaa_pilot_20201113/gatk20220113/.snakemake/log/2022-01-14T131052.259157.snakemake.log
