Building DAG of jobs...
Using shell: /usr/bin/bash
Provided cores: 1 (use --cores to define parallelism)
Rules claiming more threads will be scaled down.
Job counts:
	count	jobs
	1	create_sequence_grouping_newline
	1	main
	2

[Wed Jan 19 12:43:29 2022]
rule create_sequence_grouping_newline:
    input: /sc/arion/projects/MMAAAS/src/gatk-resources/hg38_20201116/hg38/v0/resources-broad-hg38-v0-Homo_sapiens_assembly38.dict
    output: input/intervals/sequence_grouping.tsv, input/intervals/sequence_grouping.unmapped.tsv
    jobid: 3

[Wed Jan 19 12:43:32 2022]
Finished job 3.
1 of 2 steps (50%) done

[Wed Jan 19 12:43:32 2022]
localrule main:
    input: input/1102781231.final.bam, input/1102777134.final.bam, output/split_rg/1102781231/, output/split_rg/1102777134/, input/intervals/sequence_grouping.tsv, input/intervals/sequence_grouping.unmapped.tsv
    jobid: 0

[Wed Jan 19 12:43:32 2022]
Finished job 0.
2 of 2 steps (100%) done
Complete log: /sc/arion/projects/MMAAAS/ngs_res/aaa_pilot_20201113/gatk20220113/.snakemake/log/2022-01-19T124329.364757.snakemake.log
