Building DAG of jobs...
Using shell: /usr/bin/bash
Provided cluster nodes: 300
Job counts:
	count	jobs
	10	align_bam_bwa
	10	collect_quality_yield_metrics
	1	main
	4	sortsam
	25

[Fri Jan 14 15:43:34 2022]
rule collect_quality_yield_metrics:
    input: output/unmapped_bam/1102781231/1102781231_TAATGCGC_H55GCCCXX_L007.unmapped.bam
    output: output/unmapped_bam/1102781231/1102781231_TAATGCGC_H55GCCCXX_L007.quality_yield_metrics
    jobid: 14
    wildcards: sample=1102781231, rg=1102781231_TAATGCGC_H55GCCCXX_L007


[Fri Jan 14 15:43:34 2022]
rule sortsam:
    input: output/split_rg/1102781231/1102781231_TAATGCGC_H55GCCCXX_L004.bam
    output: output/unmapped_bam/1102781231/1102781231_TAATGCGC_H55GCCCXX_L004.unmapped.bam
    jobid: 1
    wildcards: sample=1102781231, rg=1102781231_TAATGCGC_H55GCCCXX_L004


[Fri Jan 14 15:43:34 2022]
rule collect_quality_yield_metrics:
    input: output/unmapped_bam/1102777134/1102777134_CTGAAGCT_H55GCCCXX_L004.unmapped.bam
    output: output/unmapped_bam/1102777134/1102777134_CTGAAGCT_H55GCCCXX_L004.quality_yield_metrics
    jobid: 18
    wildcards: sample=1102777134, rg=1102777134_CTGAAGCT_H55GCCCXX_L004


[Fri Jan 14 15:43:34 2022]
rule sortsam:
    input: output/split_rg/1102781231/1102781231_TAATGCGC_H55GCCCXX_L003.bam
    output: output/unmapped_bam/1102781231/1102781231_TAATGCGC_H55GCCCXX_L003.unmapped.bam
    jobid: 5
    wildcards: sample=1102781231, rg=1102781231_TAATGCGC_H55GCCCXX_L003


[Fri Jan 14 15:43:34 2022]
rule align_bam_bwa:
    input: output/unmapped_bam/1102781231/1102781231_TAATGCGC_H55GCCCXX_L006.unmapped.bam
    output: output/aligned_bam/1102781231/1102781231_TAATGCGC_H55GCCCXX_L006.aligned.unsorted.bam, output/aligned_bam/1102781231/1102781231_TAATGCGC_H55GCCCXX_L006.aligned.unsorted.bwa.stderr.log
    jobid: 22
    wildcards: sample=1102781231, rg=1102781231_TAATGCGC_H55GCCCXX_L006


[Fri Jan 14 15:43:34 2022]
rule align_bam_bwa:
    input: output/unmapped_bam/1102781231/1102781231_TAATGCGC_H55GCCCXX_L007.unmapped.bam
    output: output/aligned_bam/1102781231/1102781231_TAATGCGC_H55GCCCXX_L007.aligned.unsorted.bam, output/aligned_bam/1102781231/1102781231_TAATGCGC_H55GCCCXX_L007.aligned.unsorted.bwa.stderr.log
    jobid: 24
    wildcards: sample=1102781231, rg=1102781231_TAATGCGC_H55GCCCXX_L007


[Fri Jan 14 15:43:34 2022]
rule align_bam_bwa:
    input: output/unmapped_bam/1102777134/1102777134_CTGAAGCT_H55GCCCXX_L003.unmapped.bam
    output: output/aligned_bam/1102777134/1102777134_CTGAAGCT_H55GCCCXX_L003.aligned.unsorted.bam, output/aligned_bam/1102777134/1102777134_CTGAAGCT_H55GCCCXX_L003.aligned.unsorted.bwa.stderr.log
    jobid: 27
    wildcards: sample=1102777134, rg=1102777134_CTGAAGCT_H55GCCCXX_L003


[Fri Jan 14 15:43:34 2022]
rule collect_quality_yield_metrics:
    input: output/unmapped_bam/1102781231/1102781231_TAATGCGC_H55GCCCXX_L005.unmapped.bam
    output: output/unmapped_bam/1102781231/1102781231_TAATGCGC_H55GCCCXX_L005.quality_yield_metrics
    jobid: 13
    wildcards: sample=1102781231, rg=1102781231_TAATGCGC_H55GCCCXX_L005


[Fri Jan 14 15:43:34 2022]
rule align_bam_bwa:
    input: output/unmapped_bam/1102777134/1102777134_CTGAAGCT_H55GCCCXX_L004.unmapped.bam
    output: output/aligned_bam/1102777134/1102777134_CTGAAGCT_H55GCCCXX_L004.aligned.unsorted.bam, output/aligned_bam/1102777134/1102777134_CTGAAGCT_H55GCCCXX_L004.aligned.unsorted.bwa.stderr.log
    jobid: 28
    wildcards: sample=1102777134, rg=1102777134_CTGAAGCT_H55GCCCXX_L004


[Fri Jan 14 15:43:34 2022]
rule align_bam_bwa:
    input: output/unmapped_bam/1102777134/1102777134_CTGAAGCT_H55GCCCXX_L006.unmapped.bam
    output: output/aligned_bam/1102777134/1102777134_CTGAAGCT_H55GCCCXX_L006.aligned.unsorted.bam, output/aligned_bam/1102777134/1102777134_CTGAAGCT_H55GCCCXX_L006.aligned.unsorted.bwa.stderr.log
    jobid: 29
    wildcards: sample=1102777134, rg=1102777134_CTGAAGCT_H55GCCCXX_L006


[Fri Jan 14 15:43:34 2022]
rule collect_quality_yield_metrics:
    input: output/unmapped_bam/1102777134/1102777134_CTGAAGCT_H55GCCCXX_L003.unmapped.bam
    output: output/unmapped_bam/1102777134/1102777134_CTGAAGCT_H55GCCCXX_L003.quality_yield_metrics
    jobid: 17
    wildcards: sample=1102777134, rg=1102777134_CTGAAGCT_H55GCCCXX_L003


[Fri Jan 14 15:43:34 2022]
rule collect_quality_yield_metrics:
    input: output/unmapped_bam/1102777134/1102777134_CTGAAGCT_H55GCCCXX_L006.unmapped.bam
    output: output/unmapped_bam/1102777134/1102777134_CTGAAGCT_H55GCCCXX_L006.quality_yield_metrics
    jobid: 19
    wildcards: sample=1102777134, rg=1102777134_CTGAAGCT_H55GCCCXX_L006


[Fri Jan 14 15:43:34 2022]
rule sortsam:
    input: output/split_rg/1102777134/1102777134_CTGAAGCT_H55GCCCXX_L005.bam
    output: output/unmapped_bam/1102777134/1102777134_CTGAAGCT_H55GCCCXX_L005.unmapped.bam
    jobid: 6
    wildcards: sample=1102777134, rg=1102777134_CTGAAGCT_H55GCCCXX_L005


[Fri Jan 14 15:43:34 2022]
rule align_bam_bwa:
    input: output/unmapped_bam/1102781231/1102781231_TAATGCGC_H55GCCCXX_L005.unmapped.bam
    output: output/aligned_bam/1102781231/1102781231_TAATGCGC_H55GCCCXX_L005.aligned.unsorted.bam, output/aligned_bam/1102781231/1102781231_TAATGCGC_H55GCCCXX_L005.aligned.unsorted.bwa.stderr.log
    jobid: 23
    wildcards: sample=1102781231, rg=1102781231_TAATGCGC_H55GCCCXX_L005


[Fri Jan 14 15:43:34 2022]
rule sortsam:
    input: output/split_rg/1102777134/1102777134_CTGAAGCT_H55GCCCXX_L007.bam
    output: output/unmapped_bam/1102777134/1102777134_CTGAAGCT_H55GCCCXX_L007.unmapped.bam
    jobid: 10
    wildcards: sample=1102777134, rg=1102777134_CTGAAGCT_H55GCCCXX_L007


[Fri Jan 14 15:43:34 2022]
rule collect_quality_yield_metrics:
    input: output/unmapped_bam/1102781231/1102781231_TAATGCGC_H55GCCCXX_L006.unmapped.bam
    output: output/unmapped_bam/1102781231/1102781231_TAATGCGC_H55GCCCXX_L006.quality_yield_metrics
    jobid: 12
    wildcards: sample=1102781231, rg=1102781231_TAATGCGC_H55GCCCXX_L006

[Fri Jan 14 15:57:52 2022]
Finished job 14.
1 of 25 steps (4%) done
[Fri Jan 14 15:59:31 2022]
Finished job 18.
2 of 25 steps (8%) done
[Fri Jan 14 16:02:16 2022]
Finished job 13.
3 of 25 steps (12%) done
[Fri Jan 14 16:06:18 2022]
Finished job 17.
4 of 25 steps (16%) done
[Fri Jan 14 16:07:57 2022]
Finished job 19.
5 of 25 steps (20%) done
[Fri Jan 14 16:11:27 2022]
Finished job 12.
6 of 25 steps (24%) done
[Fri Jan 14 16:14:01 2022]
Finished job 1.
7 of 25 steps (28%) done

[Fri Jan 14 16:14:01 2022]
rule collect_quality_yield_metrics:
    input: output/unmapped_bam/1102781231/1102781231_TAATGCGC_H55GCCCXX_L004.unmapped.bam
    output: output/unmapped_bam/1102781231/1102781231_TAATGCGC_H55GCCCXX_L004.quality_yield_metrics
    jobid: 11
    wildcards: sample=1102781231, rg=1102781231_TAATGCGC_H55GCCCXX_L004


[Fri Jan 14 16:14:01 2022]
rule align_bam_bwa:
    input: output/unmapped_bam/1102781231/1102781231_TAATGCGC_H55GCCCXX_L004.unmapped.bam
    output: output/aligned_bam/1102781231/1102781231_TAATGCGC_H55GCCCXX_L004.aligned.unsorted.bam, output/aligned_bam/1102781231/1102781231_TAATGCGC_H55GCCCXX_L004.aligned.unsorted.bwa.stderr.log
    jobid: 21
    wildcards: sample=1102781231, rg=1102781231_TAATGCGC_H55GCCCXX_L004

[Fri Jan 14 16:16:02 2022]
Finished job 5.
8 of 25 steps (32%) done

[Fri Jan 14 16:16:02 2022]
rule collect_quality_yield_metrics:
    input: output/unmapped_bam/1102781231/1102781231_TAATGCGC_H55GCCCXX_L003.unmapped.bam
    output: output/unmapped_bam/1102781231/1102781231_TAATGCGC_H55GCCCXX_L003.quality_yield_metrics
    jobid: 15
    wildcards: sample=1102781231, rg=1102781231_TAATGCGC_H55GCCCXX_L003


[Fri Jan 14 16:16:02 2022]
rule align_bam_bwa:
    input: output/unmapped_bam/1102781231/1102781231_TAATGCGC_H55GCCCXX_L003.unmapped.bam
    output: output/aligned_bam/1102781231/1102781231_TAATGCGC_H55GCCCXX_L003.aligned.unsorted.bam, output/aligned_bam/1102781231/1102781231_TAATGCGC_H55GCCCXX_L003.aligned.unsorted.bwa.stderr.log
    jobid: 25
    wildcards: sample=1102781231, rg=1102781231_TAATGCGC_H55GCCCXX_L003

[Fri Jan 14 16:22:27 2022]
Finished job 6.
9 of 25 steps (36%) done

[Fri Jan 14 16:22:27 2022]
rule align_bam_bwa:
    input: output/unmapped_bam/1102777134/1102777134_CTGAAGCT_H55GCCCXX_L005.unmapped.bam
    output: output/aligned_bam/1102777134/1102777134_CTGAAGCT_H55GCCCXX_L005.aligned.unsorted.bam, output/aligned_bam/1102777134/1102777134_CTGAAGCT_H55GCCCXX_L005.aligned.unsorted.bwa.stderr.log
    jobid: 26
    wildcards: sample=1102777134, rg=1102777134_CTGAAGCT_H55GCCCXX_L005


[Fri Jan 14 16:22:27 2022]
rule collect_quality_yield_metrics:
    input: output/unmapped_bam/1102777134/1102777134_CTGAAGCT_H55GCCCXX_L005.unmapped.bam
    output: output/unmapped_bam/1102777134/1102777134_CTGAAGCT_H55GCCCXX_L005.quality_yield_metrics
    jobid: 16
    wildcards: sample=1102777134, rg=1102777134_CTGAAGCT_H55GCCCXX_L005

[Fri Jan 14 16:23:45 2022]
Finished job 11.
10 of 25 steps (40%) done
[Fri Jan 14 16:25:24 2022]
Finished job 10.
11 of 25 steps (44%) done

[Fri Jan 14 16:25:24 2022]
rule align_bam_bwa:
    input: output/unmapped_bam/1102777134/1102777134_CTGAAGCT_H55GCCCXX_L007.unmapped.bam
    output: output/aligned_bam/1102777134/1102777134_CTGAAGCT_H55GCCCXX_L007.aligned.unsorted.bam, output/aligned_bam/1102777134/1102777134_CTGAAGCT_H55GCCCXX_L007.aligned.unsorted.bwa.stderr.log
    jobid: 30
    wildcards: sample=1102777134, rg=1102777134_CTGAAGCT_H55GCCCXX_L007


[Fri Jan 14 16:25:24 2022]
rule collect_quality_yield_metrics:
    input: output/unmapped_bam/1102777134/1102777134_CTGAAGCT_H55GCCCXX_L007.unmapped.bam
    output: output/unmapped_bam/1102777134/1102777134_CTGAAGCT_H55GCCCXX_L007.quality_yield_metrics
    jobid: 20
    wildcards: sample=1102777134, rg=1102777134_CTGAAGCT_H55GCCCXX_L007

[Fri Jan 14 16:27:24 2022]
Finished job 15.
12 of 25 steps (48%) done
[Fri Jan 14 16:29:48 2022]
Finished job 16.
13 of 25 steps (52%) done
[Fri Jan 14 18:31:40 2022]
Finished job 20.
14 of 25 steps (56%) done
[Fri Jan 14 22:11:09 2022]
Finished job 27.
15 of 25 steps (60%) done
[Fri Jan 14 22:11:20 2022]
Finished job 28.
16 of 25 steps (64%) done
[Fri Jan 14 22:51:33 2022]
Finished job 25.
17 of 25 steps (68%) done
[Fri Jan 14 22:52:33 2022]
Finished job 29.
18 of 25 steps (72%) done
[Fri Jan 14 22:55:53 2022]
Finished job 21.
19 of 25 steps (76%) done
[Fri Jan 14 23:02:54 2022]
Finished job 24.
20 of 25 steps (80%) done
[Fri Jan 14 23:04:24 2022]
Finished job 22.
21 of 25 steps (84%) done
[Fri Jan 14 23:08:24 2022]
Finished job 23.
22 of 25 steps (88%) done
[Fri Jan 14 23:42:36 2022]
Finished job 26.
23 of 25 steps (92%) done
[Sat Jan 15 06:06:41 2022]
Finished job 30.
24 of 25 steps (96%) done

[Sat Jan 15 06:06:41 2022]
localrule main:
    input: output/unmapped_bam/1102781231/1102781231_TAATGCGC_H55GCCCXX_L004.unmapped.bam, output/unmapped_bam/1102781231/1102781231_TAATGCGC_H55GCCCXX_L006.unmapped.bam, output/unmapped_bam/1102781231/1102781231_TAATGCGC_H55GCCCXX_L005.unmapped.bam, output/unmapped_bam/1102781231/1102781231_TAATGCGC_H55GCCCXX_L007.unmapped.bam, output/unmapped_bam/1102781231/1102781231_TAATGCGC_H55GCCCXX_L003.unmapped.bam, output/unmapped_bam/1102777134/1102777134_CTGAAGCT_H55GCCCXX_L005.unmapped.bam, output/unmapped_bam/1102777134/1102777134_CTGAAGCT_H55GCCCXX_L003.unmapped.bam, output/unmapped_bam/1102777134/1102777134_CTGAAGCT_H55GCCCXX_L004.unmapped.bam, output/unmapped_bam/1102777134/1102777134_CTGAAGCT_H55GCCCXX_L006.unmapped.bam, output/unmapped_bam/1102777134/1102777134_CTGAAGCT_H55GCCCXX_L007.unmapped.bam, output/unmapped_bam/1102781231/1102781231_TAATGCGC_H55GCCCXX_L004.quality_yield_metrics, output/unmapped_bam/1102781231/1102781231_TAATGCGC_H55GCCCXX_L006.quality_yield_metrics, output/unmapped_bam/1102781231/1102781231_TAATGCGC_H55GCCCXX_L005.quality_yield_metrics, output/unmapped_bam/1102781231/1102781231_TAATGCGC_H55GCCCXX_L007.quality_yield_metrics, output/unmapped_bam/1102781231/1102781231_TAATGCGC_H55GCCCXX_L003.quality_yield_metrics, output/unmapped_bam/1102777134/1102777134_CTGAAGCT_H55GCCCXX_L005.quality_yield_metrics, output/unmapped_bam/1102777134/1102777134_CTGAAGCT_H55GCCCXX_L003.quality_yield_metrics, output/unmapped_bam/1102777134/1102777134_CTGAAGCT_H55GCCCXX_L004.quality_yield_metrics, output/unmapped_bam/1102777134/1102777134_CTGAAGCT_H55GCCCXX_L006.quality_yield_metrics, output/unmapped_bam/1102777134/1102777134_CTGAAGCT_H55GCCCXX_L007.quality_yield_metrics, output/aligned_bam/1102781231/1102781231_TAATGCGC_H55GCCCXX_L004.aligned.unsorted.bam, output/aligned_bam/1102781231/1102781231_TAATGCGC_H55GCCCXX_L006.aligned.unsorted.bam, output/aligned_bam/1102781231/1102781231_TAATGCGC_H55GCCCXX_L005.aligned.unsorted.bam, output/aligned_bam/1102781231/1102781231_TAATGCGC_H55GCCCXX_L007.aligned.unsorted.bam, output/aligned_bam/1102781231/1102781231_TAATGCGC_H55GCCCXX_L003.aligned.unsorted.bam, output/aligned_bam/1102777134/1102777134_CTGAAGCT_H55GCCCXX_L005.aligned.unsorted.bam, output/aligned_bam/1102777134/1102777134_CTGAAGCT_H55GCCCXX_L003.aligned.unsorted.bam, output/aligned_bam/1102777134/1102777134_CTGAAGCT_H55GCCCXX_L004.aligned.unsorted.bam, output/aligned_bam/1102777134/1102777134_CTGAAGCT_H55GCCCXX_L006.aligned.unsorted.bam, output/aligned_bam/1102777134/1102777134_CTGAAGCT_H55GCCCXX_L007.aligned.unsorted.bam, output/aligned_bam/1102781231/1102781231_TAATGCGC_H55GCCCXX_L004.aligned.unsorted.bwa.stderr.log, output/aligned_bam/1102781231/1102781231_TAATGCGC_H55GCCCXX_L006.aligned.unsorted.bwa.stderr.log, output/aligned_bam/1102781231/1102781231_TAATGCGC_H55GCCCXX_L005.aligned.unsorted.bwa.stderr.log, output/aligned_bam/1102781231/1102781231_TAATGCGC_H55GCCCXX_L007.aligned.unsorted.bwa.stderr.log, output/aligned_bam/1102781231/1102781231_TAATGCGC_H55GCCCXX_L003.aligned.unsorted.bwa.stderr.log, output/aligned_bam/1102777134/1102777134_CTGAAGCT_H55GCCCXX_L005.aligned.unsorted.bwa.stderr.log, output/aligned_bam/1102777134/1102777134_CTGAAGCT_H55GCCCXX_L003.aligned.unsorted.bwa.stderr.log, output/aligned_bam/1102777134/1102777134_CTGAAGCT_H55GCCCXX_L004.aligned.unsorted.bwa.stderr.log, output/aligned_bam/1102777134/1102777134_CTGAAGCT_H55GCCCXX_L006.aligned.unsorted.bwa.stderr.log, output/aligned_bam/1102777134/1102777134_CTGAAGCT_H55GCCCXX_L007.aligned.unsorted.bwa.stderr.log
    jobid: 0

[Sat Jan 15 06:06:41 2022]
Finished job 0.
25 of 25 steps (100%) done
Complete log: /sc/arion/projects/MMAAAS/ngs_res/aaa_pilot_20201113/gatk20220113/.snakemake/log/2022-01-14T154334.022116.snakemake.log
