The flag 'directory' used in rule base_recalibrator_report is only valid for outputs, not inputs.
The flag 'directory' used in rule apply_bqsr is only valid for outputs, not inputs.
Building DAG of jobs...
Using shell: /usr/bin/bash
Provided cluster nodes: 300
Job counts:
	count	jobs
	51	apply_bqsr
	2	collect_aggregated_metrics
	2	collect_rg_bam_metrics
	2	gather_recal_bams
	1	main
	58

[Tue Jan 18 21:45:55 2022]
rule apply_bqsr:
    input: output/sorted_bam/1102781231/, output/recalibrated_bam/1102781231.recal_data.csv
    output: output/recalibrated_bam/1102781231.aligned.duplicates_marked.recalibrated_22.bam
    jobid: 74
    benchmark: benchmarks/recalibrated_bam/1102781231.apply_bqsr.22.txt
    wildcards: sample=1102781231, interval=22


[Tue Jan 18 21:45:55 2022]
rule apply_bqsr:
    input: output/sorted_bam/1102777134/, output/recalibrated_bam/1102777134.recal_data.csv
    output: output/recalibrated_bam/1102777134.aligned.duplicates_marked.recalibrated_15.bam
    jobid: 89
    benchmark: benchmarks/recalibrated_bam/1102777134.apply_bqsr.15.txt
    wildcards: sample=1102777134, interval=15


[Tue Jan 18 21:45:55 2022]
rule apply_bqsr:
    input: output/sorted_bam/1102777134/, output/recalibrated_bam/1102777134.recal_data.csv
    output: output/recalibrated_bam/1102777134.aligned.duplicates_marked.recalibrated_01.bam
    jobid: 104
    benchmark: benchmarks/recalibrated_bam/1102777134.apply_bqsr.01.txt
    wildcards: sample=1102777134, interval=01


[Tue Jan 18 21:45:55 2022]
rule apply_bqsr:
    input: output/sorted_bam/1102781231/, output/recalibrated_bam/1102781231.recal_data.csv
    output: output/recalibrated_bam/1102781231.aligned.duplicates_marked.recalibrated_07.bam
    jobid: 67
    benchmark: benchmarks/recalibrated_bam/1102781231.apply_bqsr.07.txt
    wildcards: sample=1102781231, interval=07


[Tue Jan 18 21:45:55 2022]
rule apply_bqsr:
    input: output/sorted_bam/1102777134/, output/recalibrated_bam/1102777134.recal_data.csv
    output: output/recalibrated_bam/1102777134.aligned.duplicates_marked.recalibrated_13.bam
    jobid: 82
    benchmark: benchmarks/recalibrated_bam/1102777134.apply_bqsr.13.txt
    wildcards: sample=1102777134, interval=13


[Tue Jan 18 21:45:55 2022]
rule apply_bqsr:
    input: output/sorted_bam/1102777134/, output/recalibrated_bam/1102777134.recal_data.csv
    output: output/recalibrated_bam/1102777134.aligned.duplicates_marked.recalibrated_00.bam
    jobid: 97
    benchmark: benchmarks/recalibrated_bam/1102777134.apply_bqsr.00.txt
    wildcards: sample=1102777134, interval=00


[Tue Jan 18 21:45:55 2022]
rule apply_bqsr:
    input: output/sorted_bam/1102781231/, output/recalibrated_bam/1102781231.recal_data.csv
    output: output/recalibrated_bam/1102781231.aligned.duplicates_marked.recalibrated_21.bam
    jobid: 60
    benchmark: benchmarks/recalibrated_bam/1102781231.apply_bqsr.21.txt
    wildcards: sample=1102781231, interval=21


[Tue Jan 18 21:45:55 2022]
rule apply_bqsr:
    input: output/sorted_bam/1102781231/, output/recalibrated_bam/1102781231.recal_data.csv
    output: output/recalibrated_bam/1102781231.aligned.duplicates_marked.recalibrated_05.bam
    jobid: 75
    benchmark: benchmarks/recalibrated_bam/1102781231.apply_bqsr.05.txt
    wildcards: sample=1102781231, interval=05


[Tue Jan 18 21:45:55 2022]
rule apply_bqsr:
    input: output/sorted_bam/1102777134/, output/recalibrated_bam/1102777134.recal_data.csv
    output: output/recalibrated_bam/1102777134.aligned.duplicates_marked.recalibrated_20.bam
    jobid: 90
    benchmark: benchmarks/recalibrated_bam/1102777134.apply_bqsr.20.txt
    wildcards: sample=1102777134, interval=20


[Tue Jan 18 21:45:55 2022]
rule apply_bqsr:
    input: output/sorted_bam/1102777134/, output/recalibrated_bam/1102777134.recal_data.csv
    output: output/recalibrated_bam/1102777134.aligned.duplicates_marked.recalibrated_19.bam
    jobid: 105
    benchmark: benchmarks/recalibrated_bam/1102777134.apply_bqsr.19.txt
    wildcards: sample=1102777134, interval=19


[Tue Jan 18 21:45:55 2022]
rule apply_bqsr:
    input: output/sorted_bam/1102781231/, output/recalibrated_bam/1102781231.recal_data.csv
    output: output/recalibrated_bam/1102781231.aligned.duplicates_marked.recalibrated_08.bam
    jobid: 68
    benchmark: benchmarks/recalibrated_bam/1102781231.apply_bqsr.08.txt
    wildcards: sample=1102781231, interval=08


[Tue Jan 18 21:45:55 2022]
rule apply_bqsr:
    input: output/sorted_bam/1102777134/, output/recalibrated_bam/1102777134.recal_data.csv
    output: output/recalibrated_bam/1102777134.aligned.duplicates_marked.recalibrated_04.bam
    jobid: 83
    benchmark: benchmarks/recalibrated_bam/1102777134.apply_bqsr.04.txt
    wildcards: sample=1102777134, interval=04


[Tue Jan 18 21:45:55 2022]
rule apply_bqsr:
    input: output/sorted_bam/1102777134/, output/recalibrated_bam/1102777134.recal_data.csv
    output: output/recalibrated_bam/1102777134.aligned.duplicates_marked.recalibrated_10.bam
    jobid: 98
    benchmark: benchmarks/recalibrated_bam/1102777134.apply_bqsr.10.txt
    wildcards: sample=1102777134, interval=10


[Tue Jan 18 21:45:55 2022]
rule apply_bqsr:
    input: output/sorted_bam/1102781231/, output/recalibrated_bam/1102781231.recal_data.csv
    output: output/recalibrated_bam/1102781231.aligned.duplicates_marked.recalibrated_11.bam
    jobid: 61
    benchmark: benchmarks/recalibrated_bam/1102781231.apply_bqsr.11.txt
    wildcards: sample=1102781231, interval=11


[Tue Jan 18 21:45:55 2022]
rule apply_bqsr:
    input: output/sorted_bam/1102781231/, output/recalibrated_bam/1102781231.recal_data.csv
    output: output/recalibrated_bam/1102781231.aligned.duplicates_marked.recalibrated_16.bam
    jobid: 76
    benchmark: benchmarks/recalibrated_bam/1102781231.apply_bqsr.16.txt
    wildcards: sample=1102781231, interval=16


[Tue Jan 18 21:45:55 2022]
rule apply_bqsr:
    input: output/sorted_bam/1102777134/, output/recalibrated_bam/1102777134.recal_data.csv
    output: output/recalibrated_bam/1102777134.aligned.duplicates_marked.recalibrated_06.bam
    jobid: 91
    benchmark: benchmarks/recalibrated_bam/1102777134.apply_bqsr.06.txt
    wildcards: sample=1102777134, interval=06


[Tue Jan 18 21:45:55 2022]
rule apply_bqsr:
    input: output/sorted_bam/1102777134/, output/recalibrated_bam/1102777134.recal_data.csv
    output: output/recalibrated_bam/1102777134.aligned.duplicates_marked.recalibrated_17.bam
    jobid: 106
    benchmark: benchmarks/recalibrated_bam/1102777134.apply_bqsr.17.txt
    wildcards: sample=1102777134, interval=17


[Tue Jan 18 21:45:55 2022]
rule apply_bqsr:
    input: output/sorted_bam/1102781231/, output/recalibrated_bam/1102781231.recal_data.csv
    output: output/recalibrated_bam/1102781231.aligned.duplicates_marked.recalibrated_02.bam
    jobid: 69
    benchmark: benchmarks/recalibrated_bam/1102781231.apply_bqsr.02.txt
    wildcards: sample=1102781231, interval=02


[Tue Jan 18 21:45:55 2022]
rule apply_bqsr:
    input: output/sorted_bam/1102777134/, output/recalibrated_bam/1102777134.recal_data.csv
    output: output/recalibrated_bam/1102777134.aligned.duplicates_marked.recalibrated_24.bam
    jobid: 84
    benchmark: benchmarks/recalibrated_bam/1102777134.apply_bqsr.24.txt
    wildcards: sample=1102777134, interval=24


[Tue Jan 18 21:45:55 2022]
rule apply_bqsr:
    input: output/sorted_bam/1102777134/, output/recalibrated_bam/1102777134.recal_data.csv
    output: output/recalibrated_bam/1102777134.aligned.duplicates_marked.recalibrated_03.bam
    jobid: 99
    benchmark: benchmarks/recalibrated_bam/1102777134.apply_bqsr.03.txt
    wildcards: sample=1102777134, interval=03


[Tue Jan 18 21:45:55 2022]
rule apply_bqsr:
    input: output/sorted_bam/1102781231/, output/recalibrated_bam/1102781231.recal_data.csv
    output: output/recalibrated_bam/1102781231.aligned.duplicates_marked.recalibrated_18.bam
    jobid: 62
    benchmark: benchmarks/recalibrated_bam/1102781231.apply_bqsr.18.txt
    wildcards: sample=1102781231, interval=18


[Tue Jan 18 21:45:55 2022]
rule apply_bqsr:
    input: output/sorted_bam/1102781231/, output/recalibrated_bam/1102781231.recal_data.csv
    output: output/recalibrated_bam/1102781231.aligned.duplicates_marked.recalibrated_14.bam
    jobid: 77
    benchmark: benchmarks/recalibrated_bam/1102781231.apply_bqsr.14.txt
    wildcards: sample=1102781231, interval=14


[Tue Jan 18 21:45:55 2022]
rule apply_bqsr:
    input: output/sorted_bam/1102777134/, output/recalibrated_bam/1102777134.recal_data.csv
    output: output/recalibrated_bam/1102777134.aligned.duplicates_marked.recalibrated_12.bam
    jobid: 92
    benchmark: benchmarks/recalibrated_bam/1102777134.apply_bqsr.12.txt
    wildcards: sample=1102777134, interval=12


[Tue Jan 18 21:45:55 2022]
rule apply_bqsr:
    input: output/sorted_bam/1102781231/, output/recalibrated_bam/1102781231.recal_data.csv
    output: output/recalibrated_bam/1102781231.aligned.duplicates_marked.recalibrated_09.bam
    jobid: 70
    benchmark: benchmarks/recalibrated_bam/1102781231.apply_bqsr.09.txt
    wildcards: sample=1102781231, interval=09


[Tue Jan 18 21:45:55 2022]
rule apply_bqsr:
    input: output/sorted_bam/1102781231/, output/recalibrated_bam/1102781231.recal_data.csv
    output: output/recalibrated_bam/1102781231.aligned.duplicates_marked.recalibrated_23.bam
    jobid: 55
    benchmark: benchmarks/recalibrated_bam/1102781231.apply_bqsr.23.txt
    wildcards: sample=1102781231, interval=23


[Tue Jan 18 21:45:55 2022]
rule apply_bqsr:
    input: output/sorted_bam/1102777134/, output/recalibrated_bam/1102777134.recal_data.csv
    output: output/recalibrated_bam/1102777134.aligned.duplicates_marked.recalibrated_25.bam
    jobid: 85
    benchmark: benchmarks/recalibrated_bam/1102777134.apply_bqsr.25.txt
    wildcards: sample=1102777134, interval=25


[Tue Jan 18 21:45:55 2022]
rule apply_bqsr:
    input: output/sorted_bam/1102777134/, output/recalibrated_bam/1102777134.recal_data.csv
    output: output/recalibrated_bam/1102777134.aligned.duplicates_marked.recalibrated_09.bam
    jobid: 96
    benchmark: benchmarks/recalibrated_bam/1102777134.apply_bqsr.09.txt
    wildcards: sample=1102777134, interval=09


[Tue Jan 18 21:45:55 2022]
rule apply_bqsr:
    input: output/sorted_bam/1102777134/, output/recalibrated_bam/1102777134.recal_data.csv
    output: output/recalibrated_bam/1102777134.aligned.duplicates_marked.recalibrated_22.bam
    jobid: 100
    benchmark: benchmarks/recalibrated_bam/1102777134.apply_bqsr.22.txt
    wildcards: sample=1102777134, interval=22


[Tue Jan 18 21:45:55 2022]
rule apply_bqsr:
    input: output/sorted_bam/1102781231/, output/recalibrated_bam/1102781231.recal_data.csv
    output: output/recalibrated_bam/1102781231.aligned.duplicates_marked.recalibrated_15.bam
    jobid: 63
    benchmark: benchmarks/recalibrated_bam/1102781231.apply_bqsr.15.txt
    wildcards: sample=1102781231, interval=15


[Tue Jan 18 21:45:55 2022]
rule apply_bqsr:
    input: output/sorted_bam/1102781231/, output/recalibrated_bam/1102781231.recal_data.csv
    output: output/recalibrated_bam/1102781231.aligned.duplicates_marked.recalibrated_01.bam
    jobid: 78
    benchmark: benchmarks/recalibrated_bam/1102781231.apply_bqsr.01.txt
    wildcards: sample=1102781231, interval=01


[Tue Jan 18 21:45:55 2022]
rule apply_bqsr:
    input: output/sorted_bam/1102777134/, output/recalibrated_bam/1102777134.recal_data.csv
    output: output/recalibrated_bam/1102777134.aligned.duplicates_marked.recalibrated_07.bam
    jobid: 93
    benchmark: benchmarks/recalibrated_bam/1102777134.apply_bqsr.07.txt
    wildcards: sample=1102777134, interval=07


[Tue Jan 18 21:45:55 2022]
rule apply_bqsr:
    input: output/sorted_bam/1102781231/, output/recalibrated_bam/1102781231.recal_data.csv
    output: output/recalibrated_bam/1102781231.aligned.duplicates_marked.recalibrated_13.bam
    jobid: 56
    benchmark: benchmarks/recalibrated_bam/1102781231.apply_bqsr.13.txt
    wildcards: sample=1102781231, interval=13


[Tue Jan 18 21:45:55 2022]
rule apply_bqsr:
    input: output/sorted_bam/1102781231/, output/recalibrated_bam/1102781231.recal_data.csv
    output: output/recalibrated_bam/1102781231.aligned.duplicates_marked.recalibrated_00.bam
    jobid: 71
    benchmark: benchmarks/recalibrated_bam/1102781231.apply_bqsr.00.txt
    wildcards: sample=1102781231, interval=00


[Tue Jan 18 21:45:55 2022]
rule apply_bqsr:
    input: output/sorted_bam/1102777134/, output/recalibrated_bam/1102777134.recal_data.csv
    output: output/recalibrated_bam/1102777134.aligned.duplicates_marked.recalibrated_21.bam
    jobid: 86
    benchmark: benchmarks/recalibrated_bam/1102777134.apply_bqsr.21.txt
    wildcards: sample=1102777134, interval=21


[Tue Jan 18 21:45:55 2022]
rule apply_bqsr:
    input: output/sorted_bam/1102777134/, output/recalibrated_bam/1102777134.recal_data.csv
    output: output/recalibrated_bam/1102777134.aligned.duplicates_marked.recalibrated_05.bam
    jobid: 101
    benchmark: benchmarks/recalibrated_bam/1102777134.apply_bqsr.05.txt
    wildcards: sample=1102777134, interval=05


[Tue Jan 18 21:45:55 2022]
rule apply_bqsr:
    input: output/sorted_bam/1102777134/, output/recalibrated_bam/1102777134.recal_data.csv
    output: output/recalibrated_bam/1102777134.aligned.duplicates_marked.recalibrated_23.bam
    jobid: 81
    benchmark: benchmarks/recalibrated_bam/1102777134.apply_bqsr.23.txt
    wildcards: sample=1102777134, interval=23


[Tue Jan 18 21:45:55 2022]
rule apply_bqsr:
    input: output/sorted_bam/1102781231/, output/recalibrated_bam/1102781231.recal_data.csv
    output: output/recalibrated_bam/1102781231.aligned.duplicates_marked.recalibrated_20.bam
    jobid: 64
    benchmark: benchmarks/recalibrated_bam/1102781231.apply_bqsr.20.txt
    wildcards: sample=1102781231, interval=20


[Tue Jan 18 21:45:55 2022]
rule apply_bqsr:
    input: output/sorted_bam/1102781231/, output/recalibrated_bam/1102781231.recal_data.csv
    output: output/recalibrated_bam/1102781231.aligned.duplicates_marked.recalibrated_19.bam
    jobid: 79
    benchmark: benchmarks/recalibrated_bam/1102781231.apply_bqsr.19.txt
    wildcards: sample=1102781231, interval=19


[Tue Jan 18 21:45:55 2022]
rule apply_bqsr:
    input: output/sorted_bam/1102777134/, output/recalibrated_bam/1102777134.recal_data.csv
    output: output/recalibrated_bam/1102777134.aligned.duplicates_marked.recalibrated_08.bam
    jobid: 94
    benchmark: benchmarks/recalibrated_bam/1102777134.apply_bqsr.08.txt
    wildcards: sample=1102777134, interval=08


[Tue Jan 18 21:45:55 2022]
rule apply_bqsr:
    input: output/sorted_bam/1102781231/, output/recalibrated_bam/1102781231.recal_data.csv
    output: output/recalibrated_bam/1102781231.aligned.duplicates_marked.recalibrated_10.bam
    jobid: 72
    benchmark: benchmarks/recalibrated_bam/1102781231.apply_bqsr.10.txt
    wildcards: sample=1102781231, interval=10


[Tue Jan 18 21:45:55 2022]
rule apply_bqsr:
    input: output/sorted_bam/1102781231/, output/recalibrated_bam/1102781231.recal_data.csv
    output: output/recalibrated_bam/1102781231.aligned.duplicates_marked.recalibrated_04.bam
    jobid: 57
    benchmark: benchmarks/recalibrated_bam/1102781231.apply_bqsr.04.txt
    wildcards: sample=1102781231, interval=04


[Tue Jan 18 21:45:55 2022]
rule apply_bqsr:
    input: output/sorted_bam/1102777134/, output/recalibrated_bam/1102777134.recal_data.csv
    output: output/recalibrated_bam/1102777134.aligned.duplicates_marked.recalibrated_11.bam
    jobid: 87
    benchmark: benchmarks/recalibrated_bam/1102777134.apply_bqsr.11.txt
    wildcards: sample=1102777134, interval=11


[Tue Jan 18 21:45:55 2022]
rule apply_bqsr:
    input: output/sorted_bam/1102777134/, output/recalibrated_bam/1102777134.recal_data.csv
    output: output/recalibrated_bam/1102777134.aligned.duplicates_marked.recalibrated_16.bam
    jobid: 102
    benchmark: benchmarks/recalibrated_bam/1102777134.apply_bqsr.16.txt
    wildcards: sample=1102777134, interval=16


[Tue Jan 18 21:45:55 2022]
rule apply_bqsr:
    input: output/sorted_bam/1102781231/, output/recalibrated_bam/1102781231.recal_data.csv
    output: output/recalibrated_bam/1102781231.aligned.duplicates_marked.recalibrated_06.bam
    jobid: 65
    benchmark: benchmarks/recalibrated_bam/1102781231.apply_bqsr.06.txt
    wildcards: sample=1102781231, interval=06


[Tue Jan 18 21:45:55 2022]
rule apply_bqsr:
    input: output/sorted_bam/1102781231/, output/recalibrated_bam/1102781231.recal_data.csv
    output: output/recalibrated_bam/1102781231.aligned.duplicates_marked.recalibrated_17.bam
    jobid: 80
    benchmark: benchmarks/recalibrated_bam/1102781231.apply_bqsr.17.txt
    wildcards: sample=1102781231, interval=17


[Tue Jan 18 21:45:55 2022]
rule apply_bqsr:
    input: output/sorted_bam/1102777134/, output/recalibrated_bam/1102777134.recal_data.csv
    output: output/recalibrated_bam/1102777134.aligned.duplicates_marked.recalibrated_02.bam
    jobid: 95
    benchmark: benchmarks/recalibrated_bam/1102777134.apply_bqsr.02.txt
    wildcards: sample=1102777134, interval=02


[Tue Jan 18 21:45:55 2022]
rule apply_bqsr:
    input: output/sorted_bam/1102781231/, output/recalibrated_bam/1102781231.recal_data.csv
    output: output/recalibrated_bam/1102781231.aligned.duplicates_marked.recalibrated_24.bam
    jobid: 58
    benchmark: benchmarks/recalibrated_bam/1102781231.apply_bqsr.24.txt
    wildcards: sample=1102781231, interval=24


[Tue Jan 18 21:45:55 2022]
rule apply_bqsr:
    input: output/sorted_bam/1102781231/, output/recalibrated_bam/1102781231.recal_data.csv
    output: output/recalibrated_bam/1102781231.aligned.duplicates_marked.recalibrated_03.bam
    jobid: 73
    benchmark: benchmarks/recalibrated_bam/1102781231.apply_bqsr.03.txt
    wildcards: sample=1102781231, interval=03


[Tue Jan 18 21:45:55 2022]
rule apply_bqsr:
    input: output/sorted_bam/1102777134/, output/recalibrated_bam/1102777134.recal_data.csv
    output: output/recalibrated_bam/1102777134.aligned.duplicates_marked.recalibrated_18.bam
    jobid: 88
    benchmark: benchmarks/recalibrated_bam/1102777134.apply_bqsr.18.txt
    wildcards: sample=1102777134, interval=18


[Tue Jan 18 21:45:55 2022]
rule apply_bqsr:
    input: output/sorted_bam/1102777134/, output/recalibrated_bam/1102777134.recal_data.csv
    output: output/recalibrated_bam/1102777134.aligned.duplicates_marked.recalibrated_14.bam
    jobid: 103
    benchmark: benchmarks/recalibrated_bam/1102777134.apply_bqsr.14.txt
    wildcards: sample=1102777134, interval=14


[Tue Jan 18 21:45:55 2022]
rule apply_bqsr:
    input: output/sorted_bam/1102781231/, output/recalibrated_bam/1102781231.recal_data.csv
    output: output/recalibrated_bam/1102781231.aligned.duplicates_marked.recalibrated_12.bam
    jobid: 66
    benchmark: benchmarks/recalibrated_bam/1102781231.apply_bqsr.12.txt
    wildcards: sample=1102781231, interval=12

[Tue Jan 18 21:46:22 2022]
Finished job 85.
1 of 58 steps (2%) done
[Tue Jan 18 21:46:54 2022]
Finished job 58.
2 of 58 steps (3%) done
[Tue Jan 18 21:48:16 2022]
Finished job 84.
3 of 58 steps (5%) done
[Tue Jan 18 21:48:59 2022]
Finished job 100.
4 of 58 steps (7%) done
[Tue Jan 18 21:49:11 2022]
Finished job 74.
5 of 58 steps (9%) done
[Tue Jan 18 21:49:25 2022]
Finished job 60.
6 of 58 steps (10%) done
[Tue Jan 18 21:49:27 2022]
Finished job 86.
7 of 58 steps (12%) done
[Tue Jan 18 21:50:07 2022]
Finished job 105.
8 of 58 steps (14%) done
[Tue Jan 18 21:50:10 2022]
Finished job 79.
9 of 58 steps (16%) done
[Tue Jan 18 21:50:49 2022]
Finished job 90.
10 of 58 steps (17%) done
[Tue Jan 18 21:51:19 2022]
Finished job 64.
11 of 58 steps (19%) done
[Tue Jan 18 21:51:32 2022]
Finished job 62.
12 of 58 steps (21%) done
[Tue Jan 18 21:51:46 2022]
Finished job 106.
13 of 58 steps (22%) done
[Tue Jan 18 21:51:58 2022]
Finished job 89.
14 of 58 steps (24%) done
[Tue Jan 18 21:52:01 2022]
Finished job 80.
15 of 58 steps (26%) done
[Tue Jan 18 21:52:01 2022]
Finished job 88.
16 of 58 steps (28%) done
[Tue Jan 18 21:52:13 2022]
Finished job 77.
17 of 58 steps (29%) done
[Tue Jan 18 21:52:13 2022]
Finished job 63.
18 of 58 steps (31%) done
[Tue Jan 18 21:52:14 2022]
Finished job 81.
19 of 58 steps (33%) done
[Tue Jan 18 21:52:15 2022]
Finished job 103.
20 of 58 steps (34%) done
[Tue Jan 18 21:52:27 2022]
Finished job 102.
21 of 58 steps (36%) done
[Tue Jan 18 21:52:51 2022]
Finished job 76.
22 of 58 steps (38%) done
[Tue Jan 18 21:53:16 2022]
Finished job 82.
23 of 58 steps (40%) done
[Tue Jan 18 21:53:41 2022]
Finished job 56.
24 of 58 steps (41%) done
[Tue Jan 18 21:53:52 2022]
Finished job 97.
25 of 58 steps (43%) done
[Tue Jan 18 21:53:53 2022]
Finished job 71.
26 of 58 steps (45%) done
[Tue Jan 18 21:54:41 2022]
Finished job 96.
27 of 58 steps (47%) done
[Tue Jan 18 21:54:53 2022]
Finished job 92.
28 of 58 steps (48%) done
[Tue Jan 18 21:54:53 2022]
Finished job 70.
29 of 58 steps (50%) done
[Tue Jan 18 21:55:29 2022]
Finished job 87.
30 of 58 steps (52%) done
[Tue Jan 18 21:55:40 2022]
Finished job 98.
31 of 58 steps (53%) done
[Tue Jan 18 21:56:04 2022]
Finished job 61.
32 of 58 steps (55%) done
[Tue Jan 18 21:56:05 2022]
Finished job 66.
33 of 58 steps (57%) done
[Tue Jan 18 21:56:17 2022]
Finished job 94.
34 of 58 steps (59%) done
[Tue Jan 18 21:56:17 2022]
Finished job 72.
35 of 58 steps (60%) done
[Tue Jan 18 21:56:27 2022]
Finished job 68.
36 of 58 steps (62%) done
[Tue Jan 18 21:56:27 2022]
Finished job 55.
37 of 58 steps (64%) done
[Tue Jan 18 21:57:22 2022]
Finished job 93.
38 of 58 steps (66%) done
[Tue Jan 18 21:57:44 2022]
Finished job 67.
39 of 58 steps (67%) done
[Tue Jan 18 21:57:44 2022]
Finished job 91.
40 of 58 steps (69%) done
[Tue Jan 18 21:57:55 2022]
Finished job 75.
41 of 58 steps (71%) done
[Tue Jan 18 21:58:06 2022]
Finished job 65.
42 of 58 steps (72%) done
[Tue Jan 18 21:59:27 2022]
Finished job 101.
43 of 58 steps (74%) done
[Tue Jan 18 21:59:57 2022]
Finished job 99.
44 of 58 steps (76%) done
[Tue Jan 18 22:00:07 2022]
Finished job 83.
45 of 58 steps (78%) done
[Tue Jan 18 22:00:07 2022]
Finished job 57.
46 of 58 steps (79%) done
[Tue Jan 18 22:00:57 2022]
Finished job 73.
47 of 58 steps (81%) done
[Tue Jan 18 22:03:08 2022]
Finished job 69.
48 of 58 steps (83%) done
[Tue Jan 18 22:03:18 2022]
Finished job 104.
49 of 58 steps (84%) done
[Tue Jan 18 22:03:48 2022]
Finished job 95.
50 of 58 steps (86%) done
[Tue Jan 18 22:04:18 2022]
Finished job 78.
51 of 58 steps (88%) done

[Tue Jan 18 22:04:18 2022]
rule gather_recal_bams:
    input: output/recalibrated_bam/1102781231.aligned.duplicates_marked.recalibrated_23.bam, output/recalibrated_bam/1102781231.aligned.duplicates_marked.recalibrated_13.bam, output/recalibrated_bam/1102781231.aligned.duplicates_marked.recalibrated_04.bam, output/recalibrated_bam/1102781231.aligned.duplicates_marked.recalibrated_24.bam, output/recalibrated_bam/1102781231.aligned.duplicates_marked.recalibrated_25.bam, output/recalibrated_bam/1102781231.aligned.duplicates_marked.recalibrated_21.bam, output/recalibrated_bam/1102781231.aligned.duplicates_marked.recalibrated_11.bam, output/recalibrated_bam/1102781231.aligned.duplicates_marked.recalibrated_18.bam, output/recalibrated_bam/1102781231.aligned.duplicates_marked.recalibrated_15.bam, output/recalibrated_bam/1102781231.aligned.duplicates_marked.recalibrated_20.bam, output/recalibrated_bam/1102781231.aligned.duplicates_marked.recalibrated_06.bam, output/recalibrated_bam/1102781231.aligned.duplicates_marked.recalibrated_12.bam, output/recalibrated_bam/1102781231.aligned.duplicates_marked.recalibrated_07.bam, output/recalibrated_bam/1102781231.aligned.duplicates_marked.recalibrated_08.bam, output/recalibrated_bam/1102781231.aligned.duplicates_marked.recalibrated_02.bam, output/recalibrated_bam/1102781231.aligned.duplicates_marked.recalibrated_09.bam, output/recalibrated_bam/1102781231.aligned.duplicates_marked.recalibrated_00.bam, output/recalibrated_bam/1102781231.aligned.duplicates_marked.recalibrated_10.bam, output/recalibrated_bam/1102781231.aligned.duplicates_marked.recalibrated_03.bam, output/recalibrated_bam/1102781231.aligned.duplicates_marked.recalibrated_22.bam, output/recalibrated_bam/1102781231.aligned.duplicates_marked.recalibrated_05.bam, output/recalibrated_bam/1102781231.aligned.duplicates_marked.recalibrated_16.bam, output/recalibrated_bam/1102781231.aligned.duplicates_marked.recalibrated_14.bam, output/recalibrated_bam/1102781231.aligned.duplicates_marked.recalibrated_01.bam, output/recalibrated_bam/1102781231.aligned.duplicates_marked.recalibrated_19.bam, output/recalibrated_bam/1102781231.aligned.duplicates_marked.recalibrated_17.bam, output/recalibrated_bam/1102781231.aligned.duplicates_marked.recalibrated_23.bam, output/recalibrated_bam/1102781231.aligned.duplicates_marked.recalibrated_13.bam, output/recalibrated_bam/1102781231.aligned.duplicates_marked.recalibrated_04.bam, output/recalibrated_bam/1102781231.aligned.duplicates_marked.recalibrated_24.bam, output/recalibrated_bam/1102781231.aligned.duplicates_marked.recalibrated_25.bam, output/recalibrated_bam/1102781231.aligned.duplicates_marked.recalibrated_21.bam, output/recalibrated_bam/1102781231.aligned.duplicates_marked.recalibrated_11.bam, output/recalibrated_bam/1102781231.aligned.duplicates_marked.recalibrated_18.bam, output/recalibrated_bam/1102781231.aligned.duplicates_marked.recalibrated_15.bam, output/recalibrated_bam/1102781231.aligned.duplicates_marked.recalibrated_20.bam, output/recalibrated_bam/1102781231.aligned.duplicates_marked.recalibrated_06.bam, output/recalibrated_bam/1102781231.aligned.duplicates_marked.recalibrated_12.bam, output/recalibrated_bam/1102781231.aligned.duplicates_marked.recalibrated_07.bam, output/recalibrated_bam/1102781231.aligned.duplicates_marked.recalibrated_08.bam, output/recalibrated_bam/1102781231.aligned.duplicates_marked.recalibrated_02.bam, output/recalibrated_bam/1102781231.aligned.duplicates_marked.recalibrated_09.bam, output/recalibrated_bam/1102781231.aligned.duplicates_marked.recalibrated_00.bam, output/recalibrated_bam/1102781231.aligned.duplicates_marked.recalibrated_10.bam, output/recalibrated_bam/1102781231.aligned.duplicates_marked.recalibrated_03.bam, output/recalibrated_bam/1102781231.aligned.duplicates_marked.recalibrated_22.bam, output/recalibrated_bam/1102781231.aligned.duplicates_marked.recalibrated_05.bam, output/recalibrated_bam/1102781231.aligned.duplicates_marked.recalibrated_16.bam, output/recalibrated_bam/1102781231.aligned.duplicates_marked.recalibrated_14.bam, output/recalibrated_bam/1102781231.aligned.duplicates_marked.recalibrated_01.bam, output/recalibrated_bam/1102781231.aligned.duplicates_marked.recalibrated_19.bam, output/recalibrated_bam/1102781231.aligned.duplicates_marked.recalibrated_17.bam, output/recalibrated_bam/1102781231.aligned.duplicates_marked.recalibrated_23.bam, output/recalibrated_bam/1102781231.aligned.duplicates_marked.recalibrated_13.bam, output/recalibrated_bam/1102781231.aligned.duplicates_marked.recalibrated_04.bam, output/recalibrated_bam/1102781231.aligned.duplicates_marked.recalibrated_24.bam, output/recalibrated_bam/1102781231.aligned.duplicates_marked.recalibrated_25.bam, output/recalibrated_bam/1102781231.aligned.duplicates_marked.recalibrated_21.bam, output/recalibrated_bam/1102781231.aligned.duplicates_marked.recalibrated_11.bam, output/recalibrated_bam/1102781231.aligned.duplicates_marked.recalibrated_18.bam, output/recalibrated_bam/1102781231.aligned.duplicates_marked.recalibrated_15.bam, output/recalibrated_bam/1102781231.aligned.duplicates_marked.recalibrated_20.bam, output/recalibrated_bam/1102781231.aligned.duplicates_marked.recalibrated_06.bam, output/recalibrated_bam/1102781231.aligned.duplicates_marked.recalibrated_12.bam, output/recalibrated_bam/1102781231.aligned.duplicates_marked.recalibrated_07.bam, output/recalibrated_bam/1102781231.aligned.duplicates_marked.recalibrated_08.bam, output/recalibrated_bam/1102781231.aligned.duplicates_marked.recalibrated_02.bam, output/recalibrated_bam/1102781231.aligned.duplicates_marked.recalibrated_09.bam, output/recalibrated_bam/1102781231.aligned.duplicates_marked.recalibrated_00.bam, output/recalibrated_bam/1102781231.aligned.duplicates_marked.recalibrated_10.bam, output/recalibrated_bam/1102781231.aligned.duplicates_marked.recalibrated_03.bam, output/recalibrated_bam/1102781231.aligned.duplicates_marked.recalibrated_22.bam, output/recalibrated_bam/1102781231.aligned.duplicates_marked.recalibrated_05.bam, output/recalibrated_bam/1102781231.aligned.duplicates_marked.recalibrated_16.bam, output/recalibrated_bam/1102781231.aligned.duplicates_marked.recalibrated_14.bam, output/recalibrated_bam/1102781231.aligned.duplicates_marked.recalibrated_01.bam, output/recalibrated_bam/1102781231.aligned.duplicates_marked.recalibrated_19.bam, output/recalibrated_bam/1102781231.aligned.duplicates_marked.recalibrated_17.bam, output/recalibrated_bam/1102781231.aligned.duplicates_marked.recalibrated_23.bam, output/recalibrated_bam/1102781231.aligned.duplicates_marked.recalibrated_13.bam, output/recalibrated_bam/1102781231.aligned.duplicates_marked.recalibrated_04.bam, output/recalibrated_bam/1102781231.aligned.duplicates_marked.recalibrated_24.bam, output/recalibrated_bam/1102781231.aligned.duplicates_marked.recalibrated_25.bam, output/recalibrated_bam/1102781231.aligned.duplicates_marked.recalibrated_21.bam, output/recalibrated_bam/1102781231.aligned.duplicates_marked.recalibrated_11.bam, output/recalibrated_bam/1102781231.aligned.duplicates_marked.recalibrated_18.bam, output/recalibrated_bam/1102781231.aligned.duplicates_marked.recalibrated_15.bam, output/recalibrated_bam/1102781231.aligned.duplicates_marked.recalibrated_20.bam, output/recalibrated_bam/1102781231.aligned.duplicates_marked.recalibrated_06.bam, output/recalibrated_bam/1102781231.aligned.duplicates_marked.recalibrated_12.bam, output/recalibrated_bam/1102781231.aligned.duplicates_marked.recalibrated_07.bam, output/recalibrated_bam/1102781231.aligned.duplicates_marked.recalibrated_08.bam, output/recalibrated_bam/1102781231.aligned.duplicates_marked.recalibrated_02.bam, output/recalibrated_bam/1102781231.aligned.duplicates_marked.recalibrated_09.bam, output/recalibrated_bam/1102781231.aligned.duplicates_marked.recalibrated_00.bam, output/recalibrated_bam/1102781231.aligned.duplicates_marked.recalibrated_10.bam, output/recalibrated_bam/1102781231.aligned.duplicates_marked.recalibrated_03.bam, output/recalibrated_bam/1102781231.aligned.duplicates_marked.recalibrated_22.bam, output/recalibrated_bam/1102781231.aligned.duplicates_marked.recalibrated_05.bam, output/recalibrated_bam/1102781231.aligned.duplicates_marked.recalibrated_16.bam, output/recalibrated_bam/1102781231.aligned.duplicates_marked.recalibrated_14.bam, output/recalibrated_bam/1102781231.aligned.duplicates_marked.recalibrated_01.bam, output/recalibrated_bam/1102781231.aligned.duplicates_marked.recalibrated_19.bam, output/recalibrated_bam/1102781231.aligned.duplicates_marked.recalibrated_17.bam, output/recalibrated_bam/1102781231.aligned.duplicates_marked.recalibrated_23.bam, output/recalibrated_bam/1102781231.aligned.duplicates_marked.recalibrated_13.bam, output/recalibrated_bam/1102781231.aligned.duplicates_marked.recalibrated_04.bam, output/recalibrated_bam/1102781231.aligned.duplicates_marked.recalibrated_24.bam, output/recalibrated_bam/1102781231.aligned.duplicates_marked.recalibrated_25.bam, output/recalibrated_bam/1102781231.aligned.duplicates_marked.recalibrated_21.bam, output/recalibrated_bam/1102781231.aligned.duplicates_marked.recalibrated_11.bam, output/recalibrated_bam/1102781231.aligned.duplicates_marked.recalibrated_18.bam, output/recalibrated_bam/1102781231.aligned.duplicates_marked.recalibrated_15.bam, output/recalibrated_bam/1102781231.aligned.duplicates_marked.recalibrated_20.bam, output/recalibrated_bam/1102781231.aligned.duplicates_marked.recalibrated_06.bam, output/recalibrated_bam/1102781231.aligned.duplicates_marked.recalibrated_12.bam, output/recalibrated_bam/1102781231.aligned.duplicates_marked.recalibrated_07.bam, output/recalibrated_bam/1102781231.aligned.duplicates_marked.recalibrated_08.bam, output/recalibrated_bam/1102781231.aligned.duplicates_marked.recalibrated_02.bam, output/recalibrated_bam/1102781231.aligned.duplicates_marked.recalibrated_09.bam, output/recalibrated_bam/1102781231.aligned.duplicates_marked.recalibrated_00.bam, output/recalibrated_bam/1102781231.aligned.duplicates_marked.recalibrated_10.bam, output/recalibrated_bam/1102781231.aligned.duplicates_marked.recalibrated_03.bam, output/recalibrated_bam/1102781231.aligned.duplicates_marked.recalibrated_22.bam, output/recalibrated_bam/1102781231.aligned.duplicates_marked.recalibrated_05.bam, output/recalibrated_bam/1102781231.aligned.duplicates_marked.recalibrated_16.bam, output/recalibrated_bam/1102781231.aligned.duplicates_marked.recalibrated_14.bam, output/recalibrated_bam/1102781231.aligned.duplicates_marked.recalibrated_01.bam, output/recalibrated_bam/1102781231.aligned.duplicates_marked.recalibrated_19.bam, output/recalibrated_bam/1102781231.aligned.duplicates_marked.recalibrated_17.bam, output/recalibrated_bam/1102777134.aligned.duplicates_marked.recalibrated_23.bam, output/recalibrated_bam/1102777134.aligned.duplicates_marked.recalibrated_13.bam, output/recalibrated_bam/1102777134.aligned.duplicates_marked.recalibrated_04.bam, output/recalibrated_bam/1102777134.aligned.duplicates_marked.recalibrated_24.bam, output/recalibrated_bam/1102777134.aligned.duplicates_marked.recalibrated_25.bam, output/recalibrated_bam/1102777134.aligned.duplicates_marked.recalibrated_21.bam, output/recalibrated_bam/1102777134.aligned.duplicates_marked.recalibrated_11.bam, output/recalibrated_bam/1102777134.aligned.duplicates_marked.recalibrated_18.bam, output/recalibrated_bam/1102777134.aligned.duplicates_marked.recalibrated_15.bam, output/recalibrated_bam/1102777134.aligned.duplicates_marked.recalibrated_20.bam, output/recalibrated_bam/1102777134.aligned.duplicates_marked.recalibrated_06.bam, output/recalibrated_bam/1102777134.aligned.duplicates_marked.recalibrated_12.bam, output/recalibrated_bam/1102777134.aligned.duplicates_marked.recalibrated_07.bam, output/recalibrated_bam/1102777134.aligned.duplicates_marked.recalibrated_08.bam, output/recalibrated_bam/1102777134.aligned.duplicates_marked.recalibrated_02.bam, output/recalibrated_bam/1102777134.aligned.duplicates_marked.recalibrated_09.bam, output/recalibrated_bam/1102777134.aligned.duplicates_marked.recalibrated_00.bam, output/recalibrated_bam/1102777134.aligned.duplicates_marked.recalibrated_10.bam, output/recalibrated_bam/1102777134.aligned.duplicates_marked.recalibrated_03.bam, output/recalibrated_bam/1102777134.aligned.duplicates_marked.recalibrated_22.bam, output/recalibrated_bam/1102777134.aligned.duplicates_marked.recalibrated_05.bam, output/recalibrated_bam/1102777134.aligned.duplicates_marked.recalibrated_16.bam, output/recalibrated_bam/1102777134.aligned.duplicates_marked.recalibrated_14.bam, output/recalibrated_bam/1102777134.aligned.duplicates_marked.recalibrated_01.bam, output/recalibrated_bam/1102777134.aligned.duplicates_marked.recalibrated_19.bam, output/recalibrated_bam/1102777134.aligned.duplicates_marked.recalibrated_17.bam, output/recalibrated_bam/1102777134.aligned.duplicates_marked.recalibrated_23.bam, output/recalibrated_bam/1102777134.aligned.duplicates_marked.recalibrated_13.bam, output/recalibrated_bam/1102777134.aligned.duplicates_marked.recalibrated_04.bam, output/recalibrated_bam/1102777134.aligned.duplicates_marked.recalibrated_24.bam, output/recalibrated_bam/1102777134.aligned.duplicates_marked.recalibrated_25.bam, output/recalibrated_bam/1102777134.aligned.duplicates_marked.recalibrated_21.bam, output/recalibrated_bam/1102777134.aligned.duplicates_marked.recalibrated_11.bam, output/recalibrated_bam/1102777134.aligned.duplicates_marked.recalibrated_18.bam, output/recalibrated_bam/1102777134.aligned.duplicates_marked.recalibrated_15.bam, output/recalibrated_bam/1102777134.aligned.duplicates_marked.recalibrated_20.bam, output/recalibrated_bam/1102777134.aligned.duplicates_marked.recalibrated_06.bam, output/recalibrated_bam/1102777134.aligned.duplicates_marked.recalibrated_12.bam, output/recalibrated_bam/1102777134.aligned.duplicates_marked.recalibrated_07.bam, output/recalibrated_bam/1102777134.aligned.duplicates_marked.recalibrated_08.bam, output/recalibrated_bam/1102777134.aligned.duplicates_marked.recalibrated_02.bam, output/recalibrated_bam/1102777134.aligned.duplicates_marked.recalibrated_09.bam, output/recalibrated_bam/1102777134.aligned.duplicates_marked.recalibrated_00.bam, output/recalibrated_bam/1102777134.aligned.duplicates_marked.recalibrated_10.bam, output/recalibrated_bam/1102777134.aligned.duplicates_marked.recalibrated_03.bam, output/recalibrated_bam/1102777134.aligned.duplicates_marked.recalibrated_22.bam, output/recalibrated_bam/1102777134.aligned.duplicates_marked.recalibrated_05.bam, output/recalibrated_bam/1102777134.aligned.duplicates_marked.recalibrated_16.bam, output/recalibrated_bam/1102777134.aligned.duplicates_marked.recalibrated_14.bam, output/recalibrated_bam/1102777134.aligned.duplicates_marked.recalibrated_01.bam, output/recalibrated_bam/1102777134.aligned.duplicates_marked.recalibrated_19.bam, output/recalibrated_bam/1102777134.aligned.duplicates_marked.recalibrated_17.bam, output/recalibrated_bam/1102777134.aligned.duplicates_marked.recalibrated_23.bam, output/recalibrated_bam/1102777134.aligned.duplicates_marked.recalibrated_13.bam, output/recalibrated_bam/1102777134.aligned.duplicates_marked.recalibrated_04.bam, output/recalibrated_bam/1102777134.aligned.duplicates_marked.recalibrated_24.bam, output/recalibrated_bam/1102777134.aligned.duplicates_marked.recalibrated_25.bam, output/recalibrated_bam/1102777134.aligned.duplicates_marked.recalibrated_21.bam, output/recalibrated_bam/1102777134.aligned.duplicates_marked.recalibrated_11.bam, output/recalibrated_bam/1102777134.aligned.duplicates_marked.recalibrated_18.bam, output/recalibrated_bam/1102777134.aligned.duplicates_marked.recalibrated_15.bam, output/recalibrated_bam/1102777134.aligned.duplicates_marked.recalibrated_20.bam, output/recalibrated_bam/1102777134.aligned.duplicates_marked.recalibrated_06.bam, output/recalibrated_bam/1102777134.aligned.duplicates_marked.recalibrated_12.bam, output/recalibrated_bam/1102777134.aligned.duplicates_marked.recalibrated_07.bam, output/recalibrated_bam/1102777134.aligned.duplicates_marked.recalibrated_08.bam, output/recalibrated_bam/1102777134.aligned.duplicates_marked.recalibrated_02.bam, output/recalibrated_bam/1102777134.aligned.duplicates_marked.recalibrated_09.bam, output/recalibrated_bam/1102777134.aligned.duplicates_marked.recalibrated_00.bam, output/recalibrated_bam/1102777134.aligned.duplicates_marked.recalibrated_10.bam, output/recalibrated_bam/1102777134.aligned.duplicates_marked.recalibrated_03.bam, output/recalibrated_bam/1102777134.aligned.duplicates_marked.recalibrated_22.bam, output/recalibrated_bam/1102777134.aligned.duplicates_marked.recalibrated_05.bam, output/recalibrated_bam/1102777134.aligned.duplicates_marked.recalibrated_16.bam, output/recalibrated_bam/1102777134.aligned.duplicates_marked.recalibrated_14.bam, output/recalibrated_bam/1102777134.aligned.duplicates_marked.recalibrated_01.bam, output/recalibrated_bam/1102777134.aligned.duplicates_marked.recalibrated_19.bam, output/recalibrated_bam/1102777134.aligned.duplicates_marked.recalibrated_17.bam, output/recalibrated_bam/1102777134.aligned.duplicates_marked.recalibrated_23.bam, output/recalibrated_bam/1102777134.aligned.duplicates_marked.recalibrated_13.bam, output/recalibrated_bam/1102777134.aligned.duplicates_marked.recalibrated_04.bam, output/recalibrated_bam/1102777134.aligned.duplicates_marked.recalibrated_24.bam, output/recalibrated_bam/1102777134.aligned.duplicates_marked.recalibrated_25.bam, output/recalibrated_bam/1102777134.aligned.duplicates_marked.recalibrated_21.bam, output/recalibrated_bam/1102777134.aligned.duplicates_marked.recalibrated_11.bam, output/recalibrated_bam/1102777134.aligned.duplicates_marked.recalibrated_18.bam, output/recalibrated_bam/1102777134.aligned.duplicates_marked.recalibrated_15.bam, output/recalibrated_bam/1102777134.aligned.duplicates_marked.recalibrated_20.bam, output/recalibrated_bam/1102777134.aligned.duplicates_marked.recalibrated_06.bam, output/recalibrated_bam/1102777134.aligned.duplicates_marked.recalibrated_12.bam, output/recalibrated_bam/1102777134.aligned.duplicates_marked.recalibrated_07.bam, output/recalibrated_bam/1102777134.aligned.duplicates_marked.recalibrated_08.bam, output/recalibrated_bam/1102777134.aligned.duplicates_marked.recalibrated_02.bam, output/recalibrated_bam/1102777134.aligned.duplicates_marked.recalibrated_09.bam, output/recalibrated_bam/1102777134.aligned.duplicates_marked.recalibrated_00.bam, output/recalibrated_bam/1102777134.aligned.duplicates_marked.recalibrated_10.bam, output/recalibrated_bam/1102777134.aligned.duplicates_marked.recalibrated_03.bam, output/recalibrated_bam/1102777134.aligned.duplicates_marked.recalibrated_22.bam, output/recalibrated_bam/1102777134.aligned.duplicates_marked.recalibrated_05.bam, output/recalibrated_bam/1102777134.aligned.duplicates_marked.recalibrated_16.bam, output/recalibrated_bam/1102777134.aligned.duplicates_marked.recalibrated_14.bam, output/recalibrated_bam/1102777134.aligned.duplicates_marked.recalibrated_01.bam, output/recalibrated_bam/1102777134.aligned.duplicates_marked.recalibrated_19.bam, output/recalibrated_bam/1102777134.aligned.duplicates_marked.recalibrated_17.bam, output/recalibrated_bam/1102777134.aligned.duplicates_marked.recalibrated_23.bam, output/recalibrated_bam/1102777134.aligned.duplicates_marked.recalibrated_13.bam, output/recalibrated_bam/1102777134.aligned.duplicates_marked.recalibrated_04.bam, output/recalibrated_bam/1102777134.aligned.duplicates_marked.recalibrated_24.bam, output/recalibrated_bam/1102777134.aligned.duplicates_marked.recalibrated_25.bam, output/recalibrated_bam/1102777134.aligned.duplicates_marked.recalibrated_21.bam, output/recalibrated_bam/1102777134.aligned.duplicates_marked.recalibrated_11.bam, output/recalibrated_bam/1102777134.aligned.duplicates_marked.recalibrated_18.bam, output/recalibrated_bam/1102777134.aligned.duplicates_marked.recalibrated_15.bam, output/recalibrated_bam/1102777134.aligned.duplicates_marked.recalibrated_20.bam, output/recalibrated_bam/1102777134.aligned.duplicates_marked.recalibrated_06.bam, output/recalibrated_bam/1102777134.aligned.duplicates_marked.recalibrated_12.bam, output/recalibrated_bam/1102777134.aligned.duplicates_marked.recalibrated_07.bam, output/recalibrated_bam/1102777134.aligned.duplicates_marked.recalibrated_08.bam, output/recalibrated_bam/1102777134.aligned.duplicates_marked.recalibrated_02.bam, output/recalibrated_bam/1102777134.aligned.duplicates_marked.recalibrated_09.bam, output/recalibrated_bam/1102777134.aligned.duplicates_marked.recalibrated_00.bam, output/recalibrated_bam/1102777134.aligned.duplicates_marked.recalibrated_10.bam, output/recalibrated_bam/1102777134.aligned.duplicates_marked.recalibrated_03.bam, output/recalibrated_bam/1102777134.aligned.duplicates_marked.recalibrated_22.bam, output/recalibrated_bam/1102777134.aligned.duplicates_marked.recalibrated_05.bam, output/recalibrated_bam/1102777134.aligned.duplicates_marked.recalibrated_16.bam, output/recalibrated_bam/1102777134.aligned.duplicates_marked.recalibrated_14.bam, output/recalibrated_bam/1102777134.aligned.duplicates_marked.recalibrated_01.bam, output/recalibrated_bam/1102777134.aligned.duplicates_marked.recalibrated_19.bam, output/recalibrated_bam/1102777134.aligned.duplicates_marked.recalibrated_17.bam
    output: output/final_bam/1102781231.final.bam
    log: logs/final_bam/1102781231.final.bam.log
    jobid: 107
    benchmark: benchmarks/final_bam/1102781231.final.bam.txt
    wildcards: sample=1102781231


[Tue Jan 18 22:04:18 2022]
rule gather_recal_bams:
    input: output/recalibrated_bam/1102781231.aligned.duplicates_marked.recalibrated_23.bam, output/recalibrated_bam/1102781231.aligned.duplicates_marked.recalibrated_13.bam, output/recalibrated_bam/1102781231.aligned.duplicates_marked.recalibrated_04.bam, output/recalibrated_bam/1102781231.aligned.duplicates_marked.recalibrated_24.bam, output/recalibrated_bam/1102781231.aligned.duplicates_marked.recalibrated_25.bam, output/recalibrated_bam/1102781231.aligned.duplicates_marked.recalibrated_21.bam, output/recalibrated_bam/1102781231.aligned.duplicates_marked.recalibrated_11.bam, output/recalibrated_bam/1102781231.aligned.duplicates_marked.recalibrated_18.bam, output/recalibrated_bam/1102781231.aligned.duplicates_marked.recalibrated_15.bam, output/recalibrated_bam/1102781231.aligned.duplicates_marked.recalibrated_20.bam, output/recalibrated_bam/1102781231.aligned.duplicates_marked.recalibrated_06.bam, output/recalibrated_bam/1102781231.aligned.duplicates_marked.recalibrated_12.bam, output/recalibrated_bam/1102781231.aligned.duplicates_marked.recalibrated_07.bam, output/recalibrated_bam/1102781231.aligned.duplicates_marked.recalibrated_08.bam, output/recalibrated_bam/1102781231.aligned.duplicates_marked.recalibrated_02.bam, output/recalibrated_bam/1102781231.aligned.duplicates_marked.recalibrated_09.bam, output/recalibrated_bam/1102781231.aligned.duplicates_marked.recalibrated_00.bam, output/recalibrated_bam/1102781231.aligned.duplicates_marked.recalibrated_10.bam, output/recalibrated_bam/1102781231.aligned.duplicates_marked.recalibrated_03.bam, output/recalibrated_bam/1102781231.aligned.duplicates_marked.recalibrated_22.bam, output/recalibrated_bam/1102781231.aligned.duplicates_marked.recalibrated_05.bam, output/recalibrated_bam/1102781231.aligned.duplicates_marked.recalibrated_16.bam, output/recalibrated_bam/1102781231.aligned.duplicates_marked.recalibrated_14.bam, output/recalibrated_bam/1102781231.aligned.duplicates_marked.recalibrated_01.bam, output/recalibrated_bam/1102781231.aligned.duplicates_marked.recalibrated_19.bam, output/recalibrated_bam/1102781231.aligned.duplicates_marked.recalibrated_17.bam, output/recalibrated_bam/1102781231.aligned.duplicates_marked.recalibrated_23.bam, output/recalibrated_bam/1102781231.aligned.duplicates_marked.recalibrated_13.bam, output/recalibrated_bam/1102781231.aligned.duplicates_marked.recalibrated_04.bam, output/recalibrated_bam/1102781231.aligned.duplicates_marked.recalibrated_24.bam, output/recalibrated_bam/1102781231.aligned.duplicates_marked.recalibrated_25.bam, output/recalibrated_bam/1102781231.aligned.duplicates_marked.recalibrated_21.bam, output/recalibrated_bam/1102781231.aligned.duplicates_marked.recalibrated_11.bam, output/recalibrated_bam/1102781231.aligned.duplicates_marked.recalibrated_18.bam, output/recalibrated_bam/1102781231.aligned.duplicates_marked.recalibrated_15.bam, output/recalibrated_bam/1102781231.aligned.duplicates_marked.recalibrated_20.bam, output/recalibrated_bam/1102781231.aligned.duplicates_marked.recalibrated_06.bam, output/recalibrated_bam/1102781231.aligned.duplicates_marked.recalibrated_12.bam, output/recalibrated_bam/1102781231.aligned.duplicates_marked.recalibrated_07.bam, output/recalibrated_bam/1102781231.aligned.duplicates_marked.recalibrated_08.bam, output/recalibrated_bam/1102781231.aligned.duplicates_marked.recalibrated_02.bam, output/recalibrated_bam/1102781231.aligned.duplicates_marked.recalibrated_09.bam, output/recalibrated_bam/1102781231.aligned.duplicates_marked.recalibrated_00.bam, output/recalibrated_bam/1102781231.aligned.duplicates_marked.recalibrated_10.bam, output/recalibrated_bam/1102781231.aligned.duplicates_marked.recalibrated_03.bam, output/recalibrated_bam/1102781231.aligned.duplicates_marked.recalibrated_22.bam, output/recalibrated_bam/1102781231.aligned.duplicates_marked.recalibrated_05.bam, output/recalibrated_bam/1102781231.aligned.duplicates_marked.recalibrated_16.bam, output/recalibrated_bam/1102781231.aligned.duplicates_marked.recalibrated_14.bam, output/recalibrated_bam/1102781231.aligned.duplicates_marked.recalibrated_01.bam, output/recalibrated_bam/1102781231.aligned.duplicates_marked.recalibrated_19.bam, output/recalibrated_bam/1102781231.aligned.duplicates_marked.recalibrated_17.bam, output/recalibrated_bam/1102781231.aligned.duplicates_marked.recalibrated_23.bam, output/recalibrated_bam/1102781231.aligned.duplicates_marked.recalibrated_13.bam, output/recalibrated_bam/1102781231.aligned.duplicates_marked.recalibrated_04.bam, output/recalibrated_bam/1102781231.aligned.duplicates_marked.recalibrated_24.bam, output/recalibrated_bam/1102781231.aligned.duplicates_marked.recalibrated_25.bam, output/recalibrated_bam/1102781231.aligned.duplicates_marked.recalibrated_21.bam, output/recalibrated_bam/1102781231.aligned.duplicates_marked.recalibrated_11.bam, output/recalibrated_bam/1102781231.aligned.duplicates_marked.recalibrated_18.bam, output/recalibrated_bam/1102781231.aligned.duplicates_marked.recalibrated_15.bam, output/recalibrated_bam/1102781231.aligned.duplicates_marked.recalibrated_20.bam, output/recalibrated_bam/1102781231.aligned.duplicates_marked.recalibrated_06.bam, output/recalibrated_bam/1102781231.aligned.duplicates_marked.recalibrated_12.bam, output/recalibrated_bam/1102781231.aligned.duplicates_marked.recalibrated_07.bam, output/recalibrated_bam/1102781231.aligned.duplicates_marked.recalibrated_08.bam, output/recalibrated_bam/1102781231.aligned.duplicates_marked.recalibrated_02.bam, output/recalibrated_bam/1102781231.aligned.duplicates_marked.recalibrated_09.bam, output/recalibrated_bam/1102781231.aligned.duplicates_marked.recalibrated_00.bam, output/recalibrated_bam/1102781231.aligned.duplicates_marked.recalibrated_10.bam, output/recalibrated_bam/1102781231.aligned.duplicates_marked.recalibrated_03.bam, output/recalibrated_bam/1102781231.aligned.duplicates_marked.recalibrated_22.bam, output/recalibrated_bam/1102781231.aligned.duplicates_marked.recalibrated_05.bam, output/recalibrated_bam/1102781231.aligned.duplicates_marked.recalibrated_16.bam, output/recalibrated_bam/1102781231.aligned.duplicates_marked.recalibrated_14.bam, output/recalibrated_bam/1102781231.aligned.duplicates_marked.recalibrated_01.bam, output/recalibrated_bam/1102781231.aligned.duplicates_marked.recalibrated_19.bam, output/recalibrated_bam/1102781231.aligned.duplicates_marked.recalibrated_17.bam, output/recalibrated_bam/1102781231.aligned.duplicates_marked.recalibrated_23.bam, output/recalibrated_bam/1102781231.aligned.duplicates_marked.recalibrated_13.bam, output/recalibrated_bam/1102781231.aligned.duplicates_marked.recalibrated_04.bam, output/recalibrated_bam/1102781231.aligned.duplicates_marked.recalibrated_24.bam, output/recalibrated_bam/1102781231.aligned.duplicates_marked.recalibrated_25.bam, output/recalibrated_bam/1102781231.aligned.duplicates_marked.recalibrated_21.bam, output/recalibrated_bam/1102781231.aligned.duplicates_marked.recalibrated_11.bam, output/recalibrated_bam/1102781231.aligned.duplicates_marked.recalibrated_18.bam, output/recalibrated_bam/1102781231.aligned.duplicates_marked.recalibrated_15.bam, output/recalibrated_bam/1102781231.aligned.duplicates_marked.recalibrated_20.bam, output/recalibrated_bam/1102781231.aligned.duplicates_marked.recalibrated_06.bam, output/recalibrated_bam/1102781231.aligned.duplicates_marked.recalibrated_12.bam, output/recalibrated_bam/1102781231.aligned.duplicates_marked.recalibrated_07.bam, output/recalibrated_bam/1102781231.aligned.duplicates_marked.recalibrated_08.bam, output/recalibrated_bam/1102781231.aligned.duplicates_marked.recalibrated_02.bam, output/recalibrated_bam/1102781231.aligned.duplicates_marked.recalibrated_09.bam, output/recalibrated_bam/1102781231.aligned.duplicates_marked.recalibrated_00.bam, output/recalibrated_bam/1102781231.aligned.duplicates_marked.recalibrated_10.bam, output/recalibrated_bam/1102781231.aligned.duplicates_marked.recalibrated_03.bam, output/recalibrated_bam/1102781231.aligned.duplicates_marked.recalibrated_22.bam, output/recalibrated_bam/1102781231.aligned.duplicates_marked.recalibrated_05.bam, output/recalibrated_bam/1102781231.aligned.duplicates_marked.recalibrated_16.bam, output/recalibrated_bam/1102781231.aligned.duplicates_marked.recalibrated_14.bam, output/recalibrated_bam/1102781231.aligned.duplicates_marked.recalibrated_01.bam, output/recalibrated_bam/1102781231.aligned.duplicates_marked.recalibrated_19.bam, output/recalibrated_bam/1102781231.aligned.duplicates_marked.recalibrated_17.bam, output/recalibrated_bam/1102781231.aligned.duplicates_marked.recalibrated_23.bam, output/recalibrated_bam/1102781231.aligned.duplicates_marked.recalibrated_13.bam, output/recalibrated_bam/1102781231.aligned.duplicates_marked.recalibrated_04.bam, output/recalibrated_bam/1102781231.aligned.duplicates_marked.recalibrated_24.bam, output/recalibrated_bam/1102781231.aligned.duplicates_marked.recalibrated_25.bam, output/recalibrated_bam/1102781231.aligned.duplicates_marked.recalibrated_21.bam, output/recalibrated_bam/1102781231.aligned.duplicates_marked.recalibrated_11.bam, output/recalibrated_bam/1102781231.aligned.duplicates_marked.recalibrated_18.bam, output/recalibrated_bam/1102781231.aligned.duplicates_marked.recalibrated_15.bam, output/recalibrated_bam/1102781231.aligned.duplicates_marked.recalibrated_20.bam, output/recalibrated_bam/1102781231.aligned.duplicates_marked.recalibrated_06.bam, output/recalibrated_bam/1102781231.aligned.duplicates_marked.recalibrated_12.bam, output/recalibrated_bam/1102781231.aligned.duplicates_marked.recalibrated_07.bam, output/recalibrated_bam/1102781231.aligned.duplicates_marked.recalibrated_08.bam, output/recalibrated_bam/1102781231.aligned.duplicates_marked.recalibrated_02.bam, output/recalibrated_bam/1102781231.aligned.duplicates_marked.recalibrated_09.bam, output/recalibrated_bam/1102781231.aligned.duplicates_marked.recalibrated_00.bam, output/recalibrated_bam/1102781231.aligned.duplicates_marked.recalibrated_10.bam, output/recalibrated_bam/1102781231.aligned.duplicates_marked.recalibrated_03.bam, output/recalibrated_bam/1102781231.aligned.duplicates_marked.recalibrated_22.bam, output/recalibrated_bam/1102781231.aligned.duplicates_marked.recalibrated_05.bam, output/recalibrated_bam/1102781231.aligned.duplicates_marked.recalibrated_16.bam, output/recalibrated_bam/1102781231.aligned.duplicates_marked.recalibrated_14.bam, output/recalibrated_bam/1102781231.aligned.duplicates_marked.recalibrated_01.bam, output/recalibrated_bam/1102781231.aligned.duplicates_marked.recalibrated_19.bam, output/recalibrated_bam/1102781231.aligned.duplicates_marked.recalibrated_17.bam, output/recalibrated_bam/1102777134.aligned.duplicates_marked.recalibrated_23.bam, output/recalibrated_bam/1102777134.aligned.duplicates_marked.recalibrated_13.bam, output/recalibrated_bam/1102777134.aligned.duplicates_marked.recalibrated_04.bam, output/recalibrated_bam/1102777134.aligned.duplicates_marked.recalibrated_24.bam, output/recalibrated_bam/1102777134.aligned.duplicates_marked.recalibrated_25.bam, output/recalibrated_bam/1102777134.aligned.duplicates_marked.recalibrated_21.bam, output/recalibrated_bam/1102777134.aligned.duplicates_marked.recalibrated_11.bam, output/recalibrated_bam/1102777134.aligned.duplicates_marked.recalibrated_18.bam, output/recalibrated_bam/1102777134.aligned.duplicates_marked.recalibrated_15.bam, output/recalibrated_bam/1102777134.aligned.duplicates_marked.recalibrated_20.bam, output/recalibrated_bam/1102777134.aligned.duplicates_marked.recalibrated_06.bam, output/recalibrated_bam/1102777134.aligned.duplicates_marked.recalibrated_12.bam, output/recalibrated_bam/1102777134.aligned.duplicates_marked.recalibrated_07.bam, output/recalibrated_bam/1102777134.aligned.duplicates_marked.recalibrated_08.bam, output/recalibrated_bam/1102777134.aligned.duplicates_marked.recalibrated_02.bam, output/recalibrated_bam/1102777134.aligned.duplicates_marked.recalibrated_09.bam, output/recalibrated_bam/1102777134.aligned.duplicates_marked.recalibrated_00.bam, output/recalibrated_bam/1102777134.aligned.duplicates_marked.recalibrated_10.bam, output/recalibrated_bam/1102777134.aligned.duplicates_marked.recalibrated_03.bam, output/recalibrated_bam/1102777134.aligned.duplicates_marked.recalibrated_22.bam, output/recalibrated_bam/1102777134.aligned.duplicates_marked.recalibrated_05.bam, output/recalibrated_bam/1102777134.aligned.duplicates_marked.recalibrated_16.bam, output/recalibrated_bam/1102777134.aligned.duplicates_marked.recalibrated_14.bam, output/recalibrated_bam/1102777134.aligned.duplicates_marked.recalibrated_01.bam, output/recalibrated_bam/1102777134.aligned.duplicates_marked.recalibrated_19.bam, output/recalibrated_bam/1102777134.aligned.duplicates_marked.recalibrated_17.bam, output/recalibrated_bam/1102777134.aligned.duplicates_marked.recalibrated_23.bam, output/recalibrated_bam/1102777134.aligned.duplicates_marked.recalibrated_13.bam, output/recalibrated_bam/1102777134.aligned.duplicates_marked.recalibrated_04.bam, output/recalibrated_bam/1102777134.aligned.duplicates_marked.recalibrated_24.bam, output/recalibrated_bam/1102777134.aligned.duplicates_marked.recalibrated_25.bam, output/recalibrated_bam/1102777134.aligned.duplicates_marked.recalibrated_21.bam, output/recalibrated_bam/1102777134.aligned.duplicates_marked.recalibrated_11.bam, output/recalibrated_bam/1102777134.aligned.duplicates_marked.recalibrated_18.bam, output/recalibrated_bam/1102777134.aligned.duplicates_marked.recalibrated_15.bam, output/recalibrated_bam/1102777134.aligned.duplicates_marked.recalibrated_20.bam, output/recalibrated_bam/1102777134.aligned.duplicates_marked.recalibrated_06.bam, output/recalibrated_bam/1102777134.aligned.duplicates_marked.recalibrated_12.bam, output/recalibrated_bam/1102777134.aligned.duplicates_marked.recalibrated_07.bam, output/recalibrated_bam/1102777134.aligned.duplicates_marked.recalibrated_08.bam, output/recalibrated_bam/1102777134.aligned.duplicates_marked.recalibrated_02.bam, output/recalibrated_bam/1102777134.aligned.duplicates_marked.recalibrated_09.bam, output/recalibrated_bam/1102777134.aligned.duplicates_marked.recalibrated_00.bam, output/recalibrated_bam/1102777134.aligned.duplicates_marked.recalibrated_10.bam, output/recalibrated_bam/1102777134.aligned.duplicates_marked.recalibrated_03.bam, output/recalibrated_bam/1102777134.aligned.duplicates_marked.recalibrated_22.bam, output/recalibrated_bam/1102777134.aligned.duplicates_marked.recalibrated_05.bam, output/recalibrated_bam/1102777134.aligned.duplicates_marked.recalibrated_16.bam, output/recalibrated_bam/1102777134.aligned.duplicates_marked.recalibrated_14.bam, output/recalibrated_bam/1102777134.aligned.duplicates_marked.recalibrated_01.bam, output/recalibrated_bam/1102777134.aligned.duplicates_marked.recalibrated_19.bam, output/recalibrated_bam/1102777134.aligned.duplicates_marked.recalibrated_17.bam, output/recalibrated_bam/1102777134.aligned.duplicates_marked.recalibrated_23.bam, output/recalibrated_bam/1102777134.aligned.duplicates_marked.recalibrated_13.bam, output/recalibrated_bam/1102777134.aligned.duplicates_marked.recalibrated_04.bam, output/recalibrated_bam/1102777134.aligned.duplicates_marked.recalibrated_24.bam, output/recalibrated_bam/1102777134.aligned.duplicates_marked.recalibrated_25.bam, output/recalibrated_bam/1102777134.aligned.duplicates_marked.recalibrated_21.bam, output/recalibrated_bam/1102777134.aligned.duplicates_marked.recalibrated_11.bam, output/recalibrated_bam/1102777134.aligned.duplicates_marked.recalibrated_18.bam, output/recalibrated_bam/1102777134.aligned.duplicates_marked.recalibrated_15.bam, output/recalibrated_bam/1102777134.aligned.duplicates_marked.recalibrated_20.bam, output/recalibrated_bam/1102777134.aligned.duplicates_marked.recalibrated_06.bam, output/recalibrated_bam/1102777134.aligned.duplicates_marked.recalibrated_12.bam, output/recalibrated_bam/1102777134.aligned.duplicates_marked.recalibrated_07.bam, output/recalibrated_bam/1102777134.aligned.duplicates_marked.recalibrated_08.bam, output/recalibrated_bam/1102777134.aligned.duplicates_marked.recalibrated_02.bam, output/recalibrated_bam/1102777134.aligned.duplicates_marked.recalibrated_09.bam, output/recalibrated_bam/1102777134.aligned.duplicates_marked.recalibrated_00.bam, output/recalibrated_bam/1102777134.aligned.duplicates_marked.recalibrated_10.bam, output/recalibrated_bam/1102777134.aligned.duplicates_marked.recalibrated_03.bam, output/recalibrated_bam/1102777134.aligned.duplicates_marked.recalibrated_22.bam, output/recalibrated_bam/1102777134.aligned.duplicates_marked.recalibrated_05.bam, output/recalibrated_bam/1102777134.aligned.duplicates_marked.recalibrated_16.bam, output/recalibrated_bam/1102777134.aligned.duplicates_marked.recalibrated_14.bam, output/recalibrated_bam/1102777134.aligned.duplicates_marked.recalibrated_01.bam, output/recalibrated_bam/1102777134.aligned.duplicates_marked.recalibrated_19.bam, output/recalibrated_bam/1102777134.aligned.duplicates_marked.recalibrated_17.bam, output/recalibrated_bam/1102777134.aligned.duplicates_marked.recalibrated_23.bam, output/recalibrated_bam/1102777134.aligned.duplicates_marked.recalibrated_13.bam, output/recalibrated_bam/1102777134.aligned.duplicates_marked.recalibrated_04.bam, output/recalibrated_bam/1102777134.aligned.duplicates_marked.recalibrated_24.bam, output/recalibrated_bam/1102777134.aligned.duplicates_marked.recalibrated_25.bam, output/recalibrated_bam/1102777134.aligned.duplicates_marked.recalibrated_21.bam, output/recalibrated_bam/1102777134.aligned.duplicates_marked.recalibrated_11.bam, output/recalibrated_bam/1102777134.aligned.duplicates_marked.recalibrated_18.bam, output/recalibrated_bam/1102777134.aligned.duplicates_marked.recalibrated_15.bam, output/recalibrated_bam/1102777134.aligned.duplicates_marked.recalibrated_20.bam, output/recalibrated_bam/1102777134.aligned.duplicates_marked.recalibrated_06.bam, output/recalibrated_bam/1102777134.aligned.duplicates_marked.recalibrated_12.bam, output/recalibrated_bam/1102777134.aligned.duplicates_marked.recalibrated_07.bam, output/recalibrated_bam/1102777134.aligned.duplicates_marked.recalibrated_08.bam, output/recalibrated_bam/1102777134.aligned.duplicates_marked.recalibrated_02.bam, output/recalibrated_bam/1102777134.aligned.duplicates_marked.recalibrated_09.bam, output/recalibrated_bam/1102777134.aligned.duplicates_marked.recalibrated_00.bam, output/recalibrated_bam/1102777134.aligned.duplicates_marked.recalibrated_10.bam, output/recalibrated_bam/1102777134.aligned.duplicates_marked.recalibrated_03.bam, output/recalibrated_bam/1102777134.aligned.duplicates_marked.recalibrated_22.bam, output/recalibrated_bam/1102777134.aligned.duplicates_marked.recalibrated_05.bam, output/recalibrated_bam/1102777134.aligned.duplicates_marked.recalibrated_16.bam, output/recalibrated_bam/1102777134.aligned.duplicates_marked.recalibrated_14.bam, output/recalibrated_bam/1102777134.aligned.duplicates_marked.recalibrated_01.bam, output/recalibrated_bam/1102777134.aligned.duplicates_marked.recalibrated_19.bam, output/recalibrated_bam/1102777134.aligned.duplicates_marked.recalibrated_17.bam, output/recalibrated_bam/1102777134.aligned.duplicates_marked.recalibrated_23.bam, output/recalibrated_bam/1102777134.aligned.duplicates_marked.recalibrated_13.bam, output/recalibrated_bam/1102777134.aligned.duplicates_marked.recalibrated_04.bam, output/recalibrated_bam/1102777134.aligned.duplicates_marked.recalibrated_24.bam, output/recalibrated_bam/1102777134.aligned.duplicates_marked.recalibrated_25.bam, output/recalibrated_bam/1102777134.aligned.duplicates_marked.recalibrated_21.bam, output/recalibrated_bam/1102777134.aligned.duplicates_marked.recalibrated_11.bam, output/recalibrated_bam/1102777134.aligned.duplicates_marked.recalibrated_18.bam, output/recalibrated_bam/1102777134.aligned.duplicates_marked.recalibrated_15.bam, output/recalibrated_bam/1102777134.aligned.duplicates_marked.recalibrated_20.bam, output/recalibrated_bam/1102777134.aligned.duplicates_marked.recalibrated_06.bam, output/recalibrated_bam/1102777134.aligned.duplicates_marked.recalibrated_12.bam, output/recalibrated_bam/1102777134.aligned.duplicates_marked.recalibrated_07.bam, output/recalibrated_bam/1102777134.aligned.duplicates_marked.recalibrated_08.bam, output/recalibrated_bam/1102777134.aligned.duplicates_marked.recalibrated_02.bam, output/recalibrated_bam/1102777134.aligned.duplicates_marked.recalibrated_09.bam, output/recalibrated_bam/1102777134.aligned.duplicates_marked.recalibrated_00.bam, output/recalibrated_bam/1102777134.aligned.duplicates_marked.recalibrated_10.bam, output/recalibrated_bam/1102777134.aligned.duplicates_marked.recalibrated_03.bam, output/recalibrated_bam/1102777134.aligned.duplicates_marked.recalibrated_22.bam, output/recalibrated_bam/1102777134.aligned.duplicates_marked.recalibrated_05.bam, output/recalibrated_bam/1102777134.aligned.duplicates_marked.recalibrated_16.bam, output/recalibrated_bam/1102777134.aligned.duplicates_marked.recalibrated_14.bam, output/recalibrated_bam/1102777134.aligned.duplicates_marked.recalibrated_01.bam, output/recalibrated_bam/1102777134.aligned.duplicates_marked.recalibrated_19.bam, output/recalibrated_bam/1102777134.aligned.duplicates_marked.recalibrated_17.bam
    output: output/final_bam/1102777134.final.bam
    log: logs/final_bam/1102777134.final.bam.log
    jobid: 108
    benchmark: benchmarks/final_bam/1102777134.final.bam.txt
    wildcards: sample=1102777134

[Tue Jan 18 22:04:28 2022]
Error in rule gather_recal_bams:
    jobid: 107
    output: output/final_bam/1102781231.final.bam
    log: logs/final_bam/1102781231.final.bam.log (check log file(s) for error message)
    shell:
        
         module load R/3.5.3  gatk/4.2.0.0 java/1.8.0_211 python/3.7.3 picard/2.22.3

         #test=$(ls output/recalibrated_bam/1102781231/*.bam | sed 's/output/INPUT=output/g')
         input=$(ls output/recalibrated_bam/1102781231.aligned.duplicates_marked.recalibrated_*.bam | sed 's/output/-I output/g' )
        
         java -Dsamjdk.compression_level=2 -Xms2000m -jar $PICARD            GatherBamFiles            $input            OUTPUT=output/final_bam/1102781231.final.bam            CREATE_INDEX=true            CREATE_MD5_FILE=true
         
        (one of the commands exited with non-zero exit code; note that snakemake uses bash strict mode!)

Error executing rule gather_recal_bams on cluster (jobid: 107, external: 263907, jobscript: /sc/arion/projects/MMAAAS/ngs_res/aaa_pilot_20201113/gatk20220113/.snakemake/tmp.3_ezfrfe/snakejob.gather_recal_bams.107.sh). For error details see the cluster log and the log files of the involved rule(s).
[Tue Jan 18 22:04:28 2022]
Error in rule gather_recal_bams:
    jobid: 108
    output: output/final_bam/1102777134.final.bam
    log: logs/final_bam/1102777134.final.bam.log (check log file(s) for error message)
    shell:
        
         module load R/3.5.3  gatk/4.2.0.0 java/1.8.0_211 python/3.7.3 picard/2.22.3

         #test=$(ls output/recalibrated_bam/1102777134/*.bam | sed 's/output/INPUT=output/g')
         input=$(ls output/recalibrated_bam/1102777134.aligned.duplicates_marked.recalibrated_*.bam | sed 's/output/-I output/g' )
        
         java -Dsamjdk.compression_level=2 -Xms2000m -jar $PICARD            GatherBamFiles            $input            OUTPUT=output/final_bam/1102777134.final.bam            CREATE_INDEX=true            CREATE_MD5_FILE=true
         
        (one of the commands exited with non-zero exit code; note that snakemake uses bash strict mode!)

Error executing rule gather_recal_bams on cluster (jobid: 108, external: 263908, jobscript: /sc/arion/projects/MMAAAS/ngs_res/aaa_pilot_20201113/gatk20220113/.snakemake/tmp.3_ezfrfe/snakejob.gather_recal_bams.108.sh). For error details see the cluster log and the log files of the involved rule(s).
Shutting down, this might take some time.
Exiting because a job execution failed. Look above for error message
Complete log: /sc/arion/projects/MMAAAS/ngs_res/aaa_pilot_20201113/gatk20220113/.snakemake/log/2022-01-18T214554.667821.snakemake.log
