Building DAG of jobs...
Using shell: /usr/bin/bash
Provided cluster nodes: 300
Job counts:
	count	jobs
	100	gatk4_haplotype_caller
	1	main
	101

[Thu Jan 20 19:05:06 2022]
rule gatk4_haplotype_caller:
    input: output/final_bam/1102781231.final.bam
    output: output/gvcf/1102781231.13.g.vcf.gz
    jobid: 13
    benchmark: benchmarks/gvcf/1102781231.gvcf.13.txt
    wildcards: sample=1102781231, intervals=13


[Thu Jan 20 19:05:06 2022]
rule gatk4_haplotype_caller:
    input: output/final_bam/1102777134.final.bam
    output: output/gvcf/1102777134.23.g.vcf.gz
    jobid: 73
    benchmark: benchmarks/gvcf/1102777134.gvcf.23.txt
    wildcards: sample=1102777134, intervals=23


[Thu Jan 20 19:05:06 2022]
rule gatk4_haplotype_caller:
    input: output/final_bam/1102777134.final.bam
    output: output/gvcf/1102777134.38.g.vcf.gz
    jobid: 88
    benchmark: benchmarks/gvcf/1102777134.gvcf.38.txt
    wildcards: sample=1102777134, intervals=38


[Thu Jan 20 19:05:06 2022]
rule gatk4_haplotype_caller:
    input: output/final_bam/1102781231.final.bam
    output: output/gvcf/1102781231.14.g.vcf.gz
    jobid: 14
    benchmark: benchmarks/gvcf/1102781231.gvcf.14.txt
    wildcards: sample=1102781231, intervals=14


[Thu Jan 20 19:05:06 2022]
rule gatk4_haplotype_caller:
    input: output/final_bam/1102777134.final.bam
    output: output/gvcf/1102777134.24.g.vcf.gz
    jobid: 74
    benchmark: benchmarks/gvcf/1102777134.gvcf.24.txt
    wildcards: sample=1102777134, intervals=24


[Thu Jan 20 19:05:06 2022]
rule gatk4_haplotype_caller:
    input: output/final_bam/1102777134.final.bam
    output: output/gvcf/1102777134.39.g.vcf.gz
    jobid: 89
    benchmark: benchmarks/gvcf/1102777134.gvcf.39.txt
    wildcards: sample=1102777134, intervals=39


[Thu Jan 20 19:05:06 2022]
rule gatk4_haplotype_caller:
    input: output/final_bam/1102777134.final.bam
    output: output/gvcf/1102777134.25.g.vcf.gz
    jobid: 75
    benchmark: benchmarks/gvcf/1102777134.gvcf.25.txt
    wildcards: sample=1102777134, intervals=25


[Thu Jan 20 19:05:06 2022]
rule gatk4_haplotype_caller:
    input: output/final_bam/1102781231.final.bam
    output: output/gvcf/1102781231.2.g.vcf.gz
    jobid: 2
    benchmark: benchmarks/gvcf/1102781231.gvcf.2.txt
    wildcards: sample=1102781231, intervals=2


[Thu Jan 20 19:05:06 2022]
rule gatk4_haplotype_caller:
    input: output/final_bam/1102781231.final.bam
    output: output/gvcf/1102781231.15.g.vcf.gz
    jobid: 15
    benchmark: benchmarks/gvcf/1102781231.gvcf.15.txt
    wildcards: sample=1102781231, intervals=15


[Thu Jan 20 19:05:06 2022]
rule gatk4_haplotype_caller:
    input: output/final_bam/1102777134.final.bam
    output: output/gvcf/1102777134.40.g.vcf.gz
    jobid: 90
    benchmark: benchmarks/gvcf/1102777134.gvcf.40.txt
    wildcards: sample=1102777134, intervals=40


[Thu Jan 20 19:05:06 2022]
rule gatk4_haplotype_caller:
    input: output/final_bam/1102781231.final.bam
    output: output/gvcf/1102781231.16.g.vcf.gz
    jobid: 16
    benchmark: benchmarks/gvcf/1102781231.gvcf.16.txt
    wildcards: sample=1102781231, intervals=16


[Thu Jan 20 19:05:06 2022]
rule gatk4_haplotype_caller:
    input: output/final_bam/1102777134.final.bam
    output: output/gvcf/1102777134.26.g.vcf.gz
    jobid: 76
    benchmark: benchmarks/gvcf/1102777134.gvcf.26.txt
    wildcards: sample=1102777134, intervals=26


[Thu Jan 20 19:05:06 2022]
rule gatk4_haplotype_caller:
    input: output/final_bam/1102777134.final.bam
    output: output/gvcf/1102777134.41.g.vcf.gz
    jobid: 91
    benchmark: benchmarks/gvcf/1102777134.gvcf.41.txt
    wildcards: sample=1102777134, intervals=41


[Thu Jan 20 19:05:06 2022]
rule gatk4_haplotype_caller:
    input: output/final_bam/1102777134.final.bam
    output: output/gvcf/1102777134.27.g.vcf.gz
    jobid: 77
    benchmark: benchmarks/gvcf/1102777134.gvcf.27.txt
    wildcards: sample=1102777134, intervals=27


[Thu Jan 20 19:05:06 2022]
rule gatk4_haplotype_caller:
    input: output/final_bam/1102781231.final.bam
    output: output/gvcf/1102781231.1.g.vcf.gz
    jobid: 1
    benchmark: benchmarks/gvcf/1102781231.gvcf.1.txt
    wildcards: sample=1102781231, intervals=1


[Thu Jan 20 19:05:06 2022]
rule gatk4_haplotype_caller:
    input: output/final_bam/1102781231.final.bam
    output: output/gvcf/1102781231.17.g.vcf.gz
    jobid: 17
    benchmark: benchmarks/gvcf/1102781231.gvcf.17.txt
    wildcards: sample=1102781231, intervals=17


[Thu Jan 20 19:05:06 2022]
rule gatk4_haplotype_caller:
    input: output/final_bam/1102777134.final.bam
    output: output/gvcf/1102777134.42.g.vcf.gz
    jobid: 92
    benchmark: benchmarks/gvcf/1102777134.gvcf.42.txt
    wildcards: sample=1102777134, intervals=42


[Thu Jan 20 19:05:06 2022]
rule gatk4_haplotype_caller:
    input: output/final_bam/1102781231.final.bam
    output: output/gvcf/1102781231.18.g.vcf.gz
    jobid: 18
    benchmark: benchmarks/gvcf/1102781231.gvcf.18.txt
    wildcards: sample=1102781231, intervals=18


[Thu Jan 20 19:05:06 2022]
rule gatk4_haplotype_caller:
    input: output/final_bam/1102781231.final.bam
    output: output/gvcf/1102781231.3.g.vcf.gz
    jobid: 3
    benchmark: benchmarks/gvcf/1102781231.gvcf.3.txt
    wildcards: sample=1102781231, intervals=3


[Thu Jan 20 19:05:06 2022]
rule gatk4_haplotype_caller:
    input: output/final_bam/1102777134.final.bam
    output: output/gvcf/1102777134.28.g.vcf.gz
    jobid: 78
    benchmark: benchmarks/gvcf/1102777134.gvcf.28.txt
    wildcards: sample=1102777134, intervals=28


[Thu Jan 20 19:05:06 2022]
rule gatk4_haplotype_caller:
    input: output/final_bam/1102777134.final.bam
    output: output/gvcf/1102777134.43.g.vcf.gz
    jobid: 93
    benchmark: benchmarks/gvcf/1102777134.gvcf.43.txt
    wildcards: sample=1102777134, intervals=43


[Thu Jan 20 19:05:06 2022]
rule gatk4_haplotype_caller:
    input: output/final_bam/1102781231.final.bam
    output: output/gvcf/1102781231.4.g.vcf.gz
    jobid: 4
    benchmark: benchmarks/gvcf/1102781231.gvcf.4.txt
    wildcards: sample=1102781231, intervals=4


[Thu Jan 20 19:05:07 2022]
rule gatk4_haplotype_caller:
    input: output/final_bam/1102781231.final.bam
    output: output/gvcf/1102781231.19.g.vcf.gz
    jobid: 19
    benchmark: benchmarks/gvcf/1102781231.gvcf.19.txt
    wildcards: sample=1102781231, intervals=19


[Thu Jan 20 19:05:07 2022]
rule gatk4_haplotype_caller:
    input: output/final_bam/1102777134.final.bam
    output: output/gvcf/1102777134.29.g.vcf.gz
    jobid: 79
    benchmark: benchmarks/gvcf/1102777134.gvcf.29.txt
    wildcards: sample=1102777134, intervals=29


[Thu Jan 20 19:05:07 2022]
rule gatk4_haplotype_caller:
    input: output/final_bam/1102777134.final.bam
    output: output/gvcf/1102777134.44.g.vcf.gz
    jobid: 94
    benchmark: benchmarks/gvcf/1102777134.gvcf.44.txt
    wildcards: sample=1102777134, intervals=44


[Thu Jan 20 19:05:07 2022]
rule gatk4_haplotype_caller:
    input: output/final_bam/1102781231.final.bam
    output: output/gvcf/1102781231.20.g.vcf.gz
    jobid: 20
    benchmark: benchmarks/gvcf/1102781231.gvcf.20.txt
    wildcards: sample=1102781231, intervals=20


[Thu Jan 20 19:05:07 2022]
rule gatk4_haplotype_caller:
    input: output/final_bam/1102781231.final.bam
    output: output/gvcf/1102781231.5.g.vcf.gz
    jobid: 5
    benchmark: benchmarks/gvcf/1102781231.gvcf.5.txt
    wildcards: sample=1102781231, intervals=5


[Thu Jan 20 19:05:07 2022]
rule gatk4_haplotype_caller:
    input: output/final_bam/1102777134.final.bam
    output: output/gvcf/1102777134.30.g.vcf.gz
    jobid: 80
    benchmark: benchmarks/gvcf/1102777134.gvcf.30.txt
    wildcards: sample=1102777134, intervals=30


[Thu Jan 20 19:05:07 2022]
rule gatk4_haplotype_caller:
    input: output/final_bam/1102777134.final.bam
    output: output/gvcf/1102777134.45.g.vcf.gz
    jobid: 95
    benchmark: benchmarks/gvcf/1102777134.gvcf.45.txt
    wildcards: sample=1102777134, intervals=45


[Thu Jan 20 19:05:07 2022]
rule gatk4_haplotype_caller:
    input: output/final_bam/1102781231.final.bam
    output: output/gvcf/1102781231.6.g.vcf.gz
    jobid: 6
    benchmark: benchmarks/gvcf/1102781231.gvcf.6.txt
    wildcards: sample=1102781231, intervals=6


[Thu Jan 20 19:05:07 2022]
rule gatk4_haplotype_caller:
    input: output/final_bam/1102781231.final.bam
    output: output/gvcf/1102781231.21.g.vcf.gz
    jobid: 21
    benchmark: benchmarks/gvcf/1102781231.gvcf.21.txt
    wildcards: sample=1102781231, intervals=21


[Thu Jan 20 19:05:07 2022]
rule gatk4_haplotype_caller:
    input: output/final_bam/1102777134.final.bam
    output: output/gvcf/1102777134.31.g.vcf.gz
    jobid: 81
    benchmark: benchmarks/gvcf/1102777134.gvcf.31.txt
    wildcards: sample=1102777134, intervals=31


[Thu Jan 20 19:05:07 2022]
rule gatk4_haplotype_caller:
    input: output/final_bam/1102777134.final.bam
    output: output/gvcf/1102777134.46.g.vcf.gz
    jobid: 96
    benchmark: benchmarks/gvcf/1102777134.gvcf.46.txt
    wildcards: sample=1102777134, intervals=46


[Thu Jan 20 19:05:07 2022]
rule gatk4_haplotype_caller:
    input: output/final_bam/1102781231.final.bam
    output: output/gvcf/1102781231.7.g.vcf.gz
    jobid: 7
    benchmark: benchmarks/gvcf/1102781231.gvcf.7.txt
    wildcards: sample=1102781231, intervals=7


[Thu Jan 20 19:05:07 2022]
rule gatk4_haplotype_caller:
    input: output/final_bam/1102781231.final.bam
    output: output/gvcf/1102781231.22.g.vcf.gz
    jobid: 22
    benchmark: benchmarks/gvcf/1102781231.gvcf.22.txt
    wildcards: sample=1102781231, intervals=22


[Thu Jan 20 19:05:07 2022]
rule gatk4_haplotype_caller:
    input: output/final_bam/1102777134.final.bam
    output: output/gvcf/1102777134.32.g.vcf.gz
    jobid: 82
    benchmark: benchmarks/gvcf/1102777134.gvcf.32.txt
    wildcards: sample=1102777134, intervals=32


[Thu Jan 20 19:05:07 2022]
rule gatk4_haplotype_caller:
    input: output/final_bam/1102777134.final.bam
    output: output/gvcf/1102777134.47.g.vcf.gz
    jobid: 97
    benchmark: benchmarks/gvcf/1102777134.gvcf.47.txt
    wildcards: sample=1102777134, intervals=47


[Thu Jan 20 19:05:07 2022]
rule gatk4_haplotype_caller:
    input: output/final_bam/1102781231.final.bam
    output: output/gvcf/1102781231.8.g.vcf.gz
    jobid: 8
    benchmark: benchmarks/gvcf/1102781231.gvcf.8.txt
    wildcards: sample=1102781231, intervals=8


[Thu Jan 20 19:05:07 2022]
rule gatk4_haplotype_caller:
    input: output/final_bam/1102781231.final.bam
    output: output/gvcf/1102781231.23.g.vcf.gz
    jobid: 23
    benchmark: benchmarks/gvcf/1102781231.gvcf.23.txt
    wildcards: sample=1102781231, intervals=23


[Thu Jan 20 19:05:07 2022]
rule gatk4_haplotype_caller:
    input: output/final_bam/1102777134.final.bam
    output: output/gvcf/1102777134.33.g.vcf.gz
    jobid: 83
    benchmark: benchmarks/gvcf/1102777134.gvcf.33.txt
    wildcards: sample=1102777134, intervals=33


[Thu Jan 20 19:05:07 2022]
rule gatk4_haplotype_caller:
    input: output/final_bam/1102777134.final.bam
    output: output/gvcf/1102777134.48.g.vcf.gz
    jobid: 98
    benchmark: benchmarks/gvcf/1102777134.gvcf.48.txt
    wildcards: sample=1102777134, intervals=48


[Thu Jan 20 19:05:07 2022]
rule gatk4_haplotype_caller:
    input: output/final_bam/1102781231.final.bam
    output: output/gvcf/1102781231.9.g.vcf.gz
    jobid: 9
    benchmark: benchmarks/gvcf/1102781231.gvcf.9.txt
    wildcards: sample=1102781231, intervals=9


[Thu Jan 20 19:05:07 2022]
rule gatk4_haplotype_caller:
    input: output/final_bam/1102781231.final.bam
    output: output/gvcf/1102781231.24.g.vcf.gz
    jobid: 24
    benchmark: benchmarks/gvcf/1102781231.gvcf.24.txt
    wildcards: sample=1102781231, intervals=24


[Thu Jan 20 19:05:07 2022]
rule gatk4_haplotype_caller:
    input: output/final_bam/1102777134.final.bam
    output: output/gvcf/1102777134.34.g.vcf.gz
    jobid: 84
    benchmark: benchmarks/gvcf/1102777134.gvcf.34.txt
    wildcards: sample=1102777134, intervals=34


[Thu Jan 20 19:05:07 2022]
rule gatk4_haplotype_caller:
    input: output/final_bam/1102777134.final.bam
    output: output/gvcf/1102777134.49.g.vcf.gz
    jobid: 99
    benchmark: benchmarks/gvcf/1102777134.gvcf.49.txt
    wildcards: sample=1102777134, intervals=49


[Thu Jan 20 19:05:07 2022]
rule gatk4_haplotype_caller:
    input: output/final_bam/1102781231.final.bam
    output: output/gvcf/1102781231.10.g.vcf.gz
    jobid: 10
    benchmark: benchmarks/gvcf/1102781231.gvcf.10.txt
    wildcards: sample=1102781231, intervals=10


[Thu Jan 20 19:05:07 2022]
rule gatk4_haplotype_caller:
    input: output/final_bam/1102781231.final.bam
    output: output/gvcf/1102781231.25.g.vcf.gz
    jobid: 25
    benchmark: benchmarks/gvcf/1102781231.gvcf.25.txt
    wildcards: sample=1102781231, intervals=25


[Thu Jan 20 19:05:07 2022]
rule gatk4_haplotype_caller:
    input: output/final_bam/1102777134.final.bam
    output: output/gvcf/1102777134.35.g.vcf.gz
    jobid: 85
    benchmark: benchmarks/gvcf/1102777134.gvcf.35.txt
    wildcards: sample=1102777134, intervals=35


[Thu Jan 20 19:05:07 2022]
rule gatk4_haplotype_caller:
    input: output/final_bam/1102777134.final.bam
    output: output/gvcf/1102777134.50.g.vcf.gz
    jobid: 100
    benchmark: benchmarks/gvcf/1102777134.gvcf.50.txt
    wildcards: sample=1102777134, intervals=50


[Thu Jan 20 19:05:07 2022]
rule gatk4_haplotype_caller:
    input: output/final_bam/1102781231.final.bam
    output: output/gvcf/1102781231.11.g.vcf.gz
    jobid: 11
    benchmark: benchmarks/gvcf/1102781231.gvcf.11.txt
    wildcards: sample=1102781231, intervals=11


[Thu Jan 20 19:05:07 2022]
rule gatk4_haplotype_caller:
    input: output/final_bam/1102781231.final.bam
    output: output/gvcf/1102781231.26.g.vcf.gz
    jobid: 26
    benchmark: benchmarks/gvcf/1102781231.gvcf.26.txt
    wildcards: sample=1102781231, intervals=26


[Thu Jan 20 19:05:07 2022]
rule gatk4_haplotype_caller:
    input: output/final_bam/1102777134.final.bam
    output: output/gvcf/1102777134.36.g.vcf.gz
    jobid: 86
    benchmark: benchmarks/gvcf/1102777134.gvcf.36.txt
    wildcards: sample=1102777134, intervals=36


[Thu Jan 20 19:05:07 2022]
rule gatk4_haplotype_caller:
    input: output/final_bam/1102781231.final.bam
    output: output/gvcf/1102781231.12.g.vcf.gz
    jobid: 12
    benchmark: benchmarks/gvcf/1102781231.gvcf.12.txt
    wildcards: sample=1102781231, intervals=12


[Thu Jan 20 19:05:07 2022]
rule gatk4_haplotype_caller:
    input: output/final_bam/1102781231.final.bam
    output: output/gvcf/1102781231.27.g.vcf.gz
    jobid: 27
    benchmark: benchmarks/gvcf/1102781231.gvcf.27.txt
    wildcards: sample=1102781231, intervals=27


[Thu Jan 20 19:05:07 2022]
rule gatk4_haplotype_caller:
    input: output/final_bam/1102777134.final.bam
    output: output/gvcf/1102777134.37.g.vcf.gz
    jobid: 87
    benchmark: benchmarks/gvcf/1102777134.gvcf.37.txt
    wildcards: sample=1102777134, intervals=37


[Thu Jan 20 19:05:07 2022]
rule gatk4_haplotype_caller:
    input: output/final_bam/1102781231.final.bam
    output: output/gvcf/1102781231.28.g.vcf.gz
    jobid: 28
    benchmark: benchmarks/gvcf/1102781231.gvcf.28.txt
    wildcards: sample=1102781231, intervals=28


[Thu Jan 20 19:05:07 2022]
rule gatk4_haplotype_caller:
    input: output/final_bam/1102781231.final.bam
    output: output/gvcf/1102781231.43.g.vcf.gz
    jobid: 43
    benchmark: benchmarks/gvcf/1102781231.gvcf.43.txt
    wildcards: sample=1102781231, intervals=43


[Thu Jan 20 19:05:07 2022]
rule gatk4_haplotype_caller:
    input: output/final_bam/1102777134.final.bam
    output: output/gvcf/1102777134.8.g.vcf.gz
    jobid: 58
    benchmark: benchmarks/gvcf/1102777134.gvcf.8.txt
    wildcards: sample=1102777134, intervals=8


[Thu Jan 20 19:05:07 2022]
rule gatk4_haplotype_caller:
    input: output/final_bam/1102781231.final.bam
    output: output/gvcf/1102781231.29.g.vcf.gz
    jobid: 29
    benchmark: benchmarks/gvcf/1102781231.gvcf.29.txt
    wildcards: sample=1102781231, intervals=29


[Thu Jan 20 19:05:07 2022]
rule gatk4_haplotype_caller:
    input: output/final_bam/1102781231.final.bam
    output: output/gvcf/1102781231.44.g.vcf.gz
    jobid: 44
    benchmark: benchmarks/gvcf/1102781231.gvcf.44.txt
    wildcards: sample=1102781231, intervals=44


[Thu Jan 20 19:05:07 2022]
rule gatk4_haplotype_caller:
    input: output/final_bam/1102777134.final.bam
    output: output/gvcf/1102777134.9.g.vcf.gz
    jobid: 59
    benchmark: benchmarks/gvcf/1102777134.gvcf.9.txt
    wildcards: sample=1102777134, intervals=9


[Thu Jan 20 19:05:07 2022]
rule gatk4_haplotype_caller:
    input: output/final_bam/1102781231.final.bam
    output: output/gvcf/1102781231.30.g.vcf.gz
    jobid: 30
    benchmark: benchmarks/gvcf/1102781231.gvcf.30.txt
    wildcards: sample=1102781231, intervals=30


[Thu Jan 20 19:05:07 2022]
rule gatk4_haplotype_caller:
    input: output/final_bam/1102781231.final.bam
    output: output/gvcf/1102781231.45.g.vcf.gz
    jobid: 45
    benchmark: benchmarks/gvcf/1102781231.gvcf.45.txt
    wildcards: sample=1102781231, intervals=45


[Thu Jan 20 19:05:07 2022]
rule gatk4_haplotype_caller:
    input: output/final_bam/1102777134.final.bam
    output: output/gvcf/1102777134.10.g.vcf.gz
    jobid: 60
    benchmark: benchmarks/gvcf/1102777134.gvcf.10.txt
    wildcards: sample=1102777134, intervals=10


[Thu Jan 20 19:05:07 2022]
rule gatk4_haplotype_caller:
    input: output/final_bam/1102781231.final.bam
    output: output/gvcf/1102781231.31.g.vcf.gz
    jobid: 31
    benchmark: benchmarks/gvcf/1102781231.gvcf.31.txt
    wildcards: sample=1102781231, intervals=31


[Thu Jan 20 19:05:07 2022]
rule gatk4_haplotype_caller:
    input: output/final_bam/1102781231.final.bam
    output: output/gvcf/1102781231.46.g.vcf.gz
    jobid: 46
    benchmark: benchmarks/gvcf/1102781231.gvcf.46.txt
    wildcards: sample=1102781231, intervals=46


[Thu Jan 20 19:05:07 2022]
rule gatk4_haplotype_caller:
    input: output/final_bam/1102777134.final.bam
    output: output/gvcf/1102777134.11.g.vcf.gz
    jobid: 61
    benchmark: benchmarks/gvcf/1102777134.gvcf.11.txt
    wildcards: sample=1102777134, intervals=11


[Thu Jan 20 19:05:07 2022]
rule gatk4_haplotype_caller:
    input: output/final_bam/1102781231.final.bam
    output: output/gvcf/1102781231.32.g.vcf.gz
    jobid: 32
    benchmark: benchmarks/gvcf/1102781231.gvcf.32.txt
    wildcards: sample=1102781231, intervals=32


[Thu Jan 20 19:05:07 2022]
rule gatk4_haplotype_caller:
    input: output/final_bam/1102781231.final.bam
    output: output/gvcf/1102781231.47.g.vcf.gz
    jobid: 47
    benchmark: benchmarks/gvcf/1102781231.gvcf.47.txt
    wildcards: sample=1102781231, intervals=47


[Thu Jan 20 19:05:07 2022]
rule gatk4_haplotype_caller:
    input: output/final_bam/1102777134.final.bam
    output: output/gvcf/1102777134.12.g.vcf.gz
    jobid: 62
    benchmark: benchmarks/gvcf/1102777134.gvcf.12.txt
    wildcards: sample=1102777134, intervals=12


[Thu Jan 20 19:05:07 2022]
rule gatk4_haplotype_caller:
    input: output/final_bam/1102781231.final.bam
    output: output/gvcf/1102781231.33.g.vcf.gz
    jobid: 33
    benchmark: benchmarks/gvcf/1102781231.gvcf.33.txt
    wildcards: sample=1102781231, intervals=33


[Thu Jan 20 19:05:07 2022]
rule gatk4_haplotype_caller:
    input: output/final_bam/1102781231.final.bam
    output: output/gvcf/1102781231.48.g.vcf.gz
    jobid: 48
    benchmark: benchmarks/gvcf/1102781231.gvcf.48.txt
    wildcards: sample=1102781231, intervals=48


[Thu Jan 20 19:05:07 2022]
rule gatk4_haplotype_caller:
    input: output/final_bam/1102777134.final.bam
    output: output/gvcf/1102777134.13.g.vcf.gz
    jobid: 63
    benchmark: benchmarks/gvcf/1102777134.gvcf.13.txt
    wildcards: sample=1102777134, intervals=13


[Thu Jan 20 19:05:07 2022]
rule gatk4_haplotype_caller:
    input: output/final_bam/1102781231.final.bam
    output: output/gvcf/1102781231.34.g.vcf.gz
    jobid: 34
    benchmark: benchmarks/gvcf/1102781231.gvcf.34.txt
    wildcards: sample=1102781231, intervals=34


[Thu Jan 20 19:05:07 2022]
rule gatk4_haplotype_caller:
    input: output/final_bam/1102781231.final.bam
    output: output/gvcf/1102781231.49.g.vcf.gz
    jobid: 49
    benchmark: benchmarks/gvcf/1102781231.gvcf.49.txt
    wildcards: sample=1102781231, intervals=49


[Thu Jan 20 19:05:07 2022]
rule gatk4_haplotype_caller:
    input: output/final_bam/1102777134.final.bam
    output: output/gvcf/1102777134.14.g.vcf.gz
    jobid: 64
    benchmark: benchmarks/gvcf/1102777134.gvcf.14.txt
    wildcards: sample=1102777134, intervals=14


[Thu Jan 20 19:05:07 2022]
rule gatk4_haplotype_caller:
    input: output/final_bam/1102781231.final.bam
    output: output/gvcf/1102781231.35.g.vcf.gz
    jobid: 35
    benchmark: benchmarks/gvcf/1102781231.gvcf.35.txt
    wildcards: sample=1102781231, intervals=35


[Thu Jan 20 19:05:07 2022]
rule gatk4_haplotype_caller:
    input: output/final_bam/1102781231.final.bam
    output: output/gvcf/1102781231.50.g.vcf.gz
    jobid: 50
    benchmark: benchmarks/gvcf/1102781231.gvcf.50.txt
    wildcards: sample=1102781231, intervals=50


[Thu Jan 20 19:05:07 2022]
rule gatk4_haplotype_caller:
    input: output/final_bam/1102777134.final.bam
    output: output/gvcf/1102777134.15.g.vcf.gz
    jobid: 65
    benchmark: benchmarks/gvcf/1102777134.gvcf.15.txt
    wildcards: sample=1102777134, intervals=15


[Thu Jan 20 19:05:07 2022]
rule gatk4_haplotype_caller:
    input: output/final_bam/1102781231.final.bam
    output: output/gvcf/1102781231.36.g.vcf.gz
    jobid: 36
    benchmark: benchmarks/gvcf/1102781231.gvcf.36.txt
    wildcards: sample=1102781231, intervals=36


[Thu Jan 20 19:05:07 2022]
rule gatk4_haplotype_caller:
    input: output/final_bam/1102777134.final.bam
    output: output/gvcf/1102777134.1.g.vcf.gz
    jobid: 51
    benchmark: benchmarks/gvcf/1102777134.gvcf.1.txt
    wildcards: sample=1102777134, intervals=1


[Thu Jan 20 19:05:07 2022]
rule gatk4_haplotype_caller:
    input: output/final_bam/1102777134.final.bam
    output: output/gvcf/1102777134.16.g.vcf.gz
    jobid: 66
    benchmark: benchmarks/gvcf/1102777134.gvcf.16.txt
    wildcards: sample=1102777134, intervals=16


[Thu Jan 20 19:05:07 2022]
rule gatk4_haplotype_caller:
    input: output/final_bam/1102781231.final.bam
    output: output/gvcf/1102781231.37.g.vcf.gz
    jobid: 37
    benchmark: benchmarks/gvcf/1102781231.gvcf.37.txt
    wildcards: sample=1102781231, intervals=37


[Thu Jan 20 19:05:07 2022]
rule gatk4_haplotype_caller:
    input: output/final_bam/1102777134.final.bam
    output: output/gvcf/1102777134.2.g.vcf.gz
    jobid: 52
    benchmark: benchmarks/gvcf/1102777134.gvcf.2.txt
    wildcards: sample=1102777134, intervals=2


[Thu Jan 20 19:05:07 2022]
rule gatk4_haplotype_caller:
    input: output/final_bam/1102777134.final.bam
    output: output/gvcf/1102777134.17.g.vcf.gz
    jobid: 67
    benchmark: benchmarks/gvcf/1102777134.gvcf.17.txt
    wildcards: sample=1102777134, intervals=17


[Thu Jan 20 19:05:07 2022]
rule gatk4_haplotype_caller:
    input: output/final_bam/1102781231.final.bam
    output: output/gvcf/1102781231.38.g.vcf.gz
    jobid: 38
    benchmark: benchmarks/gvcf/1102781231.gvcf.38.txt
    wildcards: sample=1102781231, intervals=38


[Thu Jan 20 19:05:07 2022]
rule gatk4_haplotype_caller:
    input: output/final_bam/1102777134.final.bam
    output: output/gvcf/1102777134.3.g.vcf.gz
    jobid: 53
    benchmark: benchmarks/gvcf/1102777134.gvcf.3.txt
    wildcards: sample=1102777134, intervals=3


[Thu Jan 20 19:05:07 2022]
rule gatk4_haplotype_caller:
    input: output/final_bam/1102777134.final.bam
    output: output/gvcf/1102777134.18.g.vcf.gz
    jobid: 68
    benchmark: benchmarks/gvcf/1102777134.gvcf.18.txt
    wildcards: sample=1102777134, intervals=18


[Thu Jan 20 19:05:07 2022]
rule gatk4_haplotype_caller:
    input: output/final_bam/1102781231.final.bam
    output: output/gvcf/1102781231.39.g.vcf.gz
    jobid: 39
    benchmark: benchmarks/gvcf/1102781231.gvcf.39.txt
    wildcards: sample=1102781231, intervals=39


[Thu Jan 20 19:05:07 2022]
rule gatk4_haplotype_caller:
    input: output/final_bam/1102777134.final.bam
    output: output/gvcf/1102777134.4.g.vcf.gz
    jobid: 54
    benchmark: benchmarks/gvcf/1102777134.gvcf.4.txt
    wildcards: sample=1102777134, intervals=4


[Thu Jan 20 19:05:07 2022]
rule gatk4_haplotype_caller:
    input: output/final_bam/1102777134.final.bam
    output: output/gvcf/1102777134.19.g.vcf.gz
    jobid: 69
    benchmark: benchmarks/gvcf/1102777134.gvcf.19.txt
    wildcards: sample=1102777134, intervals=19


[Thu Jan 20 19:05:07 2022]
rule gatk4_haplotype_caller:
    input: output/final_bam/1102781231.final.bam
    output: output/gvcf/1102781231.40.g.vcf.gz
    jobid: 40
    benchmark: benchmarks/gvcf/1102781231.gvcf.40.txt
    wildcards: sample=1102781231, intervals=40


[Thu Jan 20 19:05:07 2022]
rule gatk4_haplotype_caller:
    input: output/final_bam/1102777134.final.bam
    output: output/gvcf/1102777134.5.g.vcf.gz
    jobid: 55
    benchmark: benchmarks/gvcf/1102777134.gvcf.5.txt
    wildcards: sample=1102777134, intervals=5


[Thu Jan 20 19:05:07 2022]
rule gatk4_haplotype_caller:
    input: output/final_bam/1102777134.final.bam
    output: output/gvcf/1102777134.20.g.vcf.gz
    jobid: 70
    benchmark: benchmarks/gvcf/1102777134.gvcf.20.txt
    wildcards: sample=1102777134, intervals=20


[Thu Jan 20 19:05:07 2022]
rule gatk4_haplotype_caller:
    input: output/final_bam/1102781231.final.bam
    output: output/gvcf/1102781231.41.g.vcf.gz
    jobid: 41
    benchmark: benchmarks/gvcf/1102781231.gvcf.41.txt
    wildcards: sample=1102781231, intervals=41


[Thu Jan 20 19:05:07 2022]
rule gatk4_haplotype_caller:
    input: output/final_bam/1102777134.final.bam
    output: output/gvcf/1102777134.6.g.vcf.gz
    jobid: 56
    benchmark: benchmarks/gvcf/1102777134.gvcf.6.txt
    wildcards: sample=1102777134, intervals=6


[Thu Jan 20 19:05:07 2022]
rule gatk4_haplotype_caller:
    input: output/final_bam/1102777134.final.bam
    output: output/gvcf/1102777134.21.g.vcf.gz
    jobid: 71
    benchmark: benchmarks/gvcf/1102777134.gvcf.21.txt
    wildcards: sample=1102777134, intervals=21


[Thu Jan 20 19:05:07 2022]
rule gatk4_haplotype_caller:
    input: output/final_bam/1102781231.final.bam
    output: output/gvcf/1102781231.42.g.vcf.gz
    jobid: 42
    benchmark: benchmarks/gvcf/1102781231.gvcf.42.txt
    wildcards: sample=1102781231, intervals=42


[Thu Jan 20 19:05:07 2022]
rule gatk4_haplotype_caller:
    input: output/final_bam/1102777134.final.bam
    output: output/gvcf/1102777134.7.g.vcf.gz
    jobid: 57
    benchmark: benchmarks/gvcf/1102777134.gvcf.7.txt
    wildcards: sample=1102777134, intervals=7


[Thu Jan 20 19:05:07 2022]
rule gatk4_haplotype_caller:
    input: output/final_bam/1102777134.final.bam
    output: output/gvcf/1102777134.22.g.vcf.gz
    jobid: 72
    benchmark: benchmarks/gvcf/1102777134.gvcf.22.txt
    wildcards: sample=1102777134, intervals=22

[Thu Jan 20 19:14:41 2022]
Finished job 98.
1 of 101 steps (0.99%) done
[Thu Jan 20 19:15:39 2022]
Finished job 99.
2 of 101 steps (2%) done
[Thu Jan 20 19:23:56 2022]
Finished job 48.
3 of 101 steps (3%) done
[Thu Jan 20 19:25:13 2022]
Finished job 49.
4 of 101 steps (4%) done
[Thu Jan 20 19:25:51 2022]
Finished job 50.
5 of 101 steps (5%) done
[Thu Jan 20 19:27:27 2022]
Finished job 69.
6 of 101 steps (6%) done
[Thu Jan 20 19:27:38 2022]
Finished job 75.
7 of 101 steps (7%) done
[Thu Jan 20 19:27:39 2022]
Finished job 17.
8 of 101 steps (8%) done
[Thu Jan 20 19:27:42 2022]
Finished job 25.
9 of 101 steps (9%) done
[Thu Jan 20 19:27:45 2022]
Finished job 67.
10 of 101 steps (10%) done
[Thu Jan 20 19:28:18 2022]
Finished job 80.
11 of 101 steps (11%) done
[Thu Jan 20 19:28:20 2022]
Finished job 100.
12 of 101 steps (12%) done
[Thu Jan 20 19:28:39 2022]
Finished job 11.
13 of 101 steps (13%) done
[Thu Jan 20 19:28:40 2022]
Finished job 58.
14 of 101 steps (14%) done
[Thu Jan 20 19:28:40 2022]
Finished job 61.
15 of 101 steps (15%) done
[Thu Jan 20 19:28:56 2022]
Finished job 84.
16 of 101 steps (16%) done
[Thu Jan 20 19:29:00 2022]
Finished job 70.
17 of 101 steps (17%) done
[Thu Jan 20 19:29:11 2022]
Finished job 73.
18 of 101 steps (18%) done
[Thu Jan 20 19:29:11 2022]
Finished job 88.
19 of 101 steps (19%) done
[Thu Jan 20 19:29:12 2022]
Finished job 76.
20 of 101 steps (20%) done
[Thu Jan 20 19:29:14 2022]
Finished job 8.
21 of 101 steps (21%) done
[Thu Jan 20 19:29:17 2022]
Finished job 64.
22 of 101 steps (22%) done
[Thu Jan 20 19:29:19 2022]
Finished job 57.
23 of 101 steps (23%) done
[Thu Jan 20 19:29:31 2022]
Finished job 20.
24 of 101 steps (24%) done
[Thu Jan 20 19:29:32 2022]
Finished job 23.
25 of 101 steps (25%) done
[Thu Jan 20 19:29:33 2022]
Finished job 26.
26 of 101 steps (26%) done
[Thu Jan 20 19:29:34 2022]
Finished job 59.
27 of 101 steps (27%) done
[Thu Jan 20 19:29:36 2022]
Finished job 51.
28 of 101 steps (28%) done
[Thu Jan 20 19:29:36 2022]
Finished job 38.
29 of 101 steps (29%) done
[Thu Jan 20 19:29:48 2022]
Finished job 78.
30 of 101 steps (30%) done
[Thu Jan 20 19:29:48 2022]
Finished job 19.
31 of 101 steps (31%) done
[Thu Jan 20 19:29:49 2022]
Finished job 5.
32 of 101 steps (32%) done
[Thu Jan 20 19:29:49 2022]
Finished job 7.
33 of 101 steps (33%) done
[Thu Jan 20 19:29:52 2022]
Finished job 52.
34 of 101 steps (34%) done
[Thu Jan 20 19:29:53 2022]
Finished job 39.
35 of 101 steps (35%) done
[Thu Jan 20 19:30:06 2022]
Finished job 83.
36 of 101 steps (36%) done
[Thu Jan 20 19:30:06 2022]
Finished job 9.
37 of 101 steps (37%) done
[Thu Jan 20 19:30:07 2022]
Finished job 86.
38 of 101 steps (38%) done
[Thu Jan 20 19:30:08 2022]
Finished job 32.
39 of 101 steps (39%) done
[Thu Jan 20 19:30:09 2022]
Finished job 68.
40 of 101 steps (40%) done
[Thu Jan 20 19:30:10 2022]
Finished job 56.
41 of 101 steps (41%) done
[Thu Jan 20 19:30:20 2022]
Finished job 89.
42 of 101 steps (42%) done
[Thu Jan 20 19:30:21 2022]
Finished job 18.
43 of 101 steps (43%) done
[Thu Jan 20 19:30:22 2022]
Finished job 82.
44 of 101 steps (44%) done
[Thu Jan 20 19:30:24 2022]
Finished job 34.
45 of 101 steps (45%) done
[Thu Jan 20 19:30:25 2022]
Finished job 54.
46 of 101 steps (46%) done
[Thu Jan 20 19:30:25 2022]
Finished job 55.
47 of 101 steps (47%) done
[Thu Jan 20 19:30:35 2022]
Finished job 14.
48 of 101 steps (48%) done
[Thu Jan 20 19:30:35 2022]
Finished job 1.
49 of 101 steps (49%) done
[Thu Jan 20 19:30:39 2022]
Finished job 36.
50 of 101 steps (50%) done
[Thu Jan 20 19:31:05 2022]
Finished job 2.
51 of 101 steps (50%) done
[Thu Jan 20 19:31:21 2022]
Finished job 4.
52 of 101 steps (51%) done
[Thu Jan 20 19:31:21 2022]
Finished job 94.
53 of 101 steps (52%) done
[Thu Jan 20 19:31:21 2022]
Finished job 6.
54 of 101 steps (53%) done
[Thu Jan 20 19:31:35 2022]
Finished job 21.
55 of 101 steps (54%) done
[Thu Jan 20 19:31:36 2022]
Finished job 87.
56 of 101 steps (55%) done
[Thu Jan 20 19:31:36 2022]
Finished job 28.
57 of 101 steps (56%) done
[Thu Jan 20 19:31:37 2022]
Finished job 62.
58 of 101 steps (57%) done
[Thu Jan 20 19:31:38 2022]
Finished job 71.
59 of 101 steps (58%) done
[Thu Jan 20 19:31:48 2022]
Finished job 90.
60 of 101 steps (59%) done
[Thu Jan 20 19:31:49 2022]
Finished job 95.
61 of 101 steps (60%) done
[Thu Jan 20 19:31:50 2022]
Finished job 30.
62 of 101 steps (61%) done
[Thu Jan 20 19:32:03 2022]
Finished job 12.
63 of 101 steps (62%) done
[Thu Jan 20 19:32:17 2022]
Finished job 60.
64 of 101 steps (63%) done
[Thu Jan 20 19:32:31 2022]
Finished job 72.
65 of 101 steps (64%) done
[Thu Jan 20 19:32:43 2022]
Finished job 33.
66 of 101 steps (65%) done
[Thu Jan 20 19:32:44 2022]
Finished job 40.
67 of 101 steps (66%) done
[Thu Jan 20 19:33:08 2022]
Finished job 22.
68 of 101 steps (67%) done
[Thu Jan 20 19:33:09 2022]
Finished job 44.
69 of 101 steps (68%) done
[Thu Jan 20 19:33:09 2022]
Finished job 37.
70 of 101 steps (69%) done
[Thu Jan 20 19:33:21 2022]
Finished job 81.
71 of 101 steps (70%) done
[Thu Jan 20 19:34:09 2022]
Finished job 74.
72 of 101 steps (71%) done
[Thu Jan 20 19:34:10 2022]
Finished job 24.
73 of 101 steps (72%) done
[Thu Jan 20 19:34:23 2022]
Finished job 65.
74 of 101 steps (73%) done
[Thu Jan 20 19:34:35 2022]
Finished job 45.
75 of 101 steps (74%) done
[Thu Jan 20 19:34:47 2022]
Finished job 10.
76 of 101 steps (75%) done
[Thu Jan 20 19:35:59 2022]
Finished job 31.
77 of 101 steps (76%) done
[Thu Jan 20 19:36:10 2022]
Finished job 77.
78 of 101 steps (77%) done
[Thu Jan 20 19:36:10 2022]
Finished job 93.
79 of 101 steps (78%) done
[Thu Jan 20 19:37:10 2022]
Finished job 15.
80 of 101 steps (79%) done
[Thu Jan 20 19:37:34 2022]
Finished job 16.
81 of 101 steps (80%) done
[Thu Jan 20 19:38:09 2022]
Finished job 66.
82 of 101 steps (81%) done
[Thu Jan 20 19:38:19 2022]
Finished job 85.
83 of 101 steps (82%) done
[Thu Jan 20 19:38:30 2022]
Finished job 43.
84 of 101 steps (83%) done
[Thu Jan 20 19:38:52 2022]
Finished job 92.
85 of 101 steps (84%) done
[Thu Jan 20 19:39:14 2022]
Finished job 27.
86 of 101 steps (85%) done
[Thu Jan 20 19:40:32 2022]
Finished job 35.
87 of 101 steps (86%) done
[Thu Jan 20 19:42:00 2022]
Finished job 42.
88 of 101 steps (87%) done
[Thu Jan 20 19:42:32 2022]
Finished job 63.
89 of 101 steps (88%) done
[Thu Jan 20 19:43:16 2022]
Finished job 13.
90 of 101 steps (89%) done
[Thu Jan 20 19:44:33 2022]
Finished job 97.
91 of 101 steps (90%) done
[Thu Jan 20 19:47:35 2022]
Finished job 79.
92 of 101 steps (91%) done
[Thu Jan 20 19:47:45 2022]
Finished job 47.
93 of 101 steps (92%) done
[Thu Jan 20 19:51:55 2022]
Finished job 29.
94 of 101 steps (93%) done
[Thu Jan 20 20:12:16 2022]
Finished job 96.
95 of 101 steps (94%) done
[Thu Jan 20 20:16:16 2022]
Finished job 46.
96 of 101 steps (95%) done
[Thu Jan 20 20:17:56 2022]
Finished job 91.
97 of 101 steps (96%) done
[Thu Jan 20 20:20:37 2022]
Finished job 41.
98 of 101 steps (97%) done
[Thu Jan 20 20:26:17 2022]
Finished job 3.
99 of 101 steps (98%) done
[Thu Jan 20 20:30:47 2022]
Finished job 53.
100 of 101 steps (99%) done

[Thu Jan 20 20:30:47 2022]
localrule main:
    input: output/gvcf/1102781231.1.g.vcf.gz, output/gvcf/1102781231.2.g.vcf.gz, output/gvcf/1102781231.3.g.vcf.gz, output/gvcf/1102781231.4.g.vcf.gz, output/gvcf/1102781231.5.g.vcf.gz, output/gvcf/1102781231.6.g.vcf.gz, output/gvcf/1102781231.7.g.vcf.gz, output/gvcf/1102781231.8.g.vcf.gz, output/gvcf/1102781231.9.g.vcf.gz, output/gvcf/1102781231.10.g.vcf.gz, output/gvcf/1102781231.11.g.vcf.gz, output/gvcf/1102781231.12.g.vcf.gz, output/gvcf/1102781231.13.g.vcf.gz, output/gvcf/1102781231.14.g.vcf.gz, output/gvcf/1102781231.15.g.vcf.gz, output/gvcf/1102781231.16.g.vcf.gz, output/gvcf/1102781231.17.g.vcf.gz, output/gvcf/1102781231.18.g.vcf.gz, output/gvcf/1102781231.19.g.vcf.gz, output/gvcf/1102781231.20.g.vcf.gz, output/gvcf/1102781231.21.g.vcf.gz, output/gvcf/1102781231.22.g.vcf.gz, output/gvcf/1102781231.23.g.vcf.gz, output/gvcf/1102781231.24.g.vcf.gz, output/gvcf/1102781231.25.g.vcf.gz, output/gvcf/1102781231.26.g.vcf.gz, output/gvcf/1102781231.27.g.vcf.gz, output/gvcf/1102781231.28.g.vcf.gz, output/gvcf/1102781231.29.g.vcf.gz, output/gvcf/1102781231.30.g.vcf.gz, output/gvcf/1102781231.31.g.vcf.gz, output/gvcf/1102781231.32.g.vcf.gz, output/gvcf/1102781231.33.g.vcf.gz, output/gvcf/1102781231.34.g.vcf.gz, output/gvcf/1102781231.35.g.vcf.gz, output/gvcf/1102781231.36.g.vcf.gz, output/gvcf/1102781231.37.g.vcf.gz, output/gvcf/1102781231.38.g.vcf.gz, output/gvcf/1102781231.39.g.vcf.gz, output/gvcf/1102781231.40.g.vcf.gz, output/gvcf/1102781231.41.g.vcf.gz, output/gvcf/1102781231.42.g.vcf.gz, output/gvcf/1102781231.43.g.vcf.gz, output/gvcf/1102781231.44.g.vcf.gz, output/gvcf/1102781231.45.g.vcf.gz, output/gvcf/1102781231.46.g.vcf.gz, output/gvcf/1102781231.47.g.vcf.gz, output/gvcf/1102781231.48.g.vcf.gz, output/gvcf/1102781231.49.g.vcf.gz, output/gvcf/1102781231.50.g.vcf.gz, output/gvcf/1102781231.1.g.vcf.gz, output/gvcf/1102781231.2.g.vcf.gz, output/gvcf/1102781231.3.g.vcf.gz, output/gvcf/1102781231.4.g.vcf.gz, output/gvcf/1102781231.5.g.vcf.gz, output/gvcf/1102781231.6.g.vcf.gz, output/gvcf/1102781231.7.g.vcf.gz, output/gvcf/1102781231.8.g.vcf.gz, output/gvcf/1102781231.9.g.vcf.gz, output/gvcf/1102781231.10.g.vcf.gz, output/gvcf/1102781231.11.g.vcf.gz, output/gvcf/1102781231.12.g.vcf.gz, output/gvcf/1102781231.13.g.vcf.gz, output/gvcf/1102781231.14.g.vcf.gz, output/gvcf/1102781231.15.g.vcf.gz, output/gvcf/1102781231.16.g.vcf.gz, output/gvcf/1102781231.17.g.vcf.gz, output/gvcf/1102781231.18.g.vcf.gz, output/gvcf/1102781231.19.g.vcf.gz, output/gvcf/1102781231.20.g.vcf.gz, output/gvcf/1102781231.21.g.vcf.gz, output/gvcf/1102781231.22.g.vcf.gz, output/gvcf/1102781231.23.g.vcf.gz, output/gvcf/1102781231.24.g.vcf.gz, output/gvcf/1102781231.25.g.vcf.gz, output/gvcf/1102781231.26.g.vcf.gz, output/gvcf/1102781231.27.g.vcf.gz, output/gvcf/1102781231.28.g.vcf.gz, output/gvcf/1102781231.29.g.vcf.gz, output/gvcf/1102781231.30.g.vcf.gz, output/gvcf/1102781231.31.g.vcf.gz, output/gvcf/1102781231.32.g.vcf.gz, output/gvcf/1102781231.33.g.vcf.gz, output/gvcf/1102781231.34.g.vcf.gz, output/gvcf/1102781231.35.g.vcf.gz, output/gvcf/1102781231.36.g.vcf.gz, output/gvcf/1102781231.37.g.vcf.gz, output/gvcf/1102781231.38.g.vcf.gz, output/gvcf/1102781231.39.g.vcf.gz, output/gvcf/1102781231.40.g.vcf.gz, output/gvcf/1102781231.41.g.vcf.gz, output/gvcf/1102781231.42.g.vcf.gz, output/gvcf/1102781231.43.g.vcf.gz, output/gvcf/1102781231.44.g.vcf.gz, output/gvcf/1102781231.45.g.vcf.gz, output/gvcf/1102781231.46.g.vcf.gz, output/gvcf/1102781231.47.g.vcf.gz, output/gvcf/1102781231.48.g.vcf.gz, output/gvcf/1102781231.49.g.vcf.gz, output/gvcf/1102781231.50.g.vcf.gz, output/gvcf/1102781231.1.g.vcf.gz, output/gvcf/1102781231.2.g.vcf.gz, output/gvcf/1102781231.3.g.vcf.gz, output/gvcf/1102781231.4.g.vcf.gz, output/gvcf/1102781231.5.g.vcf.gz, output/gvcf/1102781231.6.g.vcf.gz, output/gvcf/1102781231.7.g.vcf.gz, output/gvcf/1102781231.8.g.vcf.gz, output/gvcf/1102781231.9.g.vcf.gz, output/gvcf/1102781231.10.g.vcf.gz, output/gvcf/1102781231.11.g.vcf.gz, output/gvcf/1102781231.12.g.vcf.gz, output/gvcf/1102781231.13.g.vcf.gz, output/gvcf/1102781231.14.g.vcf.gz, output/gvcf/1102781231.15.g.vcf.gz, output/gvcf/1102781231.16.g.vcf.gz, output/gvcf/1102781231.17.g.vcf.gz, output/gvcf/1102781231.18.g.vcf.gz, output/gvcf/1102781231.19.g.vcf.gz, output/gvcf/1102781231.20.g.vcf.gz, output/gvcf/1102781231.21.g.vcf.gz, output/gvcf/1102781231.22.g.vcf.gz, output/gvcf/1102781231.23.g.vcf.gz, output/gvcf/1102781231.24.g.vcf.gz, output/gvcf/1102781231.25.g.vcf.gz, output/gvcf/1102781231.26.g.vcf.gz, output/gvcf/1102781231.27.g.vcf.gz, output/gvcf/1102781231.28.g.vcf.gz, output/gvcf/1102781231.29.g.vcf.gz, output/gvcf/1102781231.30.g.vcf.gz, output/gvcf/1102781231.31.g.vcf.gz, output/gvcf/1102781231.32.g.vcf.gz, output/gvcf/1102781231.33.g.vcf.gz, output/gvcf/1102781231.34.g.vcf.gz, output/gvcf/1102781231.35.g.vcf.gz, output/gvcf/1102781231.36.g.vcf.gz, output/gvcf/1102781231.37.g.vcf.gz, output/gvcf/1102781231.38.g.vcf.gz, output/gvcf/1102781231.39.g.vcf.gz, output/gvcf/1102781231.40.g.vcf.gz, output/gvcf/1102781231.41.g.vcf.gz, output/gvcf/1102781231.42.g.vcf.gz, output/gvcf/1102781231.43.g.vcf.gz, output/gvcf/1102781231.44.g.vcf.gz, output/gvcf/1102781231.45.g.vcf.gz, output/gvcf/1102781231.46.g.vcf.gz, output/gvcf/1102781231.47.g.vcf.gz, output/gvcf/1102781231.48.g.vcf.gz, output/gvcf/1102781231.49.g.vcf.gz, output/gvcf/1102781231.50.g.vcf.gz, output/gvcf/1102781231.1.g.vcf.gz, output/gvcf/1102781231.2.g.vcf.gz, output/gvcf/1102781231.3.g.vcf.gz, output/gvcf/1102781231.4.g.vcf.gz, output/gvcf/1102781231.5.g.vcf.gz, output/gvcf/1102781231.6.g.vcf.gz, output/gvcf/1102781231.7.g.vcf.gz, output/gvcf/1102781231.8.g.vcf.gz, output/gvcf/1102781231.9.g.vcf.gz, output/gvcf/1102781231.10.g.vcf.gz, output/gvcf/1102781231.11.g.vcf.gz, output/gvcf/1102781231.12.g.vcf.gz, output/gvcf/1102781231.13.g.vcf.gz, output/gvcf/1102781231.14.g.vcf.gz, output/gvcf/1102781231.15.g.vcf.gz, output/gvcf/1102781231.16.g.vcf.gz, output/gvcf/1102781231.17.g.vcf.gz, output/gvcf/1102781231.18.g.vcf.gz, output/gvcf/1102781231.19.g.vcf.gz, output/gvcf/1102781231.20.g.vcf.gz, output/gvcf/1102781231.21.g.vcf.gz, output/gvcf/1102781231.22.g.vcf.gz, output/gvcf/1102781231.23.g.vcf.gz, output/gvcf/1102781231.24.g.vcf.gz, output/gvcf/1102781231.25.g.vcf.gz, output/gvcf/1102781231.26.g.vcf.gz, output/gvcf/1102781231.27.g.vcf.gz, output/gvcf/1102781231.28.g.vcf.gz, output/gvcf/1102781231.29.g.vcf.gz, output/gvcf/1102781231.30.g.vcf.gz, output/gvcf/1102781231.31.g.vcf.gz, output/gvcf/1102781231.32.g.vcf.gz, output/gvcf/1102781231.33.g.vcf.gz, output/gvcf/1102781231.34.g.vcf.gz, output/gvcf/1102781231.35.g.vcf.gz, output/gvcf/1102781231.36.g.vcf.gz, output/gvcf/1102781231.37.g.vcf.gz, output/gvcf/1102781231.38.g.vcf.gz, output/gvcf/1102781231.39.g.vcf.gz, output/gvcf/1102781231.40.g.vcf.gz, output/gvcf/1102781231.41.g.vcf.gz, output/gvcf/1102781231.42.g.vcf.gz, output/gvcf/1102781231.43.g.vcf.gz, output/gvcf/1102781231.44.g.vcf.gz, output/gvcf/1102781231.45.g.vcf.gz, output/gvcf/1102781231.46.g.vcf.gz, output/gvcf/1102781231.47.g.vcf.gz, output/gvcf/1102781231.48.g.vcf.gz, output/gvcf/1102781231.49.g.vcf.gz, output/gvcf/1102781231.50.g.vcf.gz, output/gvcf/1102781231.1.g.vcf.gz, output/gvcf/1102781231.2.g.vcf.gz, output/gvcf/1102781231.3.g.vcf.gz, output/gvcf/1102781231.4.g.vcf.gz, output/gvcf/1102781231.5.g.vcf.gz, output/gvcf/1102781231.6.g.vcf.gz, output/gvcf/1102781231.7.g.vcf.gz, output/gvcf/1102781231.8.g.vcf.gz, output/gvcf/1102781231.9.g.vcf.gz, output/gvcf/1102781231.10.g.vcf.gz, output/gvcf/1102781231.11.g.vcf.gz, output/gvcf/1102781231.12.g.vcf.gz, output/gvcf/1102781231.13.g.vcf.gz, output/gvcf/1102781231.14.g.vcf.gz, output/gvcf/1102781231.15.g.vcf.gz, output/gvcf/1102781231.16.g.vcf.gz, output/gvcf/1102781231.17.g.vcf.gz, output/gvcf/1102781231.18.g.vcf.gz, output/gvcf/1102781231.19.g.vcf.gz, output/gvcf/1102781231.20.g.vcf.gz, output/gvcf/1102781231.21.g.vcf.gz, output/gvcf/1102781231.22.g.vcf.gz, output/gvcf/1102781231.23.g.vcf.gz, output/gvcf/1102781231.24.g.vcf.gz, output/gvcf/1102781231.25.g.vcf.gz, output/gvcf/1102781231.26.g.vcf.gz, output/gvcf/1102781231.27.g.vcf.gz, output/gvcf/1102781231.28.g.vcf.gz, output/gvcf/1102781231.29.g.vcf.gz, output/gvcf/1102781231.30.g.vcf.gz, output/gvcf/1102781231.31.g.vcf.gz, output/gvcf/1102781231.32.g.vcf.gz, output/gvcf/1102781231.33.g.vcf.gz, output/gvcf/1102781231.34.g.vcf.gz, output/gvcf/1102781231.35.g.vcf.gz, output/gvcf/1102781231.36.g.vcf.gz, output/gvcf/1102781231.37.g.vcf.gz, output/gvcf/1102781231.38.g.vcf.gz, output/gvcf/1102781231.39.g.vcf.gz, output/gvcf/1102781231.40.g.vcf.gz, output/gvcf/1102781231.41.g.vcf.gz, output/gvcf/1102781231.42.g.vcf.gz, output/gvcf/1102781231.43.g.vcf.gz, output/gvcf/1102781231.44.g.vcf.gz, output/gvcf/1102781231.45.g.vcf.gz, output/gvcf/1102781231.46.g.vcf.gz, output/gvcf/1102781231.47.g.vcf.gz, output/gvcf/1102781231.48.g.vcf.gz, output/gvcf/1102781231.49.g.vcf.gz, output/gvcf/1102781231.50.g.vcf.gz, output/gvcf/1102777134.1.g.vcf.gz, output/gvcf/1102777134.2.g.vcf.gz, output/gvcf/1102777134.3.g.vcf.gz, output/gvcf/1102777134.4.g.vcf.gz, output/gvcf/1102777134.5.g.vcf.gz, output/gvcf/1102777134.6.g.vcf.gz, output/gvcf/1102777134.7.g.vcf.gz, output/gvcf/1102777134.8.g.vcf.gz, output/gvcf/1102777134.9.g.vcf.gz, output/gvcf/1102777134.10.g.vcf.gz, output/gvcf/1102777134.11.g.vcf.gz, output/gvcf/1102777134.12.g.vcf.gz, output/gvcf/1102777134.13.g.vcf.gz, output/gvcf/1102777134.14.g.vcf.gz, output/gvcf/1102777134.15.g.vcf.gz, output/gvcf/1102777134.16.g.vcf.gz, output/gvcf/1102777134.17.g.vcf.gz, output/gvcf/1102777134.18.g.vcf.gz, output/gvcf/1102777134.19.g.vcf.gz, output/gvcf/1102777134.20.g.vcf.gz, output/gvcf/1102777134.21.g.vcf.gz, output/gvcf/1102777134.22.g.vcf.gz, output/gvcf/1102777134.23.g.vcf.gz, output/gvcf/1102777134.24.g.vcf.gz, output/gvcf/1102777134.25.g.vcf.gz, output/gvcf/1102777134.26.g.vcf.gz, output/gvcf/1102777134.27.g.vcf.gz, output/gvcf/1102777134.28.g.vcf.gz, output/gvcf/1102777134.29.g.vcf.gz, output/gvcf/1102777134.30.g.vcf.gz, output/gvcf/1102777134.31.g.vcf.gz, output/gvcf/1102777134.32.g.vcf.gz, output/gvcf/1102777134.33.g.vcf.gz, output/gvcf/1102777134.34.g.vcf.gz, output/gvcf/1102777134.35.g.vcf.gz, output/gvcf/1102777134.36.g.vcf.gz, output/gvcf/1102777134.37.g.vcf.gz, output/gvcf/1102777134.38.g.vcf.gz, output/gvcf/1102777134.39.g.vcf.gz, output/gvcf/1102777134.40.g.vcf.gz, output/gvcf/1102777134.41.g.vcf.gz, output/gvcf/1102777134.42.g.vcf.gz, output/gvcf/1102777134.43.g.vcf.gz, output/gvcf/1102777134.44.g.vcf.gz, output/gvcf/1102777134.45.g.vcf.gz, output/gvcf/1102777134.46.g.vcf.gz, output/gvcf/1102777134.47.g.vcf.gz, output/gvcf/1102777134.48.g.vcf.gz, output/gvcf/1102777134.49.g.vcf.gz, output/gvcf/1102777134.50.g.vcf.gz, output/gvcf/1102777134.1.g.vcf.gz, output/gvcf/1102777134.2.g.vcf.gz, output/gvcf/1102777134.3.g.vcf.gz, output/gvcf/1102777134.4.g.vcf.gz, output/gvcf/1102777134.5.g.vcf.gz, output/gvcf/1102777134.6.g.vcf.gz, output/gvcf/1102777134.7.g.vcf.gz, output/gvcf/1102777134.8.g.vcf.gz, output/gvcf/1102777134.9.g.vcf.gz, output/gvcf/1102777134.10.g.vcf.gz, output/gvcf/1102777134.11.g.vcf.gz, output/gvcf/1102777134.12.g.vcf.gz, output/gvcf/1102777134.13.g.vcf.gz, output/gvcf/1102777134.14.g.vcf.gz, output/gvcf/1102777134.15.g.vcf.gz, output/gvcf/1102777134.16.g.vcf.gz, output/gvcf/1102777134.17.g.vcf.gz, output/gvcf/1102777134.18.g.vcf.gz, output/gvcf/1102777134.19.g.vcf.gz, output/gvcf/1102777134.20.g.vcf.gz, output/gvcf/1102777134.21.g.vcf.gz, output/gvcf/1102777134.22.g.vcf.gz, output/gvcf/1102777134.23.g.vcf.gz, output/gvcf/1102777134.24.g.vcf.gz, output/gvcf/1102777134.25.g.vcf.gz, output/gvcf/1102777134.26.g.vcf.gz, output/gvcf/1102777134.27.g.vcf.gz, output/gvcf/1102777134.28.g.vcf.gz, output/gvcf/1102777134.29.g.vcf.gz, output/gvcf/1102777134.30.g.vcf.gz, output/gvcf/1102777134.31.g.vcf.gz, output/gvcf/1102777134.32.g.vcf.gz, output/gvcf/1102777134.33.g.vcf.gz, output/gvcf/1102777134.34.g.vcf.gz, output/gvcf/1102777134.35.g.vcf.gz, output/gvcf/1102777134.36.g.vcf.gz, output/gvcf/1102777134.37.g.vcf.gz, output/gvcf/1102777134.38.g.vcf.gz, output/gvcf/1102777134.39.g.vcf.gz, output/gvcf/1102777134.40.g.vcf.gz, output/gvcf/1102777134.41.g.vcf.gz, output/gvcf/1102777134.42.g.vcf.gz, output/gvcf/1102777134.43.g.vcf.gz, output/gvcf/1102777134.44.g.vcf.gz, output/gvcf/1102777134.45.g.vcf.gz, output/gvcf/1102777134.46.g.vcf.gz, output/gvcf/1102777134.47.g.vcf.gz, output/gvcf/1102777134.48.g.vcf.gz, output/gvcf/1102777134.49.g.vcf.gz, output/gvcf/1102777134.50.g.vcf.gz, output/gvcf/1102777134.1.g.vcf.gz, output/gvcf/1102777134.2.g.vcf.gz, output/gvcf/1102777134.3.g.vcf.gz, output/gvcf/1102777134.4.g.vcf.gz, output/gvcf/1102777134.5.g.vcf.gz, output/gvcf/1102777134.6.g.vcf.gz, output/gvcf/1102777134.7.g.vcf.gz, output/gvcf/1102777134.8.g.vcf.gz, output/gvcf/1102777134.9.g.vcf.gz, output/gvcf/1102777134.10.g.vcf.gz, output/gvcf/1102777134.11.g.vcf.gz, output/gvcf/1102777134.12.g.vcf.gz, output/gvcf/1102777134.13.g.vcf.gz, output/gvcf/1102777134.14.g.vcf.gz, output/gvcf/1102777134.15.g.vcf.gz, output/gvcf/1102777134.16.g.vcf.gz, output/gvcf/1102777134.17.g.vcf.gz, output/gvcf/1102777134.18.g.vcf.gz, output/gvcf/1102777134.19.g.vcf.gz, output/gvcf/1102777134.20.g.vcf.gz, output/gvcf/1102777134.21.g.vcf.gz, output/gvcf/1102777134.22.g.vcf.gz, output/gvcf/1102777134.23.g.vcf.gz, output/gvcf/1102777134.24.g.vcf.gz, output/gvcf/1102777134.25.g.vcf.gz, output/gvcf/1102777134.26.g.vcf.gz, output/gvcf/1102777134.27.g.vcf.gz, output/gvcf/1102777134.28.g.vcf.gz, output/gvcf/1102777134.29.g.vcf.gz, output/gvcf/1102777134.30.g.vcf.gz, output/gvcf/1102777134.31.g.vcf.gz, output/gvcf/1102777134.32.g.vcf.gz, output/gvcf/1102777134.33.g.vcf.gz, output/gvcf/1102777134.34.g.vcf.gz, output/gvcf/1102777134.35.g.vcf.gz, output/gvcf/1102777134.36.g.vcf.gz, output/gvcf/1102777134.37.g.vcf.gz, output/gvcf/1102777134.38.g.vcf.gz, output/gvcf/1102777134.39.g.vcf.gz, output/gvcf/1102777134.40.g.vcf.gz, output/gvcf/1102777134.41.g.vcf.gz, output/gvcf/1102777134.42.g.vcf.gz, output/gvcf/1102777134.43.g.vcf.gz, output/gvcf/1102777134.44.g.vcf.gz, output/gvcf/1102777134.45.g.vcf.gz, output/gvcf/1102777134.46.g.vcf.gz, output/gvcf/1102777134.47.g.vcf.gz, output/gvcf/1102777134.48.g.vcf.gz, output/gvcf/1102777134.49.g.vcf.gz, output/gvcf/1102777134.50.g.vcf.gz, output/gvcf/1102777134.1.g.vcf.gz, output/gvcf/1102777134.2.g.vcf.gz, output/gvcf/1102777134.3.g.vcf.gz, output/gvcf/1102777134.4.g.vcf.gz, output/gvcf/1102777134.5.g.vcf.gz, output/gvcf/1102777134.6.g.vcf.gz, output/gvcf/1102777134.7.g.vcf.gz, output/gvcf/1102777134.8.g.vcf.gz, output/gvcf/1102777134.9.g.vcf.gz, output/gvcf/1102777134.10.g.vcf.gz, output/gvcf/1102777134.11.g.vcf.gz, output/gvcf/1102777134.12.g.vcf.gz, output/gvcf/1102777134.13.g.vcf.gz, output/gvcf/1102777134.14.g.vcf.gz, output/gvcf/1102777134.15.g.vcf.gz, output/gvcf/1102777134.16.g.vcf.gz, output/gvcf/1102777134.17.g.vcf.gz, output/gvcf/1102777134.18.g.vcf.gz, output/gvcf/1102777134.19.g.vcf.gz, output/gvcf/1102777134.20.g.vcf.gz, output/gvcf/1102777134.21.g.vcf.gz, output/gvcf/1102777134.22.g.vcf.gz, output/gvcf/1102777134.23.g.vcf.gz, output/gvcf/1102777134.24.g.vcf.gz, output/gvcf/1102777134.25.g.vcf.gz, output/gvcf/1102777134.26.g.vcf.gz, output/gvcf/1102777134.27.g.vcf.gz, output/gvcf/1102777134.28.g.vcf.gz, output/gvcf/1102777134.29.g.vcf.gz, output/gvcf/1102777134.30.g.vcf.gz, output/gvcf/1102777134.31.g.vcf.gz, output/gvcf/1102777134.32.g.vcf.gz, output/gvcf/1102777134.33.g.vcf.gz, output/gvcf/1102777134.34.g.vcf.gz, output/gvcf/1102777134.35.g.vcf.gz, output/gvcf/1102777134.36.g.vcf.gz, output/gvcf/1102777134.37.g.vcf.gz, output/gvcf/1102777134.38.g.vcf.gz, output/gvcf/1102777134.39.g.vcf.gz, output/gvcf/1102777134.40.g.vcf.gz, output/gvcf/1102777134.41.g.vcf.gz, output/gvcf/1102777134.42.g.vcf.gz, output/gvcf/1102777134.43.g.vcf.gz, output/gvcf/1102777134.44.g.vcf.gz, output/gvcf/1102777134.45.g.vcf.gz, output/gvcf/1102777134.46.g.vcf.gz, output/gvcf/1102777134.47.g.vcf.gz, output/gvcf/1102777134.48.g.vcf.gz, output/gvcf/1102777134.49.g.vcf.gz, output/gvcf/1102777134.50.g.vcf.gz, output/gvcf/1102777134.1.g.vcf.gz, output/gvcf/1102777134.2.g.vcf.gz, output/gvcf/1102777134.3.g.vcf.gz, output/gvcf/1102777134.4.g.vcf.gz, output/gvcf/1102777134.5.g.vcf.gz, output/gvcf/1102777134.6.g.vcf.gz, output/gvcf/1102777134.7.g.vcf.gz, output/gvcf/1102777134.8.g.vcf.gz, output/gvcf/1102777134.9.g.vcf.gz, output/gvcf/1102777134.10.g.vcf.gz, output/gvcf/1102777134.11.g.vcf.gz, output/gvcf/1102777134.12.g.vcf.gz, output/gvcf/1102777134.13.g.vcf.gz, output/gvcf/1102777134.14.g.vcf.gz, output/gvcf/1102777134.15.g.vcf.gz, output/gvcf/1102777134.16.g.vcf.gz, output/gvcf/1102777134.17.g.vcf.gz, output/gvcf/1102777134.18.g.vcf.gz, output/gvcf/1102777134.19.g.vcf.gz, output/gvcf/1102777134.20.g.vcf.gz, output/gvcf/1102777134.21.g.vcf.gz, output/gvcf/1102777134.22.g.vcf.gz, output/gvcf/1102777134.23.g.vcf.gz, output/gvcf/1102777134.24.g.vcf.gz, output/gvcf/1102777134.25.g.vcf.gz, output/gvcf/1102777134.26.g.vcf.gz, output/gvcf/1102777134.27.g.vcf.gz, output/gvcf/1102777134.28.g.vcf.gz, output/gvcf/1102777134.29.g.vcf.gz, output/gvcf/1102777134.30.g.vcf.gz, output/gvcf/1102777134.31.g.vcf.gz, output/gvcf/1102777134.32.g.vcf.gz, output/gvcf/1102777134.33.g.vcf.gz, output/gvcf/1102777134.34.g.vcf.gz, output/gvcf/1102777134.35.g.vcf.gz, output/gvcf/1102777134.36.g.vcf.gz, output/gvcf/1102777134.37.g.vcf.gz, output/gvcf/1102777134.38.g.vcf.gz, output/gvcf/1102777134.39.g.vcf.gz, output/gvcf/1102777134.40.g.vcf.gz, output/gvcf/1102777134.41.g.vcf.gz, output/gvcf/1102777134.42.g.vcf.gz, output/gvcf/1102777134.43.g.vcf.gz, output/gvcf/1102777134.44.g.vcf.gz, output/gvcf/1102777134.45.g.vcf.gz, output/gvcf/1102777134.46.g.vcf.gz, output/gvcf/1102777134.47.g.vcf.gz, output/gvcf/1102777134.48.g.vcf.gz, output/gvcf/1102777134.49.g.vcf.gz, output/gvcf/1102777134.50.g.vcf.gz
    jobid: 0

[Thu Jan 20 20:30:47 2022]
Finished job 0.
101 of 101 steps (100%) done
Complete log: /sc/arion/projects/MMAAAS/ngs_res/aaa_pilot_20201113/gatk20220113/.snakemake/log/2022-01-20T190506.591012.snakemake.log
