The flag 'directory' used in rule mark_duplicates is only valid for outputs, not inputs.
Building DAG of jobs...
Using shell: /usr/bin/bash
Provided cores: 1 (use --cores to define parallelism)
Rules claiming more threads will be scaled down.
Job counts:
	count	jobs
	2	check_contamination
	2	crosscheck_fingerprints
	1	main
	2	mark_duplicates
	2	sort_bam
	9

[Mon Jan 17 13:18:05 2022]
rule mark_duplicates:
    input: output/aligned_bam/1102777134/
    output: output/duplicates_marked/1102777134.aligned.unsorted.duplicates_marked.bam, output/duplicates_marked/1102777134.aligned.unsorted.duplicates_marked.duplicate_metrics
    jobid: 2
    wildcards: sample=1102777134

[Mon Jan 17 16:03:38 2022]
Finished job 2.
1 of 9 steps (11%) done

[Mon Jan 17 16:03:38 2022]
rule sort_bam:
    input: output/duplicates_marked/1102777134.aligned.unsorted.duplicates_marked.bam
    output: output/sorted_bam/1102777134/1102777134.aligned.duplicates_marked.sorted.bam
    jobid: 4
    wildcards: sample=1102777134

Terminating processes on user request, this might take some time.
[Mon Jan 17 16:17:05 2022]
Error in rule sort_bam:
    jobid: 4
    output: output/sorted_bam/1102777134/1102777134.aligned.duplicates_marked.sorted.bam
    shell:
        
	module load R/3.5.3 java/1.8.0_211 python/3.7.3 picard/2.22.3

        java -Dsamjdk.compression_level=2 -Xms4000m -jar $PICARD           SortSam           INPUT=output/duplicates_marked/1102777134.aligned.unsorted.duplicates_marked.bam           OUTPUT=output/sorted_bam/1102777134/1102777134.aligned.duplicates_marked.sorted.bam           SORT_ORDER="coordinate"           CREATE_INDEX=true           CREATE_MD5_FILE=true           MAX_RECORDS_IN_RAM=300000
        
        (one of the commands exited with non-zero exit code; note that snakemake uses bash strict mode!)

Removing output files of failed job sort_bam since they might be corrupted:
output/sorted_bam/1102777134/1102777134.aligned.duplicates_marked.sorted.bam
Complete log: /sc/arion/projects/MMAAAS/ngs_res/aaa_pilot_20201113/gatk20220113/.snakemake/log/2022-01-17T131805.131552.snakemake.log
