The flag 'directory' used in rule mark_duplicates is only valid for outputs, not inputs.
Building DAG of jobs...
Using shell: /usr/bin/bash
Provided cluster nodes: 300
Job counts:
	count	jobs
	2	check_contamination
	2	crosscheck_fingerprints
	1	main
	1	mark_duplicates
	2	sort_bam
	8

[Mon Jan 17 16:19:12 2022]
rule mark_duplicates:
    input: output/aligned_bam/1102781231/
    output: output/duplicates_marked/1102781231.aligned.unsorted.duplicates_marked.bam, output/duplicates_marked/1102781231.aligned.unsorted.duplicates_marked.duplicate_metrics
    jobid: 1
    wildcards: sample=1102781231


[Mon Jan 17 16:19:12 2022]
rule sort_bam:
    input: output/duplicates_marked/1102777134.aligned.unsorted.duplicates_marked.bam
    output: output/sorted_bam/1102777134/1102777134.aligned.duplicates_marked.sorted.bam
    jobid: 4
    wildcards: sample=1102777134

[Mon Jan 17 16:33:23 2022]
Error in rule sort_bam:
    jobid: 4
    output: output/sorted_bam/1102777134/1102777134.aligned.duplicates_marked.sorted.bam
    shell:
        
	module load R/3.5.3 java/1.8.0_211 python/3.7.3 picard/2.22.3

        java -Dsamjdk.compression_level=2 -Xms4000m -jar $PICARD           SortSam           INPUT=output/duplicates_marked/1102777134.aligned.unsorted.duplicates_marked.bam           OUTPUT=output/sorted_bam/1102777134/1102777134.aligned.duplicates_marked.sorted.bam           SORT_ORDER="coordinate"           CREATE_INDEX=true           CREATE_MD5_FILE=true           MAX_RECORDS_IN_RAM=300000
        
        (one of the commands exited with non-zero exit code; note that snakemake uses bash strict mode!)

Error executing rule sort_bam on cluster (jobid: 4, external: 116952, jobscript: /sc/arion/projects/MMAAAS/ngs_res/aaa_pilot_20201113/gatk20220113/.snakemake/tmp.47t63vr6/snakejob.sort_bam.4.sh). For error details see the cluster log and the log files of the involved rule(s).
[Mon Jan 17 18:17:50 2022]
Finished job 1.
1 of 8 steps (12%) done
Shutting down, this might take some time.
Exiting because a job execution failed. Look above for error message
Complete log: /sc/arion/projects/MMAAAS/ngs_res/aaa_pilot_20201113/gatk20220113/.snakemake/log/2022-01-17T161912.851707.snakemake.log
